2026-04-14 22:00:39,588 | INFO | ======================================================================
2026-04-14 22:00:39,589 | INFO | Phase 3.4: final training (frozen) | N_AUG=1 | features=('raw', 'alr', 'pwlr')
2026-04-14 22:00:42,033 | INFO | [FROZEN] opx_liq s=42 raw RF T_C rmse=89.53 r2=0.583 (2s)
2026-04-14 22:00:45,574 | INFO | [FROZEN] opx_liq s=42 raw RF P_kbar rmse=5.77 r2=0.642 (4s)
2026-04-14 22:00:46,453 | INFO | [FROZEN] opx_liq s=42 raw ERT T_C rmse=89.98 r2=0.579 (1s)
2026-04-14 22:00:46,619 | INFO | [FROZEN] opx_liq s=42 raw ERT P_kbar rmse=7.34 r2=0.420 (0s)
2026-04-14 22:00:47,766 | INFO | [FROZEN] opx_liq s=42 raw XGB T_C rmse=90.05 r2=0.579 (1s)
2026-04-14 22:00:48,963 | INFO | [FROZEN] opx_liq s=42 raw XGB P_kbar rmse=5.12 r2=0.718 (1s)
2026-04-14 22:00:49,603 | INFO | [FROZEN] opx_liq s=42 raw GB T_C rmse=89.20 r2=0.587 (1s)
2026-04-14 22:00:52,462 | INFO | [FROZEN] opx_liq s=42 raw GB P_kbar rmse=5.04 r2=0.726 (3s)
2026-04-14 22:00:54,792 | INFO | [FROZEN] opx_liq s=42 alr RF T_C rmse=88.22 r2=0.596 (2s)
2026-04-14 22:00:56,402 | INFO | [FROZEN] opx_liq s=42 alr RF P_kbar rmse=5.56 r2=0.667 (2s)
2026-04-14 22:00:57,349 | INFO | [FROZEN] opx_liq s=42 alr ERT T_C rmse=92.41 r2=0.556 (1s)
2026-04-14 22:00:57,808 | INFO | [FROZEN] opx_liq s=42 alr ERT P_kbar rmse=7.54 r2=0.388 (0s)
2026-04-14 22:01:00,453 | INFO | [FROZEN] opx_liq s=42 alr XGB T_C rmse=98.92 r2=0.491 (3s)
2026-04-14 22:01:01,350 | INFO | [FROZEN] opx_liq s=42 alr XGB P_kbar rmse=5.07 r2=0.723 (1s)
2026-04-14 22:01:01,563 | INFO | [FROZEN] opx_liq s=42 alr GB T_C rmse=92.16 r2=0.559 (0s)
2026-04-14 22:01:02,531 | INFO | [FROZEN] opx_liq s=42 alr GB P_kbar rmse=4.96 r2=0.735 (1s)
2026-04-14 22:01:05,626 | INFO | [FROZEN] opx_liq s=42 pwlr RF T_C rmse=84.30 r2=0.631 (3s)
2026-04-14 22:01:07,004 | INFO | [FROZEN] opx_liq s=42 pwlr RF P_kbar rmse=6.81 r2=0.501 (1s)
2026-04-14 22:01:09,646 | INFO | [FROZEN] opx_liq s=42 pwlr ERT T_C rmse=89.71 r2=0.582 (3s)
2026-04-14 22:01:10,454 | INFO | [FROZEN] opx_liq s=42 pwlr ERT P_kbar rmse=7.27 r2=0.430 (1s)
2026-04-14 22:01:18,542 | INFO | [FROZEN] opx_liq s=42 pwlr XGB T_C rmse=93.41 r2=0.547 (8s)
2026-04-14 22:01:19,056 | INFO | [FROZEN] opx_liq s=42 pwlr XGB P_kbar rmse=5.41 r2=0.685 (1s)
2026-04-14 22:01:19,448 | INFO | [FROZEN] opx_liq s=42 pwlr GB T_C rmse=90.13 r2=0.578 (0s)
2026-04-14 22:01:22,006 | INFO | [FROZEN] opx_liq s=42 pwlr GB P_kbar rmse=5.42 r2=0.684 (3s)
2026-04-14 22:01:22,013 | INFO | CHECKPOINT opx_liq seed=42 | 24 rows | 0.01h
2026-04-14 22:01:24,190 | INFO | [FROZEN] opx_liq s=43 raw RF T_C rmse=89.46 r2=0.794 (2s)
2026-04-14 22:01:28,049 | INFO | [FROZEN] opx_liq s=43 raw RF P_kbar rmse=5.07 r2=0.757 (4s)
2026-04-14 22:01:29,797 | INFO | [FROZEN] opx_liq s=43 raw ERT T_C rmse=86.77 r2=0.807 (2s)
2026-04-14 22:01:29,959 | INFO | [FROZEN] opx_liq s=43 raw ERT P_kbar rmse=7.12 r2=0.520 (0s)
2026-04-14 22:01:31,162 | INFO | [FROZEN] opx_liq s=43 raw XGB T_C rmse=89.06 r2=0.796 (1s)
2026-04-14 22:01:31,555 | INFO | [FROZEN] opx_liq s=43 raw XGB P_kbar rmse=4.55 r2=0.804 (0s)
2026-04-14 22:01:35,095 | INFO | [FROZEN] opx_liq s=43 raw GB T_C rmse=84.27 r2=0.818 (4s)
2026-04-14 22:01:37,421 | INFO | [FROZEN] opx_liq s=43 raw GB P_kbar rmse=5.20 r2=0.744 (2s)
2026-04-14 22:01:43,203 | INFO | [FROZEN] opx_liq s=43 alr RF T_C rmse=88.17 r2=0.800 (6s)
2026-04-14 22:01:47,369 | INFO | [FROZEN] opx_liq s=43 alr RF P_kbar rmse=6.44 r2=0.607 (4s)
2026-04-14 22:01:47,990 | INFO | [FROZEN] opx_liq s=43 alr ERT T_C rmse=87.86 r2=0.802 (1s)
2026-04-14 22:01:48,455 | INFO | [FROZEN] opx_liq s=43 alr ERT P_kbar rmse=7.92 r2=0.406 (0s)
2026-04-14 22:01:51,562 | INFO | [FROZEN] opx_liq s=43 alr XGB T_C rmse=93.31 r2=0.776 (3s)
2026-04-14 22:01:53,497 | INFO | [FROZEN] opx_liq s=43 alr XGB P_kbar rmse=5.09 r2=0.755 (2s)
2026-04-14 22:01:53,840 | INFO | [FROZEN] opx_liq s=43 alr GB T_C rmse=89.08 r2=0.796 (0s)
2026-04-14 22:01:54,005 | INFO | [FROZEN] opx_liq s=43 alr GB P_kbar rmse=5.29 r2=0.735 (0s)
2026-04-14 22:01:58,110 | INFO | [FROZEN] opx_liq s=43 pwlr RF T_C rmse=89.52 r2=0.794 (4s)
2026-04-14 22:01:59,123 | INFO | [FROZEN] opx_liq s=43 pwlr RF P_kbar rmse=6.98 r2=0.539 (1s)
2026-04-14 22:02:01,868 | INFO | [FROZEN] opx_liq s=43 pwlr ERT T_C rmse=89.02 r2=0.797 (3s)
2026-04-14 22:02:02,213 | INFO | [FROZEN] opx_liq s=43 pwlr ERT P_kbar rmse=7.20 r2=0.509 (0s)
2026-04-14 22:02:08,936 | INFO | [FROZEN] opx_liq s=43 pwlr XGB T_C rmse=98.21 r2=0.752 (7s)
2026-04-14 22:02:10,241 | INFO | [FROZEN] opx_liq s=43 pwlr XGB P_kbar rmse=5.33 r2=0.731 (1s)
2026-04-14 22:02:10,456 | INFO | [FROZEN] opx_liq s=43 pwlr GB T_C rmse=88.79 r2=0.798 (0s)
2026-04-14 22:02:10,726 | INFO | [FROZEN] opx_liq s=43 pwlr GB P_kbar rmse=5.57 r2=0.706 (0s)
2026-04-14 22:02:10,733 | INFO | CHECKPOINT opx_liq seed=43 | 48 rows | 0.03h
2026-04-14 22:02:12,993 | INFO | [FROZEN] opx_liq s=44 raw RF T_C rmse=68.47 r2=0.903 (2s)
2026-04-14 22:02:17,255 | INFO | [FROZEN] opx_liq s=44 raw RF P_kbar rmse=4.38 r2=0.735 (4s)
2026-04-14 22:02:18,292 | INFO | [FROZEN] opx_liq s=44 raw ERT T_C rmse=71.74 r2=0.894 (1s)
2026-04-14 22:02:18,431 | INFO | [FROZEN] opx_liq s=44 raw ERT P_kbar rmse=4.42 r2=0.730 (0s)
2026-04-14 22:02:19,529 | INFO | [FROZEN] opx_liq s=44 raw XGB T_C rmse=82.18 r2=0.861 (1s)
2026-04-14 22:02:20,034 | INFO | [FROZEN] opx_liq s=44 raw XGB P_kbar rmse=3.90 r2=0.790 (1s)
2026-04-14 22:02:22,058 | INFO | [FROZEN] opx_liq s=44 raw GB T_C rmse=72.87 r2=0.891 (2s)
2026-04-14 22:02:23,707 | INFO | [FROZEN] opx_liq s=44 raw GB P_kbar rmse=3.94 r2=0.785 (2s)
2026-04-14 22:02:27,826 | INFO | [FROZEN] opx_liq s=44 alr RF T_C rmse=70.52 r2=0.898 (4s)
2026-04-14 22:02:31,944 | INFO | [FROZEN] opx_liq s=44 alr RF P_kbar rmse=5.21 r2=0.625 (4s)
2026-04-14 22:02:32,530 | INFO | [FROZEN] opx_liq s=44 alr ERT T_C rmse=76.50 r2=0.879 (1s)
2026-04-14 22:02:32,963 | INFO | [FROZEN] opx_liq s=44 alr ERT P_kbar rmse=4.55 r2=0.713 (0s)
2026-04-14 22:02:34,585 | INFO | [FROZEN] opx_liq s=44 alr XGB T_C rmse=84.41 r2=0.853 (2s)
2026-04-14 22:02:35,522 | INFO | [FROZEN] opx_liq s=44 alr XGB P_kbar rmse=3.95 r2=0.784 (1s)
2026-04-14 22:02:37,650 | INFO | [FROZEN] opx_liq s=44 alr GB T_C rmse=73.07 r2=0.890 (2s)
2026-04-14 22:02:40,185 | INFO | [FROZEN] opx_liq s=44 alr GB P_kbar rmse=4.63 r2=0.703 (3s)
2026-04-14 22:02:47,129 | INFO | [FROZEN] opx_liq s=44 pwlr RF T_C rmse=74.70 r2=0.885 (7s)
2026-04-14 22:02:48,027 | INFO | [FROZEN] opx_liq s=44 pwlr RF P_kbar rmse=4.67 r2=0.699 (1s)
2026-04-14 22:02:51,348 | INFO | [FROZEN] opx_liq s=44 pwlr ERT T_C rmse=75.98 r2=0.881 (3s)
2026-04-14 22:02:51,688 | INFO | [FROZEN] opx_liq s=44 pwlr ERT P_kbar rmse=4.30 r2=0.744 (0s)
2026-04-14 22:02:57,569 | INFO | [FROZEN] opx_liq s=44 pwlr XGB T_C rmse=86.96 r2=0.844 (6s)
2026-04-14 22:02:58,283 | INFO | [FROZEN] opx_liq s=44 pwlr XGB P_kbar rmse=4.03 r2=0.775 (1s)
2026-04-14 22:02:58,876 | INFO | [FROZEN] opx_liq s=44 pwlr GB T_C rmse=90.88 r2=0.830 (1s)
2026-04-14 22:02:59,792 | INFO | [FROZEN] opx_liq s=44 pwlr GB P_kbar rmse=4.83 r2=0.678 (1s)
2026-04-14 22:02:59,800 | INFO | CHECKPOINT opx_liq seed=44 | 72 rows | 0.04h
2026-04-14 22:03:01,939 | INFO | [FROZEN] opx_liq s=45 raw RF T_C rmse=78.09 r2=0.833 (2s)
2026-04-14 22:03:04,465 | INFO | [FROZEN] opx_liq s=45 raw RF P_kbar rmse=5.69 r2=0.688 (3s)
2026-04-14 22:03:06,409 | INFO | [FROZEN] opx_liq s=45 raw ERT T_C rmse=81.57 r2=0.818 (2s)
2026-04-14 22:03:06,790 | INFO | [FROZEN] opx_liq s=45 raw ERT P_kbar rmse=7.85 r2=0.407 (0s)
2026-04-14 22:03:08,258 | INFO | [FROZEN] opx_liq s=45 raw XGB T_C rmse=99.73 r2=0.727 (1s)
2026-04-14 22:03:08,739 | INFO | [FROZEN] opx_liq s=45 raw XGB P_kbar rmse=5.72 r2=0.685 (0s)
2026-04-14 22:03:09,230 | INFO | [FROZEN] opx_liq s=45 raw GB T_C rmse=81.48 r2=0.818 (0s)
2026-04-14 22:03:13,743 | INFO | [FROZEN] opx_liq s=45 raw GB P_kbar rmse=5.81 r2=0.675 (5s)
2026-04-14 22:03:16,507 | INFO | [FROZEN] opx_liq s=45 alr RF T_C rmse=76.63 r2=0.839 (3s)
2026-04-14 22:03:18,546 | INFO | [FROZEN] opx_liq s=45 alr RF P_kbar rmse=7.10 r2=0.515 (2s)
2026-04-14 22:03:19,441 | INFO | [FROZEN] opx_liq s=45 alr ERT T_C rmse=82.43 r2=0.814 (1s)
2026-04-14 22:03:20,057 | INFO | [FROZEN] opx_liq s=45 alr ERT P_kbar rmse=9.07 r2=0.208 (1s)
2026-04-14 22:03:22,308 | INFO | [FROZEN] opx_liq s=45 alr XGB T_C rmse=91.37 r2=0.771 (2s)
2026-04-14 22:03:22,996 | INFO | [FROZEN] opx_liq s=45 alr XGB P_kbar rmse=6.20 r2=0.629 (1s)
2026-04-14 22:03:23,437 | INFO | [FROZEN] opx_liq s=45 alr GB T_C rmse=78.99 r2=0.829 (0s)
2026-04-14 22:03:25,556 | INFO | [FROZEN] opx_liq s=45 alr GB P_kbar rmse=6.42 r2=0.603 (2s)
2026-04-14 22:03:29,486 | INFO | [FROZEN] opx_liq s=45 pwlr RF T_C rmse=79.43 r2=0.827 (4s)
2026-04-14 22:03:30,626 | INFO | [FROZEN] opx_liq s=45 pwlr RF P_kbar rmse=7.82 r2=0.411 (1s)
2026-04-14 22:03:33,074 | INFO | [FROZEN] opx_liq s=45 pwlr ERT T_C rmse=81.20 r2=0.819 (2s)
2026-04-14 22:03:33,567 | INFO | [FROZEN] opx_liq s=45 pwlr ERT P_kbar rmse=8.29 r2=0.338 (0s)
2026-04-14 22:03:43,749 | INFO | [FROZEN] opx_liq s=45 pwlr XGB T_C rmse=101.44 r2=0.718 (10s)
2026-04-14 22:03:44,267 | INFO | [FROZEN] opx_liq s=45 pwlr XGB P_kbar rmse=7.01 r2=0.526 (1s)
2026-04-14 22:03:44,457 | INFO | [FROZEN] opx_liq s=45 pwlr GB T_C rmse=85.15 r2=0.801 (0s)
2026-04-14 22:03:44,656 | INFO | [FROZEN] opx_liq s=45 pwlr GB P_kbar rmse=6.07 r2=0.646 (0s)
2026-04-14 22:03:44,663 | INFO | CHECKPOINT opx_liq seed=45 | 96 rows | 0.05h
2026-04-14 22:03:48,968 | INFO | [FROZEN] opx_liq s=46 raw RF T_C rmse=74.40 r2=0.849 (4s)
2026-04-14 22:03:53,574 | INFO | [FROZEN] opx_liq s=46 raw RF P_kbar rmse=6.16 r2=0.665 (5s)
2026-04-14 22:03:55,862 | INFO | [FROZEN] opx_liq s=46 raw ERT T_C rmse=71.26 r2=0.862 (2s)
2026-04-14 22:03:56,045 | INFO | [FROZEN] opx_liq s=46 raw ERT P_kbar rmse=7.25 r2=0.535 (0s)
2026-04-14 22:03:58,115 | INFO | [FROZEN] opx_liq s=46 raw XGB T_C rmse=79.86 r2=0.826 (2s)
2026-04-14 22:03:59,090 | INFO | [FROZEN] opx_liq s=46 raw XGB P_kbar rmse=5.20 r2=0.761 (1s)
2026-04-14 22:04:01,138 | INFO | [FROZEN] opx_liq s=46 raw GB T_C rmse=75.94 r2=0.843 (2s)
2026-04-14 22:04:02,063 | INFO | [FROZEN] opx_liq s=46 raw GB P_kbar rmse=5.92 r2=0.690 (1s)
2026-04-14 22:04:06,405 | INFO | [FROZEN] opx_liq s=46 alr RF T_C rmse=75.34 r2=0.845 (4s)
2026-04-14 22:04:08,097 | INFO | [FROZEN] opx_liq s=46 alr RF P_kbar rmse=6.70 r2=0.604 (2s)
2026-04-14 22:04:08,916 | INFO | [FROZEN] opx_liq s=46 alr ERT T_C rmse=76.44 r2=0.841 (1s)
2026-04-14 22:04:09,521 | INFO | [FROZEN] opx_liq s=46 alr ERT P_kbar rmse=6.85 r2=0.585 (1s)
2026-04-14 22:04:12,179 | INFO | [FROZEN] opx_liq s=46 alr XGB T_C rmse=99.97 r2=0.727 (3s)
2026-04-14 22:04:13,123 | INFO | [FROZEN] opx_liq s=46 alr XGB P_kbar rmse=5.73 r2=0.709 (1s)
2026-04-14 22:04:13,850 | INFO | [FROZEN] opx_liq s=46 alr GB T_C rmse=86.52 r2=0.796 (1s)
2026-04-14 22:04:15,306 | INFO | [FROZEN] opx_liq s=46 alr GB P_kbar rmse=6.37 r2=0.641 (1s)
2026-04-14 22:04:20,045 | INFO | [FROZEN] opx_liq s=46 pwlr RF T_C rmse=73.23 r2=0.854 (5s)
2026-04-14 22:04:22,149 | INFO | [FROZEN] opx_liq s=46 pwlr RF P_kbar rmse=6.84 r2=0.586 (2s)
2026-04-14 22:04:23,842 | INFO | [FROZEN] opx_liq s=46 pwlr ERT T_C rmse=75.63 r2=0.844 (2s)
2026-04-14 22:04:24,441 | INFO | [FROZEN] opx_liq s=46 pwlr ERT P_kbar rmse=6.36 r2=0.642 (1s)
2026-04-14 22:04:31,253 | INFO | [FROZEN] opx_liq s=46 pwlr XGB T_C rmse=79.86 r2=0.826 (7s)
2026-04-14 22:04:31,802 | INFO | [FROZEN] opx_liq s=46 pwlr XGB P_kbar rmse=6.32 r2=0.647 (1s)
2026-04-14 22:04:33,568 | INFO | [FROZEN] opx_liq s=46 pwlr GB T_C rmse=86.25 r2=0.797 (2s)
2026-04-14 22:04:37,888 | INFO | [FROZEN] opx_liq s=46 pwlr GB P_kbar rmse=7.32 r2=0.527 (4s)
2026-04-14 22:04:37,896 | INFO | CHECKPOINT opx_liq seed=46 | 120 rows | 0.07h
2026-04-14 22:04:41,264 | INFO | [FROZEN] opx_liq s=47 raw RF T_C rmse=81.47 r2=0.795 (3s)
2026-04-14 22:04:45,989 | INFO | [FROZEN] opx_liq s=47 raw RF P_kbar rmse=5.33 r2=0.678 (5s)
2026-04-14 22:04:47,399 | INFO | [FROZEN] opx_liq s=47 raw ERT T_C rmse=88.87 r2=0.756 (1s)
2026-04-14 22:04:47,704 | INFO | [FROZEN] opx_liq s=47 raw ERT P_kbar rmse=6.78 r2=0.478 (0s)
2026-04-14 22:04:48,905 | INFO | [FROZEN] opx_liq s=47 raw XGB T_C rmse=82.02 r2=0.792 (1s)
2026-04-14 22:04:49,340 | INFO | [FROZEN] opx_liq s=47 raw XGB P_kbar rmse=4.11 r2=0.809 (0s)
2026-04-14 22:04:55,676 | INFO | [FROZEN] opx_liq s=47 raw GB T_C rmse=74.25 r2=0.830 (6s)
2026-04-14 22:04:58,097 | INFO | [FROZEN] opx_liq s=47 raw GB P_kbar rmse=4.65 r2=0.755 (2s)
2026-04-14 22:05:02,064 | INFO | [FROZEN] opx_liq s=47 alr RF T_C rmse=88.29 r2=0.759 (4s)
2026-04-14 22:05:03,563 | INFO | [FROZEN] opx_liq s=47 alr RF P_kbar rmse=5.85 r2=0.612 (1s)
2026-04-14 22:05:05,105 | INFO | [FROZEN] opx_liq s=47 alr ERT T_C rmse=92.49 r2=0.736 (2s)
2026-04-14 22:05:06,693 | INFO | [FROZEN] opx_liq s=47 alr ERT P_kbar rmse=7.62 r2=0.342 (2s)
2026-04-14 22:05:09,383 | INFO | [FROZEN] opx_liq s=47 alr XGB T_C rmse=82.20 r2=0.791 (3s)
2026-04-14 22:05:09,982 | INFO | [FROZEN] opx_liq s=47 alr XGB P_kbar rmse=4.45 r2=0.775 (1s)
2026-04-14 22:05:10,160 | INFO | [FROZEN] opx_liq s=47 alr GB T_C rmse=72.38 r2=0.838 (0s)
2026-04-14 22:05:10,314 | INFO | [FROZEN] opx_liq s=47 alr GB P_kbar rmse=5.12 r2=0.703 (0s)
2026-04-14 22:05:16,399 | INFO | [FROZEN] opx_liq s=47 pwlr RF T_C rmse=78.87 r2=0.808 (6s)
2026-04-14 22:05:17,297 | INFO | [FROZEN] opx_liq s=47 pwlr RF P_kbar rmse=6.08 r2=0.581 (1s)
2026-04-14 22:05:19,402 | INFO | [FROZEN] opx_liq s=47 pwlr ERT T_C rmse=86.96 r2=0.766 (2s)
2026-04-14 22:05:19,861 | INFO | [FROZEN] opx_liq s=47 pwlr ERT P_kbar rmse=6.55 r2=0.514 (0s)
2026-04-14 22:05:26,731 | INFO | [FROZEN] opx_liq s=47 pwlr XGB T_C rmse=91.27 r2=0.743 (7s)
2026-04-14 22:05:27,239 | INFO | [FROZEN] opx_liq s=47 pwlr XGB P_kbar rmse=4.95 r2=0.723 (1s)
2026-04-14 22:05:31,901 | INFO | [FROZEN] opx_liq s=47 pwlr GB T_C rmse=83.66 r2=0.784 (5s)
2026-04-14 22:05:34,946 | INFO | [FROZEN] opx_liq s=47 pwlr GB P_kbar rmse=5.52 r2=0.655 (3s)
2026-04-14 22:05:34,959 | INFO | CHECKPOINT opx_liq seed=47 | 144 rows | 0.08h
2026-04-14 22:05:38,622 | INFO | [FROZEN] opx_liq s=48 raw RF T_C rmse=80.93 r2=0.592 (4s)
2026-04-14 22:05:43,647 | INFO | [FROZEN] opx_liq s=48 raw RF P_kbar rmse=6.81 r2=0.502 (5s)
2026-04-14 22:05:45,596 | INFO | [FROZEN] opx_liq s=48 raw ERT T_C rmse=76.03 r2=0.640 (2s)
2026-04-14 22:05:46,427 | INFO | [FROZEN] opx_liq s=48 raw ERT P_kbar rmse=7.44 r2=0.407 (1s)
2026-04-14 22:05:47,874 | INFO | [FROZEN] opx_liq s=48 raw XGB T_C rmse=73.16 r2=0.666 (1s)
2026-04-14 22:05:48,390 | INFO | [FROZEN] opx_liq s=48 raw XGB P_kbar rmse=6.63 r2=0.528 (1s)
2026-04-14 22:05:52,846 | INFO | [FROZEN] opx_liq s=48 raw GB T_C rmse=88.89 r2=0.508 (4s)
2026-04-14 22:05:55,078 | INFO | [FROZEN] opx_liq s=48 raw GB P_kbar rmse=6.05 r2=0.608 (2s)
2026-04-14 22:05:58,080 | INFO | [FROZEN] opx_liq s=48 alr RF T_C rmse=69.07 r2=0.703 (3s)
2026-04-14 22:06:00,147 | INFO | [FROZEN] opx_liq s=48 alr RF P_kbar rmse=7.07 r2=0.464 (2s)
2026-04-14 22:06:00,857 | INFO | [FROZEN] opx_liq s=48 alr ERT T_C rmse=75.55 r2=0.644 (1s)
2026-04-14 22:06:01,382 | INFO | [FROZEN] opx_liq s=48 alr ERT P_kbar rmse=7.99 r2=0.316 (1s)
2026-04-14 22:06:03,900 | INFO | [FROZEN] opx_liq s=48 alr XGB T_C rmse=75.14 r2=0.648 (3s)
2026-04-14 22:06:04,719 | INFO | [FROZEN] opx_liq s=48 alr XGB P_kbar rmse=7.04 r2=0.468 (1s)
2026-04-14 22:06:05,175 | INFO | [FROZEN] opx_liq s=48 alr GB T_C rmse=76.80 r2=0.633 (0s)
2026-04-14 22:06:07,298 | INFO | [FROZEN] opx_liq s=48 alr GB P_kbar rmse=7.07 r2=0.465 (2s)
2026-04-14 22:06:12,922 | INFO | [FROZEN] opx_liq s=48 pwlr RF T_C rmse=86.51 r2=0.534 (6s)
2026-04-14 22:06:13,780 | INFO | [FROZEN] opx_liq s=48 pwlr RF P_kbar rmse=9.36 r2=0.060 (1s)
2026-04-14 22:06:16,102 | INFO | [FROZEN] opx_liq s=48 pwlr ERT T_C rmse=83.61 r2=0.564 (2s)
2026-04-14 22:06:16,466 | INFO | [FROZEN] opx_liq s=48 pwlr ERT P_kbar rmse=9.62 r2=0.007 (0s)
2026-04-14 22:06:23,169 | INFO | [FROZEN] opx_liq s=48 pwlr XGB T_C rmse=78.10 r2=0.620 (7s)
2026-04-14 22:06:23,590 | INFO | [FROZEN] opx_liq s=48 pwlr XGB P_kbar rmse=8.93 r2=0.144 (0s)
2026-04-14 22:06:24,212 | INFO | [FROZEN] opx_liq s=48 pwlr GB T_C rmse=107.79 r2=0.276 (1s)
2026-04-14 22:06:25,450 | INFO | [FROZEN] opx_liq s=48 pwlr GB P_kbar rmse=9.17 r2=0.098 (1s)
2026-04-14 22:06:25,463 | INFO | CHECKPOINT opx_liq seed=48 | 168 rows | 0.10h
2026-04-14 22:06:27,536 | INFO | [FROZEN] opx_liq s=49 raw RF T_C rmse=88.27 r2=0.780 (2s)
2026-04-14 22:06:30,686 | INFO | [FROZEN] opx_liq s=49 raw RF P_kbar rmse=8.71 r2=0.184 (3s)
2026-04-14 22:06:32,344 | INFO | [FROZEN] opx_liq s=49 raw ERT T_C rmse=87.78 r2=0.783 (2s)
2026-04-14 22:06:32,748 | INFO | [FROZEN] opx_liq s=49 raw ERT P_kbar rmse=6.91 r2=0.486 (0s)
2026-04-14 22:06:36,002 | INFO | [FROZEN] opx_liq s=49 raw XGB T_C rmse=85.80 r2=0.792 (3s)
2026-04-14 22:06:37,298 | INFO | [FROZEN] opx_liq s=49 raw XGB P_kbar rmse=4.74 r2=0.758 (1s)
2026-04-14 22:06:41,748 | INFO | [FROZEN] opx_liq s=49 raw GB T_C rmse=90.30 r2=0.770 (4s)
2026-04-14 22:06:43,416 | INFO | [FROZEN] opx_liq s=49 raw GB P_kbar rmse=4.94 r2=0.737 (2s)
2026-04-14 22:06:47,896 | INFO | [FROZEN] opx_liq s=49 alr RF T_C rmse=83.89 r2=0.801 (4s)
2026-04-14 22:06:50,545 | INFO | [FROZEN] opx_liq s=49 alr RF P_kbar rmse=6.31 r2=0.571 (3s)
2026-04-14 22:06:51,842 | INFO | [FROZEN] opx_liq s=49 alr ERT T_C rmse=91.09 r2=0.766 (1s)
2026-04-14 22:06:53,337 | INFO | [FROZEN] opx_liq s=49 alr ERT P_kbar rmse=7.45 r2=0.402 (1s)
2026-04-14 22:06:55,300 | INFO | [FROZEN] opx_liq s=49 alr XGB T_C rmse=87.78 r2=0.783 (2s)
2026-04-14 22:06:56,931 | INFO | [FROZEN] opx_liq s=49 alr XGB P_kbar rmse=4.76 r2=0.756 (2s)
2026-04-14 22:06:57,405 | INFO | [FROZEN] opx_liq s=49 alr GB T_C rmse=83.06 r2=0.805 (0s)
2026-04-14 22:06:58,182 | INFO | [FROZEN] opx_liq s=49 alr GB P_kbar rmse=5.43 r2=0.683 (1s)
2026-04-14 22:07:01,771 | INFO | [FROZEN] opx_liq s=49 pwlr RF T_C rmse=77.53 r2=0.830 (4s)
2026-04-14 22:07:03,409 | INFO | [FROZEN] opx_liq s=49 pwlr RF P_kbar rmse=6.80 r2=0.502 (2s)
2026-04-14 22:07:06,147 | INFO | [FROZEN] opx_liq s=49 pwlr ERT T_C rmse=76.04 r2=0.837 (3s)
2026-04-14 22:07:06,849 | INFO | [FROZEN] opx_liq s=49 pwlr ERT P_kbar rmse=7.13 r2=0.453 (1s)
2026-04-14 22:07:15,776 | INFO | [FROZEN] opx_liq s=49 pwlr XGB T_C rmse=82.43 r2=0.808 (9s)
2026-04-14 22:07:16,688 | INFO | [FROZEN] opx_liq s=49 pwlr XGB P_kbar rmse=4.96 r2=0.735 (1s)
2026-04-14 22:07:17,321 | INFO | [FROZEN] opx_liq s=49 pwlr GB T_C rmse=86.66 r2=0.788 (1s)
2026-04-14 22:07:22,714 | INFO | [FROZEN] opx_liq s=49 pwlr GB P_kbar rmse=5.75 r2=0.644 (5s)
2026-04-14 22:07:22,731 | INFO | CHECKPOINT opx_liq seed=49 | 192 rows | 0.11h
2026-04-14 22:07:27,845 | INFO | [FROZEN] opx_liq s=50 raw RF T_C rmse=84.42 r2=0.718 (5s)
2026-04-14 22:07:32,649 | INFO | [FROZEN] opx_liq s=50 raw RF P_kbar rmse=3.70 r2=0.827 (5s)
2026-04-14 22:07:36,090 | INFO | [FROZEN] opx_liq s=50 raw ERT T_C rmse=78.55 r2=0.756 (3s)
2026-04-14 22:07:37,303 | INFO | [FROZEN] opx_liq s=50 raw ERT P_kbar rmse=5.09 r2=0.673 (1s)
2026-04-14 22:07:39,887 | INFO | [FROZEN] opx_liq s=50 raw XGB T_C rmse=81.07 r2=0.740 (3s)
2026-04-14 22:07:40,759 | INFO | [FROZEN] opx_liq s=50 raw XGB P_kbar rmse=4.15 r2=0.782 (1s)
2026-04-14 22:07:48,040 | INFO | [FROZEN] opx_liq s=50 raw GB T_C rmse=82.59 r2=0.730 (7s)
2026-04-14 22:07:49,356 | INFO | [FROZEN] opx_liq s=50 raw GB P_kbar rmse=3.68 r2=0.829 (1s)
2026-04-14 22:07:54,928 | INFO | [FROZEN] opx_liq s=50 alr RF T_C rmse=77.61 r2=0.762 (6s)
2026-04-14 22:07:57,886 | INFO | [FROZEN] opx_liq s=50 alr RF P_kbar rmse=4.62 r2=0.731 (3s)
2026-04-14 22:07:59,474 | INFO | [FROZEN] opx_liq s=50 alr ERT T_C rmse=76.42 r2=0.769 (2s)
2026-04-14 22:08:00,705 | INFO | [FROZEN] opx_liq s=50 alr ERT P_kbar rmse=5.66 r2=0.596 (1s)
2026-04-14 22:08:04,525 | INFO | [FROZEN] opx_liq s=50 alr XGB T_C rmse=80.99 r2=0.741 (4s)
2026-04-14 22:08:06,195 | INFO | [FROZEN] opx_liq s=50 alr XGB P_kbar rmse=4.73 r2=0.717 (2s)
2026-04-14 22:08:11,611 | INFO | [FROZEN] opx_liq s=50 alr GB T_C rmse=75.08 r2=0.777 (5s)
2026-04-14 22:08:12,979 | INFO | [FROZEN] opx_liq s=50 alr GB P_kbar rmse=4.81 r2=0.708 (1s)
2026-04-14 22:08:18,869 | INFO | [FROZEN] opx_liq s=50 pwlr RF T_C rmse=76.88 r2=0.766 (6s)
2026-04-14 22:08:20,800 | INFO | [FROZEN] opx_liq s=50 pwlr RF P_kbar rmse=6.21 r2=0.514 (2s)
2026-04-14 22:08:23,759 | INFO | [FROZEN] opx_liq s=50 pwlr ERT T_C rmse=77.88 r2=0.760 (3s)
2026-04-14 22:08:24,293 | INFO | [FROZEN] opx_liq s=50 pwlr ERT P_kbar rmse=6.15 r2=0.522 (1s)
2026-04-14 22:08:30,947 | INFO | [FROZEN] opx_liq s=50 pwlr XGB T_C rmse=80.69 r2=0.743 (7s)
2026-04-14 22:08:31,671 | INFO | [FROZEN] opx_liq s=50 pwlr XGB P_kbar rmse=5.52 r2=0.615 (1s)
2026-04-14 22:08:34,113 | INFO | [FROZEN] opx_liq s=50 pwlr GB T_C rmse=77.72 r2=0.761 (2s)
2026-04-14 22:08:35,696 | INFO | [FROZEN] opx_liq s=50 pwlr GB P_kbar rmse=5.82 r2=0.572 (2s)
2026-04-14 22:08:35,707 | INFO | CHECKPOINT opx_liq seed=50 | 216 rows | 0.13h
2026-04-14 22:08:37,874 | INFO | [FROZEN] opx_liq s=51 raw RF T_C rmse=69.69 r2=0.855 (2s)
2026-04-14 22:08:40,465 | INFO | [FROZEN] opx_liq s=51 raw RF P_kbar rmse=6.56 r2=0.611 (3s)
2026-04-14 22:08:41,988 | INFO | [FROZEN] opx_liq s=51 raw ERT T_C rmse=72.11 r2=0.845 (2s)
2026-04-14 22:08:42,191 | INFO | [FROZEN] opx_liq s=51 raw ERT P_kbar rmse=8.11 r2=0.404 (0s)
2026-04-14 22:08:43,444 | INFO | [FROZEN] opx_liq s=51 raw XGB T_C rmse=79.79 r2=0.810 (1s)
2026-04-14 22:08:43,898 | INFO | [FROZEN] opx_liq s=51 raw XGB P_kbar rmse=5.99 r2=0.675 (0s)
2026-04-14 22:08:46,602 | INFO | [FROZEN] opx_liq s=51 raw GB T_C rmse=80.55 r2=0.807 (3s)
2026-04-14 22:08:48,169 | INFO | [FROZEN] opx_liq s=51 raw GB P_kbar rmse=5.89 r2=0.686 (2s)
2026-04-14 22:08:51,285 | INFO | [FROZEN] opx_liq s=51 alr RF T_C rmse=72.41 r2=0.844 (3s)
2026-04-14 22:08:53,353 | INFO | [FROZEN] opx_liq s=51 alr RF P_kbar rmse=6.74 r2=0.589 (2s)
2026-04-14 22:08:54,222 | INFO | [FROZEN] opx_liq s=51 alr ERT T_C rmse=74.95 r2=0.832 (1s)
2026-04-14 22:08:54,725 | INFO | [FROZEN] opx_liq s=51 alr ERT P_kbar rmse=8.29 r2=0.378 (1s)
2026-04-14 22:08:56,549 | INFO | [FROZEN] opx_liq s=51 alr XGB T_C rmse=71.70 r2=0.847 (2s)
2026-04-14 22:08:57,416 | INFO | [FROZEN] opx_liq s=51 alr XGB P_kbar rmse=6.12 r2=0.661 (1s)
2026-04-14 22:08:57,915 | INFO | [FROZEN] opx_liq s=51 alr GB T_C rmse=80.92 r2=0.805 (0s)
2026-04-14 22:08:59,000 | INFO | [FROZEN] opx_liq s=51 alr GB P_kbar rmse=5.81 r2=0.694 (1s)
2026-04-14 22:09:02,141 | INFO | [FROZEN] opx_liq s=51 pwlr RF T_C rmse=64.84 r2=0.875 (3s)
2026-04-14 22:09:03,309 | INFO | [FROZEN] opx_liq s=51 pwlr RF P_kbar rmse=7.97 r2=0.425 (1s)
2026-04-14 22:09:05,983 | INFO | [FROZEN] opx_liq s=51 pwlr ERT T_C rmse=72.18 r2=0.845 (3s)
2026-04-14 22:09:07,406 | INFO | [FROZEN] opx_liq s=51 pwlr ERT P_kbar rmse=8.10 r2=0.406 (1s)
2026-04-14 22:09:22,561 | INFO | [FROZEN] opx_liq s=51 pwlr XGB T_C rmse=79.92 r2=0.810 (15s)
2026-04-14 22:09:24,038 | INFO | [FROZEN] opx_liq s=51 pwlr XGB P_kbar rmse=6.33 r2=0.637 (1s)
2026-04-14 22:09:24,915 | INFO | [FROZEN] opx_liq s=51 pwlr GB T_C rmse=95.84 r2=0.726 (1s)
2026-04-14 22:09:26,012 | INFO | [FROZEN] opx_liq s=51 pwlr GB P_kbar rmse=5.80 r2=0.696 (1s)
2026-04-14 22:09:26,025 | INFO | CHECKPOINT opx_liq seed=51 | 240 rows | 0.15h
2026-04-14 22:09:29,596 | INFO | [FROZEN] opx_liq s=52 raw RF T_C rmse=80.09 r2=0.673 (4s)
2026-04-14 22:09:33,901 | INFO | [FROZEN] opx_liq s=52 raw RF P_kbar rmse=7.32 r2=0.601 (4s)
2026-04-14 22:09:37,361 | INFO | [FROZEN] opx_liq s=52 raw ERT T_C rmse=77.99 r2=0.690 (3s)
2026-04-14 22:09:37,944 | INFO | [FROZEN] opx_liq s=52 raw ERT P_kbar rmse=8.93 r2=0.407 (1s)
2026-04-14 22:09:39,895 | INFO | [FROZEN] opx_liq s=52 raw XGB T_C rmse=73.66 r2=0.723 (2s)
2026-04-14 22:09:40,748 | INFO | [FROZEN] opx_liq s=52 raw XGB P_kbar rmse=6.96 r2=0.639 (1s)
2026-04-14 22:09:41,773 | INFO | [FROZEN] opx_liq s=52 raw GB T_C rmse=86.08 r2=0.622 (1s)
2026-04-14 22:09:42,180 | INFO | [FROZEN] opx_liq s=52 raw GB P_kbar rmse=6.07 r2=0.726 (0s)
2026-04-14 22:09:46,659 | INFO | [FROZEN] opx_liq s=52 alr RF T_C rmse=74.41 r2=0.718 (4s)
2026-04-14 22:09:48,945 | INFO | [FROZEN] opx_liq s=52 alr RF P_kbar rmse=8.16 r2=0.505 (2s)
2026-04-14 22:09:50,309 | INFO | [FROZEN] opx_liq s=52 alr ERT T_C rmse=82.90 r2=0.650 (1s)
2026-04-14 22:09:51,619 | INFO | [FROZEN] opx_liq s=52 alr ERT P_kbar rmse=8.87 r2=0.415 (1s)
2026-04-14 22:09:54,990 | INFO | [FROZEN] opx_liq s=52 alr XGB T_C rmse=75.26 r2=0.711 (3s)
2026-04-14 22:09:56,427 | INFO | [FROZEN] opx_liq s=52 alr XGB P_kbar rmse=6.30 r2=0.705 (1s)
2026-04-14 22:09:57,137 | INFO | [FROZEN] opx_liq s=52 alr GB T_C rmse=75.20 r2=0.712 (1s)
2026-04-14 22:09:57,775 | INFO | [FROZEN] opx_liq s=52 alr GB P_kbar rmse=6.43 r2=0.693 (1s)
2026-04-14 22:10:13,709 | INFO | [FROZEN] opx_liq s=52 pwlr RF T_C rmse=82.51 r2=0.653 (16s)
2026-04-14 22:10:18,108 | INFO | [FROZEN] opx_liq s=52 pwlr RF P_kbar rmse=9.73 r2=0.296 (4s)
2026-04-14 22:10:23,784 | INFO | [FROZEN] opx_liq s=52 pwlr ERT T_C rmse=80.72 r2=0.668 (6s)
2026-04-14 22:10:24,544 | INFO | [FROZEN] opx_liq s=52 pwlr ERT P_kbar rmse=9.18 r2=0.373 (1s)
2026-04-14 22:10:38,349 | INFO | [FROZEN] opx_liq s=52 pwlr XGB T_C rmse=76.93 r2=0.698 (14s)
2026-04-14 22:10:39,432 | INFO | [FROZEN] opx_liq s=52 pwlr XGB P_kbar rmse=8.45 r2=0.469 (1s)
2026-04-14 22:10:40,311 | INFO | [FROZEN] opx_liq s=52 pwlr GB T_C rmse=85.84 r2=0.624 (1s)
2026-04-14 22:10:40,789 | INFO | [FROZEN] opx_liq s=52 pwlr GB P_kbar rmse=8.10 r2=0.512 (0s)
2026-04-14 22:10:40,804 | INFO | CHECKPOINT opx_liq seed=52 | 264 rows | 0.17h
2026-04-14 22:10:44,688 | INFO | [FROZEN] opx_liq s=53 raw RF T_C rmse=97.77 r2=0.788 (4s)
2026-04-14 22:10:51,323 | INFO | [FROZEN] opx_liq s=53 raw RF P_kbar rmse=6.61 r2=0.663 (7s)
2026-04-14 22:10:54,815 | INFO | [FROZEN] opx_liq s=53 raw ERT T_C rmse=94.65 r2=0.802 (3s)
2026-04-14 22:10:55,257 | INFO | [FROZEN] opx_liq s=53 raw ERT P_kbar rmse=8.22 r2=0.479 (0s)
2026-04-14 22:10:59,028 | INFO | [FROZEN] opx_liq s=53 raw XGB T_C rmse=90.84 r2=0.817 (4s)
2026-04-14 22:11:00,217 | INFO | [FROZEN] opx_liq s=53 raw XGB P_kbar rmse=5.98 r2=0.724 (1s)
2026-04-14 22:11:02,211 | INFO | [FROZEN] opx_liq s=53 raw GB T_C rmse=94.98 r2=0.800 (2s)
2026-04-14 22:11:02,957 | INFO | [FROZEN] opx_liq s=53 raw GB P_kbar rmse=5.41 r2=0.774 (1s)
2026-04-14 22:11:09,543 | INFO | [FROZEN] opx_liq s=53 alr RF T_C rmse=92.27 r2=0.811 (6s)
2026-04-14 22:11:12,560 | INFO | [FROZEN] opx_liq s=53 alr RF P_kbar rmse=7.15 r2=0.606 (3s)
2026-04-14 22:11:14,524 | INFO | [FROZEN] opx_liq s=53 alr ERT T_C rmse=94.61 r2=0.802 (2s)
2026-04-14 22:11:15,547 | INFO | [FROZEN] opx_liq s=53 alr ERT P_kbar rmse=9.09 r2=0.362 (1s)
2026-04-14 22:11:20,466 | INFO | [FROZEN] opx_liq s=53 alr XGB T_C rmse=96.83 r2=0.792 (5s)
2026-04-14 22:11:22,298 | INFO | [FROZEN] opx_liq s=53 alr XGB P_kbar rmse=6.19 r2=0.704 (2s)
2026-04-14 22:11:22,824 | INFO | [FROZEN] opx_liq s=53 alr GB T_C rmse=91.93 r2=0.813 (1s)
2026-04-14 22:11:23,123 | INFO | [FROZEN] opx_liq s=53 alr GB P_kbar rmse=5.83 r2=0.738 (0s)
2026-04-14 22:11:30,136 | INFO | [FROZEN] opx_liq s=53 pwlr RF T_C rmse=94.80 r2=0.801 (7s)
2026-04-14 22:11:32,184 | INFO | [FROZEN] opx_liq s=53 pwlr RF P_kbar rmse=8.04 r2=0.502 (2s)
2026-04-14 22:11:37,762 | INFO | [FROZEN] opx_liq s=53 pwlr ERT T_C rmse=94.91 r2=0.800 (6s)
2026-04-14 22:11:38,803 | INFO | [FROZEN] opx_liq s=53 pwlr ERT P_kbar rmse=8.57 r2=0.433 (1s)
2026-04-14 22:11:52,336 | INFO | [FROZEN] opx_liq s=53 pwlr XGB T_C rmse=97.22 r2=0.791 (14s)
2026-04-14 22:11:54,589 | INFO | [FROZEN] opx_liq s=53 pwlr XGB P_kbar rmse=6.72 r2=0.652 (2s)
2026-04-14 22:11:55,121 | INFO | [FROZEN] opx_liq s=53 pwlr GB T_C rmse=92.83 r2=0.809 (1s)
2026-04-14 22:11:56,148 | INFO | [FROZEN] opx_liq s=53 pwlr GB P_kbar rmse=7.43 r2=0.574 (1s)
2026-04-14 22:11:56,175 | INFO | CHECKPOINT opx_liq seed=53 | 288 rows | 0.19h
2026-04-14 22:12:02,698 | INFO | [FROZEN] opx_liq s=54 raw RF T_C rmse=93.94 r2=0.733 (6s)
2026-04-14 22:12:11,673 | INFO | [FROZEN] opx_liq s=54 raw RF P_kbar rmse=6.23 r2=0.622 (9s)
2026-04-14 22:12:15,328 | INFO | [FROZEN] opx_liq s=54 raw ERT T_C rmse=96.30 r2=0.720 (4s)
2026-04-14 22:12:15,724 | INFO | [FROZEN] opx_liq s=54 raw ERT P_kbar rmse=7.88 r2=0.396 (0s)
2026-04-14 22:12:23,512 | INFO | [FROZEN] opx_liq s=54 raw XGB T_C rmse=101.45 r2=0.689 (8s)
2026-04-14 22:12:27,240 | INFO | [FROZEN] opx_liq s=54 raw XGB P_kbar rmse=5.27 r2=0.730 (4s)
2026-04-14 22:12:30,410 | INFO | [FROZEN] opx_liq s=54 raw GB T_C rmse=99.47 r2=0.701 (3s)
2026-04-14 22:12:33,340 | INFO | [FROZEN] opx_liq s=54 raw GB P_kbar rmse=5.76 r2=0.677 (3s)
2026-04-14 22:12:44,855 | INFO | [FROZEN] opx_liq s=54 alr RF T_C rmse=100.07 r2=0.697 (11s)
2026-04-14 22:12:50,154 | INFO | [FROZEN] opx_liq s=54 alr RF P_kbar rmse=7.06 r2=0.515 (5s)
2026-04-14 22:12:52,234 | INFO | [FROZEN] opx_liq s=54 alr ERT T_C rmse=102.81 r2=0.680 (2s)
2026-04-14 22:12:53,065 | INFO | [FROZEN] opx_liq s=54 alr ERT P_kbar rmse=9.38 r2=0.146 (1s)
2026-04-14 22:12:56,517 | INFO | [FROZEN] opx_liq s=54 alr XGB T_C rmse=97.58 r2=0.712 (3s)
2026-04-14 22:12:58,205 | INFO | [FROZEN] opx_liq s=54 alr XGB P_kbar rmse=5.71 r2=0.683 (2s)
2026-04-14 22:12:58,719 | INFO | [FROZEN] opx_liq s=54 alr GB T_C rmse=100.36 r2=0.695 (1s)
2026-04-14 22:12:59,348 | INFO | [FROZEN] opx_liq s=54 alr GB P_kbar rmse=6.10 r2=0.638 (1s)
2026-04-14 22:13:10,156 | INFO | [FROZEN] opx_liq s=54 pwlr RF T_C rmse=93.51 r2=0.736 (11s)
2026-04-14 22:13:13,349 | INFO | [FROZEN] opx_liq s=54 pwlr RF P_kbar rmse=7.62 r2=0.436 (3s)
2026-04-14 22:13:20,256 | INFO | [FROZEN] opx_liq s=54 pwlr ERT T_C rmse=95.33 r2=0.725 (7s)
2026-04-14 22:13:21,323 | INFO | [FROZEN] opx_liq s=54 pwlr ERT P_kbar rmse=8.71 r2=0.263 (1s)
2026-04-14 22:13:35,336 | INFO | [FROZEN] opx_liq s=54 pwlr XGB T_C rmse=96.01 r2=0.721 (14s)
2026-04-14 22:13:37,067 | INFO | [FROZEN] opx_liq s=54 pwlr XGB P_kbar rmse=6.36 r2=0.607 (2s)
2026-04-14 22:13:38,629 | INFO | [FROZEN] opx_liq s=54 pwlr GB T_C rmse=97.31 r2=0.714 (2s)
2026-04-14 22:13:40,941 | INFO | [FROZEN] opx_liq s=54 pwlr GB P_kbar rmse=7.24 r2=0.490 (2s)
2026-04-14 22:13:40,958 | INFO | CHECKPOINT opx_liq seed=54 | 312 rows | 0.22h
2026-04-14 22:13:44,662 | INFO | [FROZEN] opx_liq s=55 raw RF T_C rmse=68.57 r2=0.793 (4s)
2026-04-14 22:13:50,977 | INFO | [FROZEN] opx_liq s=55 raw RF P_kbar rmse=6.09 r2=0.640 (6s)
2026-04-14 22:13:56,227 | INFO | [FROZEN] opx_liq s=55 raw ERT T_C rmse=63.33 r2=0.824 (5s)
2026-04-14 22:13:56,596 | INFO | [FROZEN] opx_liq s=55 raw ERT P_kbar rmse=6.73 r2=0.561 (0s)
2026-04-14 22:13:59,143 | INFO | [FROZEN] opx_liq s=55 raw XGB T_C rmse=70.73 r2=0.780 (3s)
2026-04-14 22:14:00,333 | INFO | [FROZEN] opx_liq s=55 raw XGB P_kbar rmse=5.68 r2=0.688 (1s)
2026-04-14 22:14:02,128 | INFO | [FROZEN] opx_liq s=55 raw GB T_C rmse=69.08 r2=0.790 (2s)
2026-04-14 22:14:03,234 | INFO | [FROZEN] opx_liq s=55 raw GB P_kbar rmse=5.74 r2=0.681 (1s)
2026-04-14 22:14:12,462 | INFO | [FROZEN] opx_liq s=55 alr RF T_C rmse=59.94 r2=0.842 (9s)
2026-04-14 22:14:18,450 | INFO | [FROZEN] opx_liq s=55 alr RF P_kbar rmse=4.77 r2=0.779 (6s)
2026-04-14 22:14:21,908 | INFO | [FROZEN] opx_liq s=55 alr ERT T_C rmse=66.92 r2=0.803 (3s)
2026-04-14 22:14:23,746 | INFO | [FROZEN] opx_liq s=55 alr ERT P_kbar rmse=6.91 r2=0.537 (2s)
2026-04-14 22:14:28,819 | INFO | [FROZEN] opx_liq s=55 alr XGB T_C rmse=64.81 r2=0.815 (5s)
2026-04-14 22:14:34,634 | INFO | [FROZEN] opx_liq s=55 alr XGB P_kbar rmse=5.45 r2=0.712 (6s)
2026-04-14 22:14:36,424 | INFO | [FROZEN] opx_liq s=55 alr GB T_C rmse=64.04 r2=0.820 (2s)
2026-04-14 22:14:37,078 | INFO | [FROZEN] opx_liq s=55 alr GB P_kbar rmse=4.93 r2=0.765 (1s)
2026-04-14 22:14:47,865 | INFO | [FROZEN] opx_liq s=55 pwlr RF T_C rmse=64.26 r2=0.818 (11s)
2026-04-14 22:14:49,685 | INFO | [FROZEN] opx_liq s=55 pwlr RF P_kbar rmse=7.70 r2=0.425 (2s)
2026-04-14 22:14:54,363 | INFO | [FROZEN] opx_liq s=55 pwlr ERT T_C rmse=64.44 r2=0.817 (5s)
2026-04-14 22:14:55,130 | INFO | [FROZEN] opx_liq s=55 pwlr ERT P_kbar rmse=7.95 r2=0.388 (1s)
2026-04-14 22:15:04,495 | INFO | [FROZEN] opx_liq s=55 pwlr XGB T_C rmse=64.94 r2=0.814 (9s)
2026-04-14 22:15:05,636 | INFO | [FROZEN] opx_liq s=55 pwlr XGB P_kbar rmse=5.84 r2=0.670 (1s)
2026-04-14 22:15:06,170 | INFO | [FROZEN] opx_liq s=55 pwlr GB T_C rmse=68.39 r2=0.794 (1s)
2026-04-14 22:15:06,538 | INFO | [FROZEN] opx_liq s=55 pwlr GB P_kbar rmse=6.40 r2=0.603 (0s)
2026-04-14 22:15:06,552 | INFO | CHECKPOINT opx_liq seed=55 | 336 rows | 0.24h
2026-04-14 22:15:09,524 | INFO | [FROZEN] opx_liq s=56 raw RF T_C rmse=87.25 r2=0.572 (3s)
2026-04-14 22:15:14,673 | INFO | [FROZEN] opx_liq s=56 raw RF P_kbar rmse=4.61 r2=0.471 (5s)
2026-04-14 22:15:17,151 | INFO | [FROZEN] opx_liq s=56 raw ERT T_C rmse=88.97 r2=0.555 (2s)
2026-04-14 22:15:17,580 | INFO | [FROZEN] opx_liq s=56 raw ERT P_kbar rmse=6.69 r2=-0.116 (0s)
2026-04-14 22:15:19,775 | INFO | [FROZEN] opx_liq s=56 raw XGB T_C rmse=88.89 r2=0.556 (2s)
2026-04-14 22:15:20,557 | INFO | [FROZEN] opx_liq s=56 raw XGB P_kbar rmse=4.63 r2=0.464 (1s)
2026-04-14 22:15:21,442 | INFO | [FROZEN] opx_liq s=56 raw GB T_C rmse=87.70 r2=0.568 (1s)
2026-04-14 22:15:21,762 | INFO | [FROZEN] opx_liq s=56 raw GB P_kbar rmse=5.03 r2=0.368 (0s)
2026-04-14 22:15:27,106 | INFO | [FROZEN] opx_liq s=56 alr RF T_C rmse=86.15 r2=0.583 (5s)
2026-04-14 22:15:29,625 | INFO | [FROZEN] opx_liq s=56 alr RF P_kbar rmse=4.64 r2=0.464 (3s)
2026-04-14 22:15:31,583 | INFO | [FROZEN] opx_liq s=56 alr ERT T_C rmse=90.82 r2=0.536 (2s)
2026-04-14 22:15:33,161 | INFO | [FROZEN] opx_liq s=56 alr ERT P_kbar rmse=7.33 r2=-0.339 (2s)
2026-04-14 22:15:36,523 | INFO | [FROZEN] opx_liq s=56 alr XGB T_C rmse=86.79 r2=0.576 (3s)
2026-04-14 22:15:38,215 | INFO | [FROZEN] opx_liq s=56 alr XGB P_kbar rmse=5.40 r2=0.272 (2s)
2026-04-14 22:15:38,865 | INFO | [FROZEN] opx_liq s=56 alr GB T_C rmse=87.59 r2=0.569 (1s)
2026-04-14 22:15:39,421 | INFO | [FROZEN] opx_liq s=56 alr GB P_kbar rmse=4.88 r2=0.406 (1s)
2026-04-14 22:15:47,796 | INFO | [FROZEN] opx_liq s=56 pwlr RF T_C rmse=84.04 r2=0.603 (8s)
2026-04-14 22:15:50,253 | INFO | [FROZEN] opx_liq s=56 pwlr RF P_kbar rmse=6.61 r2=-0.090 (2s)
2026-04-14 22:15:54,392 | INFO | [FROZEN] opx_liq s=56 pwlr ERT T_C rmse=86.94 r2=0.575 (4s)
2026-04-14 22:15:55,163 | INFO | [FROZEN] opx_liq s=56 pwlr ERT P_kbar rmse=7.35 r2=-0.346 (1s)
2026-04-14 22:16:09,220 | INFO | [FROZEN] opx_liq s=56 pwlr XGB T_C rmse=86.79 r2=0.577 (14s)
2026-04-14 22:16:10,065 | INFO | [FROZEN] opx_liq s=56 pwlr XGB P_kbar rmse=4.54 r2=0.486 (1s)
2026-04-14 22:16:10,566 | INFO | [FROZEN] opx_liq s=56 pwlr GB T_C rmse=86.98 r2=0.575 (0s)
2026-04-14 22:16:10,998 | INFO | [FROZEN] opx_liq s=56 pwlr GB P_kbar rmse=5.01 r2=0.375 (0s)
2026-04-14 22:16:11,008 | INFO | CHECKPOINT opx_liq seed=56 | 360 rows | 0.26h
2026-04-14 22:16:13,533 | INFO | [FROZEN] opx_liq s=57 raw RF T_C rmse=81.90 r2=0.678 (3s)
2026-04-14 22:16:18,153 | INFO | [FROZEN] opx_liq s=57 raw RF P_kbar rmse=4.33 r2=0.700 (5s)
2026-04-14 22:16:20,235 | INFO | [FROZEN] opx_liq s=57 raw ERT T_C rmse=84.44 r2=0.658 (2s)
2026-04-14 22:16:20,616 | INFO | [FROZEN] opx_liq s=57 raw ERT P_kbar rmse=5.19 r2=0.569 (0s)
2026-04-14 22:16:22,532 | INFO | [FROZEN] opx_liq s=57 raw XGB T_C rmse=79.48 r2=0.697 (2s)
2026-04-14 22:16:23,156 | INFO | [FROZEN] opx_liq s=57 raw XGB P_kbar rmse=4.77 r2=0.635 (1s)
2026-04-14 22:16:23,942 | INFO | [FROZEN] opx_liq s=57 raw GB T_C rmse=74.51 r2=0.734 (1s)
2026-04-14 22:16:24,308 | INFO | [FROZEN] opx_liq s=57 raw GB P_kbar rmse=4.60 r2=0.661 (0s)
2026-04-14 22:16:28,389 | INFO | [FROZEN] opx_liq s=57 alr RF T_C rmse=76.88 r2=0.716 (4s)
2026-04-14 22:16:30,709 | INFO | [FROZEN] opx_liq s=57 alr RF P_kbar rmse=5.25 r2=0.559 (2s)
2026-04-14 22:16:31,908 | INFO | [FROZEN] opx_liq s=57 alr ERT T_C rmse=81.74 r2=0.679 (1s)
2026-04-14 22:16:33,033 | INFO | [FROZEN] opx_liq s=57 alr ERT P_kbar rmse=5.77 r2=0.467 (1s)
2026-04-14 22:16:35,914 | INFO | [FROZEN] opx_liq s=57 alr XGB T_C rmse=79.37 r2=0.698 (3s)
2026-04-14 22:16:37,360 | INFO | [FROZEN] opx_liq s=57 alr XGB P_kbar rmse=5.41 r2=0.533 (1s)
2026-04-14 22:16:37,926 | INFO | [FROZEN] opx_liq s=57 alr GB T_C rmse=75.18 r2=0.729 (1s)
2026-04-14 22:16:38,329 | INFO | [FROZEN] opx_liq s=57 alr GB P_kbar rmse=4.94 r2=0.610 (0s)
2026-04-14 22:16:43,312 | INFO | [FROZEN] opx_liq s=57 pwlr RF T_C rmse=74.70 r2=0.732 (5s)
2026-04-14 22:16:45,159 | INFO | [FROZEN] opx_liq s=57 pwlr RF P_kbar rmse=6.31 r2=0.363 (2s)
2026-04-14 22:16:49,125 | INFO | [FROZEN] opx_liq s=57 pwlr ERT T_C rmse=82.15 r2=0.676 (4s)
2026-04-14 22:16:49,946 | INFO | [FROZEN] opx_liq s=57 pwlr ERT P_kbar rmse=6.30 r2=0.365 (1s)
2026-04-14 22:16:58,831 | INFO | [FROZEN] opx_liq s=57 pwlr XGB T_C rmse=79.30 r2=0.698 (9s)
2026-04-14 22:16:59,775 | INFO | [FROZEN] opx_liq s=57 pwlr XGB P_kbar rmse=5.37 r2=0.538 (1s)
2026-04-14 22:17:00,484 | INFO | [FROZEN] opx_liq s=57 pwlr GB T_C rmse=81.26 r2=0.683 (1s)
2026-04-14 22:17:00,952 | INFO | [FROZEN] opx_liq s=57 pwlr GB P_kbar rmse=5.98 r2=0.428 (0s)
2026-04-14 22:17:00,962 | INFO | CHECKPOINT opx_liq seed=57 | 384 rows | 0.27h
2026-04-14 22:17:03,327 | INFO | [FROZEN] opx_liq s=58 raw RF T_C rmse=65.82 r2=0.822 (2s)
2026-04-14 22:17:06,971 | INFO | [FROZEN] opx_liq s=58 raw RF P_kbar rmse=6.18 r2=0.687 (4s)
2026-04-14 22:17:09,280 | INFO | [FROZEN] opx_liq s=58 raw ERT T_C rmse=67.75 r2=0.811 (2s)
2026-04-14 22:17:09,607 | INFO | [FROZEN] opx_liq s=58 raw ERT P_kbar rmse=7.84 r2=0.496 (0s)
2026-04-14 22:17:11,534 | INFO | [FROZEN] opx_liq s=58 raw XGB T_C rmse=61.05 r2=0.847 (2s)
2026-04-14 22:17:12,219 | INFO | [FROZEN] opx_liq s=58 raw XGB P_kbar rmse=5.78 r2=0.725 (1s)
2026-04-14 22:17:13,118 | INFO | [FROZEN] opx_liq s=58 raw GB T_C rmse=69.29 r2=0.803 (1s)
2026-04-14 22:17:13,454 | INFO | [FROZEN] opx_liq s=58 raw GB P_kbar rmse=5.72 r2=0.732 (0s)
2026-04-14 22:17:17,320 | INFO | [FROZEN] opx_liq s=58 alr RF T_C rmse=65.15 r2=0.826 (4s)
2026-04-14 22:17:20,192 | INFO | [FROZEN] opx_liq s=58 alr RF P_kbar rmse=6.69 r2=0.633 (3s)
2026-04-14 22:17:21,413 | INFO | [FROZEN] opx_liq s=58 alr ERT T_C rmse=64.06 r2=0.831 (1s)
2026-04-14 22:17:22,620 | INFO | [FROZEN] opx_liq s=58 alr ERT P_kbar rmse=7.89 r2=0.489 (1s)
2026-04-14 22:17:25,257 | INFO | [FROZEN] opx_liq s=58 alr XGB T_C rmse=59.09 r2=0.857 (3s)
2026-04-14 22:17:26,532 | INFO | [FROZEN] opx_liq s=58 alr XGB P_kbar rmse=6.37 r2=0.667 (1s)
2026-04-14 22:17:27,217 | INFO | [FROZEN] opx_liq s=58 alr GB T_C rmse=71.29 r2=0.791 (1s)
2026-04-14 22:17:27,566 | INFO | [FROZEN] opx_liq s=58 alr GB P_kbar rmse=6.90 r2=0.609 (0s)
2026-04-14 22:17:32,904 | INFO | [FROZEN] opx_liq s=58 pwlr RF T_C rmse=63.46 r2=0.835 (5s)
2026-04-14 22:17:34,437 | INFO | [FROZEN] opx_liq s=58 pwlr RF P_kbar rmse=8.89 r2=0.351 (2s)
2026-04-14 22:17:37,859 | INFO | [FROZEN] opx_liq s=58 pwlr ERT T_C rmse=67.60 r2=0.812 (3s)
2026-04-14 22:17:38,542 | INFO | [FROZEN] opx_liq s=58 pwlr ERT P_kbar rmse=9.03 r2=0.330 (1s)
2026-04-14 22:17:46,617 | INFO | [FROZEN] opx_liq s=58 pwlr XGB T_C rmse=62.39 r2=0.840 (8s)
2026-04-14 22:17:47,547 | INFO | [FROZEN] opx_liq s=58 pwlr XGB P_kbar rmse=7.72 r2=0.511 (1s)
2026-04-14 22:17:48,019 | INFO | [FROZEN] opx_liq s=58 pwlr GB T_C rmse=72.43 r2=0.785 (0s)
2026-04-14 22:17:48,657 | INFO | [FROZEN] opx_liq s=58 pwlr GB P_kbar rmse=8.37 r2=0.425 (1s)
2026-04-14 22:17:48,668 | INFO | CHECKPOINT opx_liq seed=58 | 408 rows | 0.29h
2026-04-14 22:17:51,489 | INFO | [FROZEN] opx_liq s=59 raw RF T_C rmse=65.00 r2=0.796 (3s)
2026-04-14 22:17:55,564 | INFO | [FROZEN] opx_liq s=59 raw RF P_kbar rmse=4.10 r2=0.680 (4s)
2026-04-14 22:17:57,485 | INFO | [FROZEN] opx_liq s=59 raw ERT T_C rmse=71.00 r2=0.757 (2s)
2026-04-14 22:17:57,776 | INFO | [FROZEN] opx_liq s=59 raw ERT P_kbar rmse=3.92 r2=0.708 (0s)
2026-04-14 22:17:59,958 | INFO | [FROZEN] opx_liq s=59 raw XGB T_C rmse=69.87 r2=0.765 (2s)
2026-04-14 22:18:00,787 | INFO | [FROZEN] opx_liq s=59 raw XGB P_kbar rmse=3.46 r2=0.772 (1s)
2026-04-14 22:18:01,823 | INFO | [FROZEN] opx_liq s=59 raw GB T_C rmse=64.49 r2=0.799 (1s)
2026-04-14 22:18:02,102 | INFO | [FROZEN] opx_liq s=59 raw GB P_kbar rmse=4.08 r2=0.683 (0s)
2026-04-14 22:18:07,833 | INFO | [FROZEN] opx_liq s=59 alr RF T_C rmse=67.85 r2=0.778 (6s)
2026-04-14 22:18:10,328 | INFO | [FROZEN] opx_liq s=59 alr RF P_kbar rmse=3.50 r2=0.767 (2s)
2026-04-14 22:18:11,759 | INFO | [FROZEN] opx_liq s=59 alr ERT T_C rmse=70.80 r2=0.758 (1s)
2026-04-14 22:18:12,904 | INFO | [FROZEN] opx_liq s=59 alr ERT P_kbar rmse=4.28 r2=0.651 (1s)
2026-04-14 22:18:16,049 | INFO | [FROZEN] opx_liq s=59 alr XGB T_C rmse=72.58 r2=0.746 (3s)
2026-04-14 22:18:17,536 | INFO | [FROZEN] opx_liq s=59 alr XGB P_kbar rmse=3.51 r2=0.766 (1s)
2026-04-14 22:18:18,054 | INFO | [FROZEN] opx_liq s=59 alr GB T_C rmse=62.11 r2=0.814 (1s)
2026-04-14 22:18:18,538 | INFO | [FROZEN] opx_liq s=59 alr GB P_kbar rmse=3.18 r2=0.807 (0s)
2026-04-14 22:18:23,629 | INFO | [FROZEN] opx_liq s=59 pwlr RF T_C rmse=70.39 r2=0.761 (5s)
2026-04-14 22:18:25,651 | INFO | [FROZEN] opx_liq s=59 pwlr RF P_kbar rmse=4.33 r2=0.643 (2s)
2026-04-14 22:18:30,364 | INFO | [FROZEN] opx_liq s=59 pwlr ERT T_C rmse=82.26 r2=0.674 (5s)
2026-04-14 22:18:31,172 | INFO | [FROZEN] opx_liq s=59 pwlr ERT P_kbar rmse=4.75 r2=0.571 (1s)
2026-04-14 22:18:40,092 | INFO | [FROZEN] opx_liq s=59 pwlr XGB T_C rmse=76.40 r2=0.719 (9s)
2026-04-14 22:18:41,296 | INFO | [FROZEN] opx_liq s=59 pwlr XGB P_kbar rmse=3.78 r2=0.728 (1s)
2026-04-14 22:18:41,750 | INFO | [FROZEN] opx_liq s=59 pwlr GB T_C rmse=70.95 r2=0.757 (0s)
2026-04-14 22:18:42,203 | INFO | [FROZEN] opx_liq s=59 pwlr GB P_kbar rmse=3.94 r2=0.705 (0s)
2026-04-14 22:18:42,214 | INFO | CHECKPOINT opx_liq seed=59 | 432 rows | 0.30h
2026-04-14 22:18:46,248 | INFO | [FROZEN] opx_liq s=60 raw RF T_C rmse=81.25 r2=0.746 (4s)
2026-04-14 22:18:52,694 | INFO | [FROZEN] opx_liq s=60 raw RF P_kbar rmse=6.34 r2=0.597 (6s)
2026-04-14 22:18:56,006 | INFO | [FROZEN] opx_liq s=60 raw ERT T_C rmse=79.23 r2=0.758 (3s)
2026-04-14 22:18:56,442 | INFO | [FROZEN] opx_liq s=60 raw ERT P_kbar rmse=6.15 r2=0.620 (0s)
2026-04-14 22:18:58,502 | INFO | [FROZEN] opx_liq s=60 raw XGB T_C rmse=89.63 r2=0.691 (2s)
2026-04-14 22:18:59,559 | INFO | [FROZEN] opx_liq s=60 raw XGB P_kbar rmse=5.22 r2=0.727 (1s)
2026-04-14 22:19:00,556 | INFO | [FROZEN] opx_liq s=60 raw GB T_C rmse=84.07 r2=0.728 (1s)
2026-04-14 22:19:00,767 | INFO | [FROZEN] opx_liq s=60 raw GB P_kbar rmse=4.92 r2=0.757 (0s)
2026-04-14 22:19:05,518 | INFO | [FROZEN] opx_liq s=60 alr RF T_C rmse=87.22 r2=0.707 (5s)
2026-04-14 22:19:08,673 | INFO | [FROZEN] opx_liq s=60 alr RF P_kbar rmse=6.13 r2=0.623 (3s)
2026-04-14 22:19:09,991 | INFO | [FROZEN] opx_liq s=60 alr ERT T_C rmse=83.87 r2=0.729 (1s)
2026-04-14 22:19:11,180 | INFO | [FROZEN] opx_liq s=60 alr ERT P_kbar rmse=6.66 r2=0.555 (1s)
2026-04-14 22:19:16,323 | INFO | [FROZEN] opx_liq s=60 alr XGB T_C rmse=83.00 r2=0.735 (5s)
2026-04-14 22:19:19,188 | INFO | [FROZEN] opx_liq s=60 alr XGB P_kbar rmse=6.52 r2=0.573 (3s)
2026-04-14 22:19:19,994 | INFO | [FROZEN] opx_liq s=60 alr GB T_C rmse=89.76 r2=0.690 (1s)
2026-04-14 22:19:20,673 | INFO | [FROZEN] opx_liq s=60 alr GB P_kbar rmse=7.87 r2=0.379 (1s)
2026-04-14 22:19:26,364 | INFO | [FROZEN] opx_liq s=60 pwlr RF T_C rmse=83.56 r2=0.731 (6s)
2026-04-14 22:19:28,434 | INFO | [FROZEN] opx_liq s=60 pwlr RF P_kbar rmse=6.15 r2=0.620 (2s)
2026-04-14 22:19:33,470 | INFO | [FROZEN] opx_liq s=60 pwlr ERT T_C rmse=79.90 r2=0.754 (5s)
2026-04-14 22:19:34,223 | INFO | [FROZEN] opx_liq s=60 pwlr ERT P_kbar rmse=6.44 r2=0.583 (1s)
2026-04-14 22:19:41,871 | INFO | [FROZEN] opx_liq s=60 pwlr XGB T_C rmse=84.97 r2=0.722 (8s)
2026-04-14 22:19:42,721 | INFO | [FROZEN] opx_liq s=60 pwlr XGB P_kbar rmse=7.40 r2=0.450 (1s)
2026-04-14 22:19:43,054 | INFO | [FROZEN] opx_liq s=60 pwlr GB T_C rmse=90.48 r2=0.685 (0s)
2026-04-14 22:19:43,843 | INFO | [FROZEN] opx_liq s=60 pwlr GB P_kbar rmse=8.78 r2=0.226 (1s)
2026-04-14 22:19:43,861 | INFO | CHECKPOINT opx_liq seed=60 | 456 rows | 0.32h
2026-04-14 22:19:47,131 | INFO | [FROZEN] opx_liq s=61 raw RF T_C rmse=109.43 r2=0.429 (3s)
2026-04-14 22:19:50,922 | INFO | [FROZEN] opx_liq s=61 raw RF P_kbar rmse=4.82 r2=0.682 (4s)
2026-04-14 22:19:53,138 | INFO | [FROZEN] opx_liq s=61 raw ERT T_C rmse=106.72 r2=0.456 (2s)
2026-04-14 22:19:53,411 | INFO | [FROZEN] opx_liq s=61 raw ERT P_kbar rmse=4.75 r2=0.692 (0s)
2026-04-14 22:19:55,275 | INFO | [FROZEN] opx_liq s=61 raw XGB T_C rmse=103.84 r2=0.485 (2s)
2026-04-14 22:19:56,138 | INFO | [FROZEN] opx_liq s=61 raw XGB P_kbar rmse=4.03 r2=0.778 (1s)
2026-04-14 22:19:56,923 | INFO | [FROZEN] opx_liq s=61 raw GB T_C rmse=104.01 r2=0.484 (1s)
2026-04-14 22:19:57,159 | INFO | [FROZEN] opx_liq s=61 raw GB P_kbar rmse=4.43 r2=0.733 (0s)
2026-04-14 22:20:01,023 | INFO | [FROZEN] opx_liq s=61 alr RF T_C rmse=107.71 r2=0.446 (4s)
2026-04-14 22:20:03,860 | INFO | [FROZEN] opx_liq s=61 alr RF P_kbar rmse=4.28 r2=0.750 (3s)
2026-04-14 22:20:04,956 | INFO | [FROZEN] opx_liq s=61 alr ERT T_C rmse=108.20 r2=0.441 (1s)
2026-04-14 22:20:06,014 | INFO | [FROZEN] opx_liq s=61 alr ERT P_kbar rmse=4.47 r2=0.727 (1s)
2026-04-14 22:20:10,066 | INFO | [FROZEN] opx_liq s=61 alr XGB T_C rmse=109.69 r2=0.426 (4s)
2026-04-14 22:20:11,714 | INFO | [FROZEN] opx_liq s=61 alr XGB P_kbar rmse=4.52 r2=0.721 (2s)
2026-04-14 22:20:12,151 | INFO | [FROZEN] opx_liq s=61 alr GB T_C rmse=107.55 r2=0.448 (0s)
2026-04-14 22:20:12,514 | INFO | [FROZEN] opx_liq s=61 alr GB P_kbar rmse=4.35 r2=0.742 (0s)
2026-04-14 22:20:19,417 | INFO | [FROZEN] opx_liq s=61 pwlr RF T_C rmse=111.14 r2=0.411 (7s)
2026-04-14 22:20:21,957 | INFO | [FROZEN] opx_liq s=61 pwlr RF P_kbar rmse=4.49 r2=0.724 (3s)
2026-04-14 22:20:26,497 | INFO | [FROZEN] opx_liq s=61 pwlr ERT T_C rmse=111.60 r2=0.406 (5s)
2026-04-14 22:20:27,495 | INFO | [FROZEN] opx_liq s=61 pwlr ERT P_kbar rmse=4.54 r2=0.719 (1s)
2026-04-14 22:20:39,107 | INFO | [FROZEN] opx_liq s=61 pwlr XGB T_C rmse=110.80 r2=0.414 (12s)
2026-04-14 22:20:40,227 | INFO | [FROZEN] opx_liq s=61 pwlr XGB P_kbar rmse=3.92 r2=0.790 (1s)
2026-04-14 22:20:40,685 | INFO | [FROZEN] opx_liq s=61 pwlr GB T_C rmse=105.27 r2=0.471 (0s)
2026-04-14 22:20:41,104 | INFO | [FROZEN] opx_liq s=61 pwlr GB P_kbar rmse=3.67 r2=0.816 (0s)
2026-04-14 22:20:41,116 | INFO | CHECKPOINT opx_liq seed=61 | 480 rows | 0.33h
2026-04-14 22:20:42,342 | INFO | [FROZEN] opx_only s=42 raw RF T_C rmse=154.96 r2=0.222 (1s)
2026-04-14 22:20:43,841 | INFO | [FROZEN] opx_only s=42 raw RF P_kbar rmse=12.85 r2=0.148 (1s)
2026-04-14 22:20:45,162 | INFO | [FROZEN] opx_only s=42 raw ERT T_C rmse=162.30 r2=0.147 (1s)
2026-04-14 22:20:47,165 | INFO | [FROZEN] opx_only s=42 raw ERT P_kbar rmse=12.86 r2=0.147 (2s)
2026-04-14 22:20:47,391 | INFO | [FROZEN] opx_only s=42 raw XGB T_C rmse=148.37 r2=0.287 (0s)
2026-04-14 22:20:48,534 | INFO | [FROZEN] opx_only s=42 raw XGB P_kbar rmse=11.75 r2=0.289 (1s)
2026-04-14 22:20:49,104 | INFO | [FROZEN] opx_only s=42 raw GB T_C rmse=153.66 r2=0.235 (1s)
2026-04-14 22:20:49,365 | INFO | [FROZEN] opx_only s=42 raw GB P_kbar rmse=12.73 r2=0.165 (0s)
2026-04-14 22:20:49,916 | INFO | [FROZEN] opx_only s=42 alr RF T_C rmse=153.77 r2=0.234 (1s)
2026-04-14 22:20:51,100 | INFO | [FROZEN] opx_only s=42 alr RF P_kbar rmse=12.03 r2=0.254 (1s)
2026-04-14 22:20:52,491 | INFO | [FROZEN] opx_only s=42 alr ERT T_C rmse=167.91 r2=0.087 (1s)
2026-04-14 22:20:53,734 | INFO | [FROZEN] opx_only s=42 alr ERT P_kbar rmse=11.17 r2=0.356 (1s)
2026-04-14 22:20:55,233 | INFO | [FROZEN] opx_only s=42 alr XGB T_C rmse=146.95 r2=0.301 (1s)
2026-04-14 22:20:55,861 | INFO | [FROZEN] opx_only s=42 alr XGB P_kbar rmse=10.39 r2=0.444 (1s)
2026-04-14 22:20:57,212 | INFO | [FROZEN] opx_only s=42 alr GB T_C rmse=147.39 r2=0.297 (1s)
2026-04-14 22:20:57,998 | INFO | [FROZEN] opx_only s=42 alr GB P_kbar rmse=11.84 r2=0.277 (1s)
2026-04-14 22:20:59,136 | INFO | [FROZEN] opx_only s=42 pwlr RF T_C rmse=151.68 r2=0.255 (1s)
2026-04-14 22:21:02,085 | INFO | [FROZEN] opx_only s=42 pwlr RF P_kbar rmse=10.40 r2=0.442 (3s)
2026-04-14 22:21:03,428 | INFO | [FROZEN] opx_only s=42 pwlr ERT T_C rmse=161.23 r2=0.158 (1s)
2026-04-14 22:21:06,655 | INFO | [FROZEN] opx_only s=42 pwlr ERT P_kbar rmse=11.60 r2=0.306 (3s)
2026-04-14 22:21:09,191 | INFO | [FROZEN] opx_only s=42 pwlr XGB T_C rmse=149.17 r2=0.280 (3s)
2026-04-14 22:21:09,720 | INFO | [FROZEN] opx_only s=42 pwlr XGB P_kbar rmse=10.17 r2=0.467 (1s)
2026-04-14 22:21:10,384 | INFO | [FROZEN] opx_only s=42 pwlr GB T_C rmse=153.17 r2=0.240 (1s)
2026-04-14 22:21:10,696 | INFO | [FROZEN] opx_only s=42 pwlr GB P_kbar rmse=11.40 r2=0.330 (0s)
2026-04-14 22:21:10,708 | INFO | CHECKPOINT opx_only seed=42 | 504 rows | 0.34h
2026-04-14 22:21:11,908 | INFO | [FROZEN] opx_only s=43 raw RF T_C rmse=153.20 r2=0.303 (1s)
2026-04-14 22:21:13,702 | INFO | [FROZEN] opx_only s=43 raw RF P_kbar rmse=12.89 r2=0.103 (2s)
2026-04-14 22:21:15,836 | INFO | [FROZEN] opx_only s=43 raw ERT T_C rmse=145.53 r2=0.371 (2s)
2026-04-14 22:21:18,345 | INFO | [FROZEN] opx_only s=43 raw ERT P_kbar rmse=14.36 r2=-0.113 (3s)
2026-04-14 22:21:18,818 | INFO | [FROZEN] opx_only s=43 raw XGB T_C rmse=151.19 r2=0.321 (0s)
2026-04-14 22:21:21,279 | INFO | [FROZEN] opx_only s=43 raw XGB P_kbar rmse=11.95 r2=0.229 (2s)
2026-04-14 22:21:21,741 | INFO | [FROZEN] opx_only s=43 raw GB T_C rmse=148.96 r2=0.341 (0s)
2026-04-14 22:21:22,344 | INFO | [FROZEN] opx_only s=43 raw GB P_kbar rmse=12.64 r2=0.138 (1s)
2026-04-14 22:21:23,309 | INFO | [FROZEN] opx_only s=43 alr RF T_C rmse=149.97 r2=0.332 (1s)
2026-04-14 22:21:24,645 | INFO | [FROZEN] opx_only s=43 alr RF P_kbar rmse=12.10 r2=0.210 (1s)
2026-04-14 22:21:25,863 | INFO | [FROZEN] opx_only s=43 alr ERT T_C rmse=153.25 r2=0.302 (1s)
2026-04-14 22:21:26,833 | INFO | [FROZEN] opx_only s=43 alr ERT P_kbar rmse=11.80 r2=0.248 (1s)
2026-04-14 22:21:28,358 | INFO | [FROZEN] opx_only s=43 alr XGB T_C rmse=149.26 r2=0.338 (2s)
2026-04-14 22:21:28,842 | INFO | [FROZEN] opx_only s=43 alr XGB P_kbar rmse=11.82 r2=0.246 (0s)
2026-04-14 22:21:31,518 | INFO | [FROZEN] opx_only s=43 alr GB T_C rmse=154.50 r2=0.291 (3s)
2026-04-14 22:21:33,323 | INFO | [FROZEN] opx_only s=43 alr GB P_kbar rmse=12.10 r2=0.210 (2s)
2026-04-14 22:21:34,601 | INFO | [FROZEN] opx_only s=43 pwlr RF T_C rmse=146.62 r2=0.361 (1s)
2026-04-14 22:21:37,079 | INFO | [FROZEN] opx_only s=43 pwlr RF P_kbar rmse=11.79 r2=0.250 (2s)
2026-04-14 22:21:39,062 | INFO | [FROZEN] opx_only s=43 pwlr ERT T_C rmse=151.03 r2=0.322 (2s)
2026-04-14 22:21:43,705 | INFO | [FROZEN] opx_only s=43 pwlr ERT P_kbar rmse=11.45 r2=0.292 (5s)
2026-04-14 22:21:47,115 | INFO | [FROZEN] opx_only s=43 pwlr XGB T_C rmse=146.99 r2=0.358 (3s)
2026-04-14 22:21:47,883 | INFO | [FROZEN] opx_only s=43 pwlr XGB P_kbar rmse=12.36 r2=0.175 (1s)
2026-04-14 22:21:48,561 | INFO | [FROZEN] opx_only s=43 pwlr GB T_C rmse=149.53 r2=0.336 (1s)
2026-04-14 22:21:49,936 | INFO | [FROZEN] opx_only s=43 pwlr GB P_kbar rmse=13.60 r2=0.002 (1s)
2026-04-14 22:21:49,956 | INFO | CHECKPOINT opx_only seed=43 | 528 rows | 0.35h
2026-04-14 22:21:51,651 | INFO | [FROZEN] opx_only s=44 raw RF T_C rmse=131.07 r2=0.462 (2s)
2026-04-14 22:21:53,588 | INFO | [FROZEN] opx_only s=44 raw RF P_kbar rmse=14.64 r2=0.161 (2s)
2026-04-14 22:21:55,165 | INFO | [FROZEN] opx_only s=44 raw ERT T_C rmse=131.67 r2=0.457 (2s)
2026-04-14 22:21:57,964 | INFO | [FROZEN] opx_only s=44 raw ERT P_kbar rmse=13.58 r2=0.278 (3s)
2026-04-14 22:21:58,207 | INFO | [FROZEN] opx_only s=44 raw XGB T_C rmse=129.60 r2=0.474 (0s)
2026-04-14 22:21:59,392 | INFO | [FROZEN] opx_only s=44 raw XGB P_kbar rmse=14.71 r2=0.153 (1s)
2026-04-14 22:21:59,806 | INFO | [FROZEN] opx_only s=44 raw GB T_C rmse=135.61 r2=0.424 (0s)
2026-04-14 22:22:00,979 | INFO | [FROZEN] opx_only s=44 raw GB P_kbar rmse=14.64 r2=0.161 (1s)
2026-04-14 22:22:02,168 | INFO | [FROZEN] opx_only s=44 alr RF T_C rmse=135.47 r2=0.425 (1s)
2026-04-14 22:22:03,739 | INFO | [FROZEN] opx_only s=44 alr RF P_kbar rmse=14.72 r2=0.151 (2s)
2026-04-14 22:22:05,877 | INFO | [FROZEN] opx_only s=44 alr ERT T_C rmse=134.26 r2=0.435 (2s)
2026-04-14 22:22:07,937 | INFO | [FROZEN] opx_only s=44 alr ERT P_kbar rmse=14.90 r2=0.130 (2s)
2026-04-14 22:22:10,811 | INFO | [FROZEN] opx_only s=44 alr XGB T_C rmse=130.53 r2=0.466 (3s)
2026-04-14 22:22:11,473 | INFO | [FROZEN] opx_only s=44 alr XGB P_kbar rmse=13.99 r2=0.233 (1s)
2026-04-14 22:22:14,020 | INFO | [FROZEN] opx_only s=44 alr GB T_C rmse=133.65 r2=0.440 (3s)
2026-04-14 22:22:14,771 | INFO | [FROZEN] opx_only s=44 alr GB P_kbar rmse=15.49 r2=0.060 (1s)
2026-04-14 22:22:16,425 | INFO | [FROZEN] opx_only s=44 pwlr RF T_C rmse=116.62 r2=0.574 (2s)
2026-04-14 22:22:19,337 | INFO | [FROZEN] opx_only s=44 pwlr RF P_kbar rmse=12.29 r2=0.408 (3s)
2026-04-14 22:22:21,876 | INFO | [FROZEN] opx_only s=44 pwlr ERT T_C rmse=119.22 r2=0.555 (3s)
2026-04-14 22:22:26,730 | INFO | [FROZEN] opx_only s=44 pwlr ERT P_kbar rmse=14.04 r2=0.228 (5s)
2026-04-14 22:22:30,546 | INFO | [FROZEN] opx_only s=44 pwlr XGB T_C rmse=113.27 r2=0.598 (4s)
2026-04-14 22:22:31,094 | INFO | [FROZEN] opx_only s=44 pwlr XGB P_kbar rmse=14.51 r2=0.175 (1s)
2026-04-14 22:22:31,456 | INFO | [FROZEN] opx_only s=44 pwlr GB T_C rmse=127.50 r2=0.491 (0s)
2026-04-14 22:22:32,856 | INFO | [FROZEN] opx_only s=44 pwlr GB P_kbar rmse=15.97 r2=0.001 (1s)
2026-04-14 22:22:32,880 | INFO | CHECKPOINT opx_only seed=44 | 552 rows | 0.36h
2026-04-14 22:22:34,784 | INFO | [FROZEN] opx_only s=45 raw RF T_C rmse=170.79 r2=0.331 (2s)
2026-04-14 22:22:36,397 | INFO | [FROZEN] opx_only s=45 raw RF P_kbar rmse=10.15 r2=0.260 (2s)
2026-04-14 22:22:37,901 | INFO | [FROZEN] opx_only s=45 raw ERT T_C rmse=173.68 r2=0.309 (2s)
2026-04-14 22:22:40,401 | INFO | [FROZEN] opx_only s=45 raw ERT P_kbar rmse=9.48 r2=0.355 (2s)
2026-04-14 22:22:40,638 | INFO | [FROZEN] opx_only s=45 raw XGB T_C rmse=163.97 r2=0.384 (0s)
2026-04-14 22:22:42,154 | INFO | [FROZEN] opx_only s=45 raw XGB P_kbar rmse=9.94 r2=0.291 (2s)
2026-04-14 22:22:42,939 | INFO | [FROZEN] opx_only s=45 raw GB T_C rmse=162.00 r2=0.398 (1s)
2026-04-14 22:22:43,806 | INFO | [FROZEN] opx_only s=45 raw GB P_kbar rmse=8.92 r2=0.429 (1s)
2026-04-14 22:22:44,865 | INFO | [FROZEN] opx_only s=45 alr RF T_C rmse=163.88 r2=0.384 (1s)
2026-04-14 22:22:46,520 | INFO | [FROZEN] opx_only s=45 alr RF P_kbar rmse=9.82 r2=0.308 (2s)
2026-04-14 22:22:47,838 | INFO | [FROZEN] opx_only s=45 alr ERT T_C rmse=175.36 r2=0.295 (1s)
2026-04-14 22:22:49,273 | INFO | [FROZEN] opx_only s=45 alr ERT P_kbar rmse=9.47 r2=0.357 (1s)
2026-04-14 22:22:50,950 | INFO | [FROZEN] opx_only s=45 alr XGB T_C rmse=166.61 r2=0.364 (2s)
2026-04-14 22:22:51,626 | INFO | [FROZEN] opx_only s=45 alr XGB P_kbar rmse=9.07 r2=0.410 (1s)
2026-04-14 22:22:54,079 | INFO | [FROZEN] opx_only s=45 alr GB T_C rmse=166.55 r2=0.364 (2s)
2026-04-14 22:22:54,600 | INFO | [FROZEN] opx_only s=45 alr GB P_kbar rmse=8.96 r2=0.424 (1s)
2026-04-14 22:22:56,429 | INFO | [FROZEN] opx_only s=45 pwlr RF T_C rmse=160.33 r2=0.411 (2s)
2026-04-14 22:22:59,468 | INFO | [FROZEN] opx_only s=45 pwlr RF P_kbar rmse=8.94 r2=0.427 (3s)
2026-04-14 22:23:03,312 | INFO | [FROZEN] opx_only s=45 pwlr ERT T_C rmse=162.18 r2=0.397 (4s)
2026-04-14 22:23:08,619 | INFO | [FROZEN] opx_only s=45 pwlr ERT P_kbar rmse=9.04 r2=0.413 (5s)
2026-04-14 22:23:12,778 | INFO | [FROZEN] opx_only s=45 pwlr XGB T_C rmse=167.15 r2=0.360 (4s)
2026-04-14 22:23:14,832 | INFO | [FROZEN] opx_only s=45 pwlr XGB P_kbar rmse=10.02 r2=0.280 (2s)
2026-04-14 22:23:16,892 | INFO | [FROZEN] opx_only s=45 pwlr GB T_C rmse=170.55 r2=0.333 (2s)
2026-04-14 22:23:18,030 | INFO | [FROZEN] opx_only s=45 pwlr GB P_kbar rmse=10.53 r2=0.205 (1s)
2026-04-14 22:23:18,056 | INFO | CHECKPOINT opx_only seed=45 | 576 rows | 0.38h
2026-04-14 22:23:21,799 | INFO | [FROZEN] opx_only s=46 raw RF T_C rmse=162.67 r2=0.354 (4s)
2026-04-14 22:23:24,979 | INFO | [FROZEN] opx_only s=46 raw RF P_kbar rmse=19.08 r2=0.011 (3s)
2026-04-14 22:23:28,241 | INFO | [FROZEN] opx_only s=46 raw ERT T_C rmse=156.98 r2=0.398 (3s)
2026-04-14 22:23:32,096 | INFO | [FROZEN] opx_only s=46 raw ERT P_kbar rmse=17.69 r2=0.150 (4s)
2026-04-14 22:23:32,789 | INFO | [FROZEN] opx_only s=46 raw XGB T_C rmse=157.30 r2=0.396 (1s)
2026-04-14 22:23:36,296 | INFO | [FROZEN] opx_only s=46 raw XGB P_kbar rmse=18.94 r2=0.026 (3s)
2026-04-14 22:23:37,322 | INFO | [FROZEN] opx_only s=46 raw GB T_C rmse=157.05 r2=0.398 (1s)
2026-04-14 22:23:38,489 | INFO | [FROZEN] opx_only s=46 raw GB P_kbar rmse=18.37 r2=0.084 (1s)
2026-04-14 22:23:40,357 | INFO | [FROZEN] opx_only s=46 alr RF T_C rmse=156.40 r2=0.403 (2s)
2026-04-14 22:23:43,161 | INFO | [FROZEN] opx_only s=46 alr RF P_kbar rmse=19.90 r2=-0.075 (3s)
2026-04-14 22:23:44,602 | INFO | [FROZEN] opx_only s=46 alr ERT T_C rmse=155.03 r2=0.413 (1s)
2026-04-14 22:23:46,877 | INFO | [FROZEN] opx_only s=46 alr ERT P_kbar rmse=19.01 r2=0.018 (2s)
2026-04-14 22:23:54,120 | INFO | [FROZEN] opx_only s=46 alr XGB T_C rmse=162.67 r2=0.354 (7s)
2026-04-14 22:23:55,486 | INFO | [FROZEN] opx_only s=46 alr XGB P_kbar rmse=18.19 r2=0.102 (1s)
2026-04-14 22:23:59,776 | INFO | [FROZEN] opx_only s=46 alr GB T_C rmse=169.38 r2=0.299 (4s)
2026-04-14 22:24:00,493 | INFO | [FROZEN] opx_only s=46 alr GB P_kbar rmse=18.14 r2=0.106 (1s)
2026-04-14 22:24:03,660 | INFO | [FROZEN] opx_only s=46 pwlr RF T_C rmse=154.38 r2=0.418 (3s)
2026-04-14 22:24:07,302 | INFO | [FROZEN] opx_only s=46 pwlr RF P_kbar rmse=18.22 r2=0.098 (4s)
2026-04-14 22:24:09,197 | INFO | [FROZEN] opx_only s=46 pwlr ERT T_C rmse=155.06 r2=0.413 (2s)
2026-04-14 22:24:14,483 | INFO | [FROZEN] opx_only s=46 pwlr ERT P_kbar rmse=18.56 r2=0.064 (5s)
2026-04-14 22:24:18,498 | INFO | [FROZEN] opx_only s=46 pwlr XGB T_C rmse=162.12 r2=0.358 (4s)
2026-04-14 22:24:19,331 | INFO | [FROZEN] opx_only s=46 pwlr XGB P_kbar rmse=17.95 r2=0.125 (1s)
2026-04-14 22:24:20,293 | INFO | [FROZEN] opx_only s=46 pwlr GB T_C rmse=162.74 r2=0.353 (1s)
2026-04-14 22:24:20,980 | INFO | [FROZEN] opx_only s=46 pwlr GB P_kbar rmse=17.94 r2=0.126 (1s)
2026-04-14 22:24:21,004 | INFO | CHECKPOINT opx_only seed=46 | 600 rows | 0.39h
2026-04-14 22:24:22,555 | INFO | [FROZEN] opx_only s=47 raw RF T_C rmse=141.53 r2=0.403 (2s)
2026-04-14 22:24:23,878 | INFO | [FROZEN] opx_only s=47 raw RF P_kbar rmse=11.52 r2=0.231 (1s)
2026-04-14 22:24:26,824 | INFO | [FROZEN] opx_only s=47 raw ERT T_C rmse=149.21 r2=0.336 (3s)
2026-04-14 22:24:30,951 | INFO | [FROZEN] opx_only s=47 raw ERT P_kbar rmse=11.79 r2=0.194 (4s)
2026-04-14 22:24:31,296 | INFO | [FROZEN] opx_only s=47 raw XGB T_C rmse=139.16 r2=0.422 (0s)
2026-04-14 22:24:33,252 | INFO | [FROZEN] opx_only s=47 raw XGB P_kbar rmse=11.01 r2=0.297 (2s)
2026-04-14 22:24:34,406 | INFO | [FROZEN] opx_only s=47 raw GB T_C rmse=146.01 r2=0.364 (1s)
2026-04-14 22:24:34,783 | INFO | [FROZEN] opx_only s=47 raw GB P_kbar rmse=10.94 r2=0.306 (0s)
2026-04-14 22:24:35,489 | INFO | [FROZEN] opx_only s=47 alr RF T_C rmse=143.42 r2=0.387 (1s)
2026-04-14 22:24:36,792 | INFO | [FROZEN] opx_only s=47 alr RF P_kbar rmse=11.37 r2=0.251 (1s)
2026-04-14 22:24:38,263 | INFO | [FROZEN] opx_only s=47 alr ERT T_C rmse=153.16 r2=0.300 (1s)
2026-04-14 22:24:39,659 | INFO | [FROZEN] opx_only s=47 alr ERT P_kbar rmse=10.42 r2=0.371 (1s)
2026-04-14 22:24:42,174 | INFO | [FROZEN] opx_only s=47 alr XGB T_C rmse=136.14 r2=0.447 (3s)
2026-04-14 22:24:43,093 | INFO | [FROZEN] opx_only s=47 alr XGB P_kbar rmse=9.91 r2=0.431 (1s)
2026-04-14 22:24:46,597 | INFO | [FROZEN] opx_only s=47 alr GB T_C rmse=143.46 r2=0.386 (4s)
2026-04-14 22:24:47,442 | INFO | [FROZEN] opx_only s=47 alr GB P_kbar rmse=10.48 r2=0.363 (1s)
2026-04-14 22:24:48,791 | INFO | [FROZEN] opx_only s=47 pwlr RF T_C rmse=137.37 r2=0.437 (1s)
2026-04-14 22:24:51,578 | INFO | [FROZEN] opx_only s=47 pwlr RF P_kbar rmse=9.26 r2=0.503 (3s)
2026-04-14 22:24:53,246 | INFO | [FROZEN] opx_only s=47 pwlr ERT T_C rmse=145.44 r2=0.369 (2s)
2026-04-14 22:24:58,816 | INFO | [FROZEN] opx_only s=47 pwlr ERT P_kbar rmse=10.28 r2=0.388 (6s)
2026-04-14 22:25:01,922 | INFO | [FROZEN] opx_only s=47 pwlr XGB T_C rmse=136.20 r2=0.447 (3s)
2026-04-14 22:25:02,921 | INFO | [FROZEN] opx_only s=47 pwlr XGB P_kbar rmse=9.75 r2=0.449 (1s)
2026-04-14 22:25:03,434 | INFO | [FROZEN] opx_only s=47 pwlr GB T_C rmse=139.16 r2=0.423 (1s)
2026-04-14 22:25:03,740 | INFO | [FROZEN] opx_only s=47 pwlr GB P_kbar rmse=10.16 r2=0.401 (0s)
2026-04-14 22:25:03,761 | INFO | CHECKPOINT opx_only seed=47 | 624 rows | 0.41h
2026-04-14 22:25:05,802 | INFO | [FROZEN] opx_only s=48 raw RF T_C rmse=151.91 r2=0.508 (2s)
2026-04-14 22:25:07,192 | INFO | [FROZEN] opx_only s=48 raw RF P_kbar rmse=8.49 r2=0.481 (1s)
2026-04-14 22:25:08,783 | INFO | [FROZEN] opx_only s=48 raw ERT T_C rmse=151.70 r2=0.510 (2s)
2026-04-14 22:25:12,083 | INFO | [FROZEN] opx_only s=48 raw ERT P_kbar rmse=7.56 r2=0.587 (3s)
2026-04-14 22:25:12,433 | INFO | [FROZEN] opx_only s=48 raw XGB T_C rmse=156.52 r2=0.478 (0s)
2026-04-14 22:25:13,585 | INFO | [FROZEN] opx_only s=48 raw XGB P_kbar rmse=8.03 r2=0.535 (1s)
2026-04-14 22:25:13,991 | INFO | [FROZEN] opx_only s=48 raw GB T_C rmse=147.86 r2=0.534 (0s)
2026-04-14 22:25:15,321 | INFO | [FROZEN] opx_only s=48 raw GB P_kbar rmse=8.11 r2=0.526 (1s)
2026-04-14 22:25:16,421 | INFO | [FROZEN] opx_only s=48 alr RF T_C rmse=154.09 r2=0.494 (1s)
2026-04-14 22:25:18,011 | INFO | [FROZEN] opx_only s=48 alr RF P_kbar rmse=8.18 r2=0.517 (2s)
2026-04-14 22:25:19,577 | INFO | [FROZEN] opx_only s=48 alr ERT T_C rmse=158.03 r2=0.468 (2s)
2026-04-14 22:25:21,174 | INFO | [FROZEN] opx_only s=48 alr ERT P_kbar rmse=7.64 r2=0.580 (2s)
2026-04-14 22:25:23,064 | INFO | [FROZEN] opx_only s=48 alr XGB T_C rmse=158.14 r2=0.467 (2s)
2026-04-14 22:25:23,865 | INFO | [FROZEN] opx_only s=48 alr XGB P_kbar rmse=7.77 r2=0.565 (1s)
2026-04-14 22:25:27,122 | INFO | [FROZEN] opx_only s=48 alr GB T_C rmse=158.59 r2=0.464 (3s)
2026-04-14 22:25:27,872 | INFO | [FROZEN] opx_only s=48 alr GB P_kbar rmse=7.94 r2=0.545 (1s)
2026-04-14 22:25:29,269 | INFO | [FROZEN] opx_only s=48 pwlr RF T_C rmse=144.07 r2=0.558 (1s)
2026-04-14 22:25:31,497 | INFO | [FROZEN] opx_only s=48 pwlr RF P_kbar rmse=7.82 r2=0.559 (2s)
2026-04-14 22:25:33,153 | INFO | [FROZEN] opx_only s=48 pwlr ERT T_C rmse=152.97 r2=0.502 (2s)
2026-04-14 22:25:39,684 | INFO | [FROZEN] opx_only s=48 pwlr ERT P_kbar rmse=7.37 r2=0.609 (7s)
2026-04-14 22:25:42,531 | INFO | [FROZEN] opx_only s=48 pwlr XGB T_C rmse=152.85 r2=0.502 (3s)
2026-04-14 22:25:43,429 | INFO | [FROZEN] opx_only s=48 pwlr XGB P_kbar rmse=7.02 r2=0.645 (1s)
2026-04-14 22:25:45,689 | INFO | [FROZEN] opx_only s=48 pwlr GB T_C rmse=142.16 r2=0.569 (2s)
2026-04-14 22:25:46,892 | INFO | [FROZEN] opx_only s=48 pwlr GB P_kbar rmse=7.97 r2=0.542 (1s)
2026-04-14 22:25:46,919 | INFO | CHECKPOINT opx_only seed=48 | 648 rows | 0.42h
2026-04-14 22:25:48,650 | INFO | [FROZEN] opx_only s=49 raw RF T_C rmse=154.51 r2=0.448 (2s)
2026-04-14 22:25:50,116 | INFO | [FROZEN] opx_only s=49 raw RF P_kbar rmse=13.45 r2=-0.359 (1s)
2026-04-14 22:25:51,725 | INFO | [FROZEN] opx_only s=49 raw ERT T_C rmse=143.11 r2=0.526 (2s)
2026-04-14 22:25:56,822 | INFO | [FROZEN] opx_only s=49 raw ERT P_kbar rmse=11.53 r2=0.001 (5s)
2026-04-14 22:25:57,196 | INFO | [FROZEN] opx_only s=49 raw XGB T_C rmse=150.47 r2=0.476 (0s)
2026-04-14 22:25:58,651 | INFO | [FROZEN] opx_only s=49 raw XGB P_kbar rmse=10.74 r2=0.134 (1s)
2026-04-14 22:25:59,128 | INFO | [FROZEN] opx_only s=49 raw GB T_C rmse=154.33 r2=0.449 (0s)
2026-04-14 22:26:00,024 | INFO | [FROZEN] opx_only s=49 raw GB P_kbar rmse=12.04 r2=-0.089 (1s)
2026-04-14 22:26:00,941 | INFO | [FROZEN] opx_only s=49 alr RF T_C rmse=150.33 r2=0.477 (1s)
2026-04-14 22:26:02,062 | INFO | [FROZEN] opx_only s=49 alr RF P_kbar rmse=12.90 r2=-0.251 (1s)
2026-04-14 22:26:03,332 | INFO | [FROZEN] opx_only s=49 alr ERT T_C rmse=142.84 r2=0.528 (1s)
2026-04-14 22:26:04,753 | INFO | [FROZEN] opx_only s=49 alr ERT P_kbar rmse=10.69 r2=0.142 (1s)
2026-04-14 22:26:06,794 | INFO | [FROZEN] opx_only s=49 alr XGB T_C rmse=153.68 r2=0.454 (2s)
2026-04-14 22:26:07,278 | INFO | [FROZEN] opx_only s=49 alr XGB P_kbar rmse=10.99 r2=0.093 (0s)
2026-04-14 22:26:10,302 | INFO | [FROZEN] opx_only s=49 alr GB T_C rmse=155.27 r2=0.443 (3s)
2026-04-14 22:26:11,471 | INFO | [FROZEN] opx_only s=49 alr GB P_kbar rmse=13.51 r2=-0.372 (1s)
2026-04-14 22:26:13,062 | INFO | [FROZEN] opx_only s=49 pwlr RF T_C rmse=134.71 r2=0.580 (2s)
2026-04-14 22:26:15,415 | INFO | [FROZEN] opx_only s=49 pwlr RF P_kbar rmse=13.19 r2=-0.306 (2s)
2026-04-14 22:26:16,656 | INFO | [FROZEN] opx_only s=49 pwlr ERT T_C rmse=134.73 r2=0.580 (1s)
2026-04-14 22:26:19,796 | INFO | [FROZEN] opx_only s=49 pwlr ERT P_kbar rmse=10.46 r2=0.179 (3s)
2026-04-14 22:26:21,891 | INFO | [FROZEN] opx_only s=49 pwlr XGB T_C rmse=140.48 r2=0.544 (2s)
2026-04-14 22:26:22,418 | INFO | [FROZEN] opx_only s=49 pwlr XGB P_kbar rmse=11.79 r2=-0.043 (1s)
2026-04-14 22:26:22,856 | INFO | [FROZEN] opx_only s=49 pwlr GB T_C rmse=141.27 r2=0.538 (0s)
2026-04-14 22:26:23,345 | INFO | [FROZEN] opx_only s=49 pwlr GB P_kbar rmse=11.48 r2=0.011 (0s)
2026-04-14 22:26:23,360 | INFO | CHECKPOINT opx_only seed=49 | 672 rows | 0.43h
2026-04-14 22:26:24,523 | INFO | [FROZEN] opx_only s=50 raw RF T_C rmse=104.26 r2=0.652 (1s)
2026-04-14 22:26:25,843 | INFO | [FROZEN] opx_only s=50 raw RF P_kbar rmse=11.10 r2=-0.385 (1s)
2026-04-14 22:26:27,123 | INFO | [FROZEN] opx_only s=50 raw ERT T_C rmse=108.62 r2=0.622 (1s)
2026-04-14 22:26:29,309 | INFO | [FROZEN] opx_only s=50 raw ERT P_kbar rmse=10.76 r2=-0.301 (2s)
2026-04-14 22:26:29,554 | INFO | [FROZEN] opx_only s=50 raw XGB T_C rmse=108.55 r2=0.623 (0s)
2026-04-14 22:26:30,665 | INFO | [FROZEN] opx_only s=50 raw XGB P_kbar rmse=10.46 r2=-0.230 (1s)
2026-04-14 22:26:31,284 | INFO | [FROZEN] opx_only s=50 raw GB T_C rmse=111.99 r2=0.599 (1s)
2026-04-14 22:26:31,630 | INFO | [FROZEN] opx_only s=50 raw GB P_kbar rmse=12.04 r2=-0.629 (0s)
2026-04-14 22:26:32,386 | INFO | [FROZEN] opx_only s=50 alr RF T_C rmse=108.85 r2=0.621 (1s)
2026-04-14 22:26:33,630 | INFO | [FROZEN] opx_only s=50 alr RF P_kbar rmse=9.26 r2=0.036 (1s)
2026-04-14 22:26:35,269 | INFO | [FROZEN] opx_only s=50 alr ERT T_C rmse=112.98 r2=0.591 (2s)
2026-04-14 22:26:36,587 | INFO | [FROZEN] opx_only s=50 alr ERT P_kbar rmse=11.29 r2=-0.432 (1s)
2026-04-14 22:26:38,076 | INFO | [FROZEN] opx_only s=50 alr XGB T_C rmse=112.98 r2=0.591 (1s)
2026-04-14 22:26:38,686 | INFO | [FROZEN] opx_only s=50 alr XGB P_kbar rmse=9.23 r2=0.042 (1s)
2026-04-14 22:26:40,154 | INFO | [FROZEN] opx_only s=50 alr GB T_C rmse=111.99 r2=0.599 (1s)
2026-04-14 22:26:40,770 | INFO | [FROZEN] opx_only s=50 alr GB P_kbar rmse=9.38 r2=0.010 (1s)
2026-04-14 22:26:41,942 | INFO | [FROZEN] opx_only s=50 pwlr RF T_C rmse=101.49 r2=0.670 (1s)
2026-04-14 22:26:44,463 | INFO | [FROZEN] opx_only s=50 pwlr RF P_kbar rmse=9.42 r2=0.002 (3s)
2026-04-14 22:26:45,912 | INFO | [FROZEN] opx_only s=50 pwlr ERT T_C rmse=99.23 r2=0.685 (1s)
2026-04-14 22:26:48,985 | INFO | [FROZEN] opx_only s=50 pwlr ERT P_kbar rmse=11.61 r2=-0.515 (3s)
2026-04-14 22:26:51,266 | INFO | [FROZEN] opx_only s=50 pwlr XGB T_C rmse=98.95 r2=0.687 (2s)
2026-04-14 22:26:51,934 | INFO | [FROZEN] opx_only s=50 pwlr XGB P_kbar rmse=10.58 r2=-0.258 (1s)
2026-04-14 22:26:52,474 | INFO | [FROZEN] opx_only s=50 pwlr GB T_C rmse=98.56 r2=0.689 (1s)
2026-04-14 22:26:53,188 | INFO | [FROZEN] opx_only s=50 pwlr GB P_kbar rmse=11.02 r2=-0.365 (1s)
2026-04-14 22:26:53,206 | INFO | CHECKPOINT opx_only seed=50 | 696 rows | 0.44h
2026-04-14 22:26:55,692 | INFO | [FROZEN] opx_only s=51 raw RF T_C rmse=114.59 r2=0.689 (2s)
2026-04-14 22:26:57,632 | INFO | [FROZEN] opx_only s=51 raw RF P_kbar rmse=10.20 r2=0.181 (2s)
2026-04-14 22:26:59,479 | INFO | [FROZEN] opx_only s=51 raw ERT T_C rmse=121.96 r2=0.647 (2s)
2026-04-14 22:27:02,158 | INFO | [FROZEN] opx_only s=51 raw ERT P_kbar rmse=9.91 r2=0.227 (3s)
2026-04-14 22:27:02,388 | INFO | [FROZEN] opx_only s=51 raw XGB T_C rmse=124.27 r2=0.634 (0s)
2026-04-14 22:27:04,741 | INFO | [FROZEN] opx_only s=51 raw XGB P_kbar rmse=9.61 r2=0.273 (2s)
2026-04-14 22:27:05,348 | INFO | [FROZEN] opx_only s=51 raw GB T_C rmse=130.57 r2=0.596 (1s)
2026-04-14 22:27:05,590 | INFO | [FROZEN] opx_only s=51 raw GB P_kbar rmse=10.34 r2=0.158 (0s)
2026-04-14 22:27:06,433 | INFO | [FROZEN] opx_only s=51 alr RF T_C rmse=115.48 r2=0.684 (1s)
2026-04-14 22:27:07,727 | INFO | [FROZEN] opx_only s=51 alr RF P_kbar rmse=9.50 r2=0.289 (1s)
2026-04-14 22:27:10,401 | INFO | [FROZEN] opx_only s=51 alr ERT T_C rmse=125.06 r2=0.629 (3s)
2026-04-14 22:27:12,207 | INFO | [FROZEN] opx_only s=51 alr ERT P_kbar rmse=7.46 r2=0.561 (2s)
2026-04-14 22:27:14,589 | INFO | [FROZEN] opx_only s=51 alr XGB T_C rmse=123.96 r2=0.636 (2s)
2026-04-14 22:27:15,236 | INFO | [FROZEN] opx_only s=51 alr XGB P_kbar rmse=9.03 r2=0.357 (1s)
2026-04-14 22:27:17,129 | INFO | [FROZEN] opx_only s=51 alr GB T_C rmse=123.67 r2=0.638 (2s)
2026-04-14 22:27:18,436 | INFO | [FROZEN] opx_only s=51 alr GB P_kbar rmse=9.24 r2=0.328 (1s)
2026-04-14 22:27:20,010 | INFO | [FROZEN] opx_only s=51 pwlr RF T_C rmse=114.12 r2=0.691 (2s)
2026-04-14 22:27:22,791 | INFO | [FROZEN] opx_only s=51 pwlr RF P_kbar rmse=8.52 r2=0.428 (3s)
2026-04-14 22:27:24,285 | INFO | [FROZEN] opx_only s=51 pwlr ERT T_C rmse=117.54 r2=0.673 (1s)
2026-04-14 22:27:28,518 | INFO | [FROZEN] opx_only s=51 pwlr ERT P_kbar rmse=8.40 r2=0.444 (4s)
2026-04-14 22:27:31,120 | INFO | [FROZEN] opx_only s=51 pwlr XGB T_C rmse=119.40 r2=0.662 (3s)
2026-04-14 22:27:31,829 | INFO | [FROZEN] opx_only s=51 pwlr XGB P_kbar rmse=9.21 r2=0.332 (1s)
2026-04-14 22:27:32,672 | INFO | [FROZEN] opx_only s=51 pwlr GB T_C rmse=116.75 r2=0.677 (1s)
2026-04-14 22:27:33,840 | INFO | [FROZEN] opx_only s=51 pwlr GB P_kbar rmse=8.62 r2=0.415 (1s)
2026-04-14 22:27:33,864 | INFO | CHECKPOINT opx_only seed=51 | 720 rows | 0.45h
2026-04-14 22:27:35,417 | INFO | [FROZEN] opx_only s=52 raw RF T_C rmse=140.91 r2=0.542 (2s)
2026-04-14 22:27:36,872 | INFO | [FROZEN] opx_only s=52 raw RF P_kbar rmse=9.00 r2=0.503 (1s)
2026-04-14 22:27:38,120 | INFO | [FROZEN] opx_only s=52 raw ERT T_C rmse=136.21 r2=0.572 (1s)
2026-04-14 22:27:40,488 | INFO | [FROZEN] opx_only s=52 raw ERT P_kbar rmse=9.00 r2=0.503 (2s)
2026-04-14 22:27:40,724 | INFO | [FROZEN] opx_only s=52 raw XGB T_C rmse=130.37 r2=0.608 (0s)
2026-04-14 22:27:42,208 | INFO | [FROZEN] opx_only s=52 raw XGB P_kbar rmse=9.10 r2=0.492 (1s)
2026-04-14 22:27:42,533 | INFO | [FROZEN] opx_only s=52 raw GB T_C rmse=137.04 r2=0.566 (0s)
2026-04-14 22:27:42,998 | INFO | [FROZEN] opx_only s=52 raw GB P_kbar rmse=9.30 r2=0.469 (0s)
2026-04-14 22:27:43,677 | INFO | [FROZEN] opx_only s=52 alr RF T_C rmse=134.95 r2=0.580 (1s)
2026-04-14 22:27:44,912 | INFO | [FROZEN] opx_only s=52 alr RF P_kbar rmse=9.01 r2=0.503 (1s)
2026-04-14 22:27:47,496 | INFO | [FROZEN] opx_only s=52 alr ERT T_C rmse=138.69 r2=0.556 (3s)
2026-04-14 22:27:49,545 | INFO | [FROZEN] opx_only s=52 alr ERT P_kbar rmse=9.36 r2=0.463 (2s)
2026-04-14 22:27:51,661 | INFO | [FROZEN] opx_only s=52 alr XGB T_C rmse=132.56 r2=0.594 (2s)
2026-04-14 22:27:52,342 | INFO | [FROZEN] opx_only s=52 alr XGB P_kbar rmse=8.73 r2=0.533 (1s)
2026-04-14 22:27:55,011 | INFO | [FROZEN] opx_only s=52 alr GB T_C rmse=145.78 r2=0.509 (3s)
2026-04-14 22:27:56,320 | INFO | [FROZEN] opx_only s=52 alr GB P_kbar rmse=9.47 r2=0.450 (1s)
2026-04-14 22:27:58,013 | INFO | [FROZEN] opx_only s=52 pwlr RF T_C rmse=130.61 r2=0.606 (2s)
2026-04-14 22:28:01,168 | INFO | [FROZEN] opx_only s=52 pwlr RF P_kbar rmse=8.41 r2=0.566 (3s)
2026-04-14 22:28:02,820 | INFO | [FROZEN] opx_only s=52 pwlr ERT T_C rmse=129.87 r2=0.611 (2s)
2026-04-14 22:28:06,617 | INFO | [FROZEN] opx_only s=52 pwlr ERT P_kbar rmse=8.27 r2=0.580 (4s)
2026-04-14 22:28:09,271 | INFO | [FROZEN] opx_only s=52 pwlr XGB T_C rmse=126.18 r2=0.632 (3s)
2026-04-14 22:28:09,766 | INFO | [FROZEN] opx_only s=52 pwlr XGB P_kbar rmse=7.88 r2=0.619 (0s)
2026-04-14 22:28:10,232 | INFO | [FROZEN] opx_only s=52 pwlr GB T_C rmse=128.38 r2=0.620 (0s)
2026-04-14 22:28:10,690 | INFO | [FROZEN] opx_only s=52 pwlr GB P_kbar rmse=8.24 r2=0.584 (0s)
2026-04-14 22:28:10,705 | INFO | CHECKPOINT opx_only seed=52 | 744 rows | 0.46h
2026-04-14 22:28:11,754 | INFO | [FROZEN] opx_only s=53 raw RF T_C rmse=163.34 r2=0.355 (1s)
2026-04-14 22:28:13,034 | INFO | [FROZEN] opx_only s=53 raw RF P_kbar rmse=10.17 r2=-0.024 (1s)
2026-04-14 22:28:14,447 | INFO | [FROZEN] opx_only s=53 raw ERT T_C rmse=160.68 r2=0.376 (1s)
2026-04-14 22:28:16,678 | INFO | [FROZEN] opx_only s=53 raw ERT P_kbar rmse=10.59 r2=-0.110 (2s)
2026-04-14 22:28:16,952 | INFO | [FROZEN] opx_only s=53 raw XGB T_C rmse=161.91 r2=0.367 (0s)
2026-04-14 22:28:18,445 | INFO | [FROZEN] opx_only s=53 raw XGB P_kbar rmse=8.54 r2=0.278 (1s)
2026-04-14 22:28:19,012 | INFO | [FROZEN] opx_only s=53 raw GB T_C rmse=164.22 r2=0.348 (1s)
2026-04-14 22:28:19,480 | INFO | [FROZEN] opx_only s=53 raw GB P_kbar rmse=9.24 r2=0.154 (0s)
2026-04-14 22:28:20,365 | INFO | [FROZEN] opx_only s=53 alr RF T_C rmse=159.56 r2=0.385 (1s)
2026-04-14 22:28:21,921 | INFO | [FROZEN] opx_only s=53 alr RF P_kbar rmse=9.51 r2=0.104 (2s)
2026-04-14 22:28:23,982 | INFO | [FROZEN] opx_only s=53 alr ERT T_C rmse=159.98 r2=0.382 (2s)
2026-04-14 22:28:25,398 | INFO | [FROZEN] opx_only s=53 alr ERT P_kbar rmse=9.85 r2=0.041 (1s)
2026-04-14 22:28:27,289 | INFO | [FROZEN] opx_only s=53 alr XGB T_C rmse=163.29 r2=0.356 (2s)
2026-04-14 22:28:27,886 | INFO | [FROZEN] opx_only s=53 alr XGB P_kbar rmse=9.06 r2=0.188 (1s)
2026-04-14 22:28:30,116 | INFO | [FROZEN] opx_only s=53 alr GB T_C rmse=167.09 r2=0.325 (2s)
2026-04-14 22:28:31,408 | INFO | [FROZEN] opx_only s=53 alr GB P_kbar rmse=8.55 r2=0.277 (1s)
2026-04-14 22:28:33,062 | INFO | [FROZEN] opx_only s=53 pwlr RF T_C rmse=159.93 r2=0.382 (2s)
2026-04-14 22:28:35,954 | INFO | [FROZEN] opx_only s=53 pwlr RF P_kbar rmse=8.27 r2=0.324 (3s)
2026-04-14 22:28:38,035 | INFO | [FROZEN] opx_only s=53 pwlr ERT T_C rmse=161.47 r2=0.370 (2s)
2026-04-14 22:28:43,786 | INFO | [FROZEN] opx_only s=53 pwlr ERT P_kbar rmse=8.13 r2=0.346 (6s)
2026-04-14 22:28:47,317 | INFO | [FROZEN] opx_only s=53 pwlr XGB T_C rmse=163.35 r2=0.355 (4s)
2026-04-14 22:28:47,908 | INFO | [FROZEN] opx_only s=53 pwlr XGB P_kbar rmse=8.56 r2=0.275 (1s)
2026-04-14 22:28:48,599 | INFO | [FROZEN] opx_only s=53 pwlr GB T_C rmse=171.78 r2=0.287 (1s)
2026-04-14 22:28:49,190 | INFO | [FROZEN] opx_only s=53 pwlr GB P_kbar rmse=8.57 r2=0.273 (1s)
2026-04-14 22:28:49,212 | INFO | CHECKPOINT opx_only seed=53 | 768 rows | 0.47h
2026-04-14 22:28:50,550 | INFO | [FROZEN] opx_only s=54 raw RF T_C rmse=137.63 r2=0.461 (1s)
2026-04-14 22:28:51,815 | INFO | [FROZEN] opx_only s=54 raw RF P_kbar rmse=9.49 r2=0.250 (1s)
2026-04-14 22:28:53,011 | INFO | [FROZEN] opx_only s=54 raw ERT T_C rmse=141.26 r2=0.432 (1s)
2026-04-14 22:28:54,885 | INFO | [FROZEN] opx_only s=54 raw ERT P_kbar rmse=9.60 r2=0.233 (2s)
2026-04-14 22:28:55,179 | INFO | [FROZEN] opx_only s=54 raw XGB T_C rmse=143.27 r2=0.415 (0s)
2026-04-14 22:28:56,369 | INFO | [FROZEN] opx_only s=54 raw XGB P_kbar rmse=8.20 r2=0.439 (1s)
2026-04-14 22:28:56,889 | INFO | [FROZEN] opx_only s=54 raw GB T_C rmse=141.49 r2=0.430 (1s)
2026-04-14 22:28:57,205 | INFO | [FROZEN] opx_only s=54 raw GB P_kbar rmse=8.33 r2=0.422 (0s)
2026-04-14 22:28:57,718 | INFO | [FROZEN] opx_only s=54 alr RF T_C rmse=142.18 r2=0.424 (1s)
2026-04-14 22:28:58,803 | INFO | [FROZEN] opx_only s=54 alr RF P_kbar rmse=8.44 r2=0.407 (1s)
2026-04-14 22:29:02,438 | INFO | [FROZEN] opx_only s=54 alr ERT T_C rmse=146.26 r2=0.391 (4s)
2026-04-14 22:29:03,654 | INFO | [FROZEN] opx_only s=54 alr ERT P_kbar rmse=7.56 r2=0.524 (1s)
2026-04-14 22:29:05,301 | INFO | [FROZEN] opx_only s=54 alr XGB T_C rmse=143.25 r2=0.416 (2s)
2026-04-14 22:29:05,854 | INFO | [FROZEN] opx_only s=54 alr XGB P_kbar rmse=6.94 r2=0.599 (1s)
2026-04-14 22:29:07,983 | INFO | [FROZEN] opx_only s=54 alr GB T_C rmse=140.96 r2=0.434 (2s)
2026-04-14 22:29:11,376 | INFO | [FROZEN] opx_only s=54 alr GB P_kbar rmse=8.64 r2=0.377 (3s)
2026-04-14 22:29:12,646 | INFO | [FROZEN] opx_only s=54 pwlr RF T_C rmse=135.59 r2=0.476 (1s)
2026-04-14 22:29:14,564 | INFO | [FROZEN] opx_only s=54 pwlr RF P_kbar rmse=6.66 r2=0.630 (2s)
2026-04-14 22:29:15,732 | INFO | [FROZEN] opx_only s=54 pwlr ERT T_C rmse=136.28 r2=0.471 (1s)
2026-04-14 22:29:18,939 | INFO | [FROZEN] opx_only s=54 pwlr ERT P_kbar rmse=8.10 r2=0.453 (3s)
2026-04-14 22:29:20,997 | INFO | [FROZEN] opx_only s=54 pwlr XGB T_C rmse=144.11 r2=0.409 (2s)
2026-04-14 22:29:21,552 | INFO | [FROZEN] opx_only s=54 pwlr XGB P_kbar rmse=7.85 r2=0.487 (1s)
2026-04-14 22:29:22,120 | INFO | [FROZEN] opx_only s=54 pwlr GB T_C rmse=141.03 r2=0.434 (1s)
2026-04-14 22:29:22,614 | INFO | [FROZEN] opx_only s=54 pwlr GB P_kbar rmse=9.26 r2=0.286 (0s)
2026-04-14 22:29:22,634 | INFO | CHECKPOINT opx_only seed=54 | 792 rows | 0.48h
2026-04-14 22:29:24,060 | INFO | [FROZEN] opx_only s=55 raw RF T_C rmse=130.76 r2=0.561 (1s)
2026-04-14 22:29:25,678 | INFO | [FROZEN] opx_only s=55 raw RF P_kbar rmse=10.96 r2=0.361 (2s)
2026-04-14 22:29:26,831 | INFO | [FROZEN] opx_only s=55 raw ERT T_C rmse=127.79 r2=0.580 (1s)
2026-04-14 22:29:28,678 | INFO | [FROZEN] opx_only s=55 raw ERT P_kbar rmse=11.59 r2=0.287 (2s)
2026-04-14 22:29:28,984 | INFO | [FROZEN] opx_only s=55 raw XGB T_C rmse=129.08 r2=0.572 (0s)
2026-04-14 22:29:30,190 | INFO | [FROZEN] opx_only s=55 raw XGB P_kbar rmse=10.59 r2=0.404 (1s)
2026-04-14 22:29:30,587 | INFO | [FROZEN] opx_only s=55 raw GB T_C rmse=126.39 r2=0.589 (0s)
2026-04-14 22:29:31,027 | INFO | [FROZEN] opx_only s=55 raw GB P_kbar rmse=10.66 r2=0.396 (0s)
2026-04-14 22:29:31,506 | INFO | [FROZEN] opx_only s=55 alr RF T_C rmse=127.04 r2=0.585 (0s)
2026-04-14 22:29:32,343 | INFO | [FROZEN] opx_only s=55 alr RF P_kbar rmse=10.44 r2=0.421 (1s)
2026-04-14 22:29:33,385 | INFO | [FROZEN] opx_only s=55 alr ERT T_C rmse=129.90 r2=0.566 (1s)
2026-04-14 22:29:34,417 | INFO | [FROZEN] opx_only s=55 alr ERT P_kbar rmse=11.17 r2=0.337 (1s)
2026-04-14 22:29:36,015 | INFO | [FROZEN] opx_only s=55 alr XGB T_C rmse=129.10 r2=0.572 (2s)
2026-04-14 22:29:36,657 | INFO | [FROZEN] opx_only s=55 alr XGB P_kbar rmse=10.08 r2=0.460 (1s)
2026-04-14 22:29:38,080 | INFO | [FROZEN] opx_only s=55 alr GB T_C rmse=138.37 r2=0.508 (1s)
2026-04-14 22:29:38,419 | INFO | [FROZEN] opx_only s=55 alr GB P_kbar rmse=10.84 r2=0.376 (0s)
2026-04-14 22:29:41,724 | INFO | [FROZEN] opx_only s=55 pwlr RF T_C rmse=128.83 r2=0.574 (3s)
2026-04-14 22:29:45,194 | INFO | [FROZEN] opx_only s=55 pwlr RF P_kbar rmse=8.99 r2=0.570 (3s)
2026-04-14 22:29:46,834 | INFO | [FROZEN] opx_only s=55 pwlr ERT T_C rmse=131.89 r2=0.553 (2s)
2026-04-14 22:29:52,724 | INFO | [FROZEN] opx_only s=55 pwlr ERT P_kbar rmse=8.91 r2=0.579 (6s)
2026-04-14 22:29:57,038 | INFO | [FROZEN] opx_only s=55 pwlr XGB T_C rmse=130.37 r2=0.563 (4s)
2026-04-14 22:29:57,976 | INFO | [FROZEN] opx_only s=55 pwlr XGB P_kbar rmse=10.30 r2=0.436 (1s)
2026-04-14 22:29:58,549 | INFO | [FROZEN] opx_only s=55 pwlr GB T_C rmse=137.10 r2=0.517 (1s)
2026-04-14 22:29:59,359 | INFO | [FROZEN] opx_only s=55 pwlr GB P_kbar rmse=9.28 r2=0.543 (1s)
2026-04-14 22:29:59,383 | INFO | CHECKPOINT opx_only seed=55 | 816 rows | 0.49h
2026-04-14 22:30:00,747 | INFO | [FROZEN] opx_only s=56 raw RF T_C rmse=161.61 r2=0.498 (1s)
2026-04-14 22:30:01,944 | INFO | [FROZEN] opx_only s=56 raw RF P_kbar rmse=15.22 r2=0.027 (1s)
2026-04-14 22:30:03,143 | INFO | [FROZEN] opx_only s=56 raw ERT T_C rmse=157.60 r2=0.523 (1s)
2026-04-14 22:30:05,709 | INFO | [FROZEN] opx_only s=56 raw ERT P_kbar rmse=14.55 r2=0.110 (3s)
2026-04-14 22:30:06,066 | INFO | [FROZEN] opx_only s=56 raw XGB T_C rmse=145.64 r2=0.593 (0s)
2026-04-14 22:30:07,950 | INFO | [FROZEN] opx_only s=56 raw XGB P_kbar rmse=14.56 r2=0.110 (2s)
2026-04-14 22:30:08,554 | INFO | [FROZEN] opx_only s=56 raw GB T_C rmse=146.67 r2=0.587 (1s)
2026-04-14 22:30:09,426 | INFO | [FROZEN] opx_only s=56 raw GB P_kbar rmse=13.96 r2=0.181 (1s)
2026-04-14 22:30:10,374 | INFO | [FROZEN] opx_only s=56 alr RF T_C rmse=150.74 r2=0.564 (1s)
2026-04-14 22:30:11,487 | INFO | [FROZEN] opx_only s=56 alr RF P_kbar rmse=14.75 r2=0.086 (1s)
2026-04-14 22:30:13,404 | INFO | [FROZEN] opx_only s=56 alr ERT T_C rmse=163.04 r2=0.489 (2s)
2026-04-14 22:30:14,943 | INFO | [FROZEN] opx_only s=56 alr ERT P_kbar rmse=14.73 r2=0.089 (2s)
2026-04-14 22:30:16,502 | INFO | [FROZEN] opx_only s=56 alr XGB T_C rmse=151.82 r2=0.557 (2s)
2026-04-14 22:30:16,995 | INFO | [FROZEN] opx_only s=56 alr XGB P_kbar rmse=12.85 r2=0.306 (0s)
2026-04-14 22:30:18,267 | INFO | [FROZEN] opx_only s=56 alr GB T_C rmse=144.27 r2=0.600 (1s)
2026-04-14 22:30:19,323 | INFO | [FROZEN] opx_only s=56 alr GB P_kbar rmse=12.32 r2=0.362 (1s)
2026-04-14 22:30:21,216 | INFO | [FROZEN] opx_only s=56 pwlr RF T_C rmse=149.48 r2=0.571 (2s)
2026-04-14 22:30:24,664 | INFO | [FROZEN] opx_only s=56 pwlr RF P_kbar rmse=13.62 r2=0.221 (3s)
2026-04-14 22:30:27,200 | INFO | [FROZEN] opx_only s=56 pwlr ERT T_C rmse=158.38 r2=0.518 (3s)
2026-04-14 22:30:33,073 | INFO | [FROZEN] opx_only s=56 pwlr ERT P_kbar rmse=13.83 r2=0.197 (6s)
2026-04-14 22:30:38,782 | INFO | [FROZEN] opx_only s=56 pwlr XGB T_C rmse=143.32 r2=0.605 (6s)
2026-04-14 22:30:39,661 | INFO | [FROZEN] opx_only s=56 pwlr XGB P_kbar rmse=10.31 r2=0.554 (1s)
2026-04-14 22:30:41,039 | INFO | [FROZEN] opx_only s=56 pwlr GB T_C rmse=144.12 r2=0.601 (1s)
2026-04-14 22:30:42,261 | INFO | [FROZEN] opx_only s=56 pwlr GB P_kbar rmse=11.28 r2=0.465 (1s)
2026-04-14 22:30:42,302 | INFO | CHECKPOINT opx_only seed=56 | 840 rows | 0.50h
2026-04-14 22:30:44,032 | INFO | [FROZEN] opx_only s=57 raw RF T_C rmse=163.29 r2=0.283 (2s)
2026-04-14 22:30:45,411 | INFO | [FROZEN] opx_only s=57 raw RF P_kbar rmse=13.88 r2=-0.242 (1s)
2026-04-14 22:30:46,779 | INFO | [FROZEN] opx_only s=57 raw ERT T_C rmse=172.29 r2=0.202 (1s)
2026-04-14 22:30:49,763 | INFO | [FROZEN] opx_only s=57 raw ERT P_kbar rmse=13.57 r2=-0.186 (3s)
2026-04-14 22:30:50,170 | INFO | [FROZEN] opx_only s=57 raw XGB T_C rmse=163.75 r2=0.279 (0s)
2026-04-14 22:30:51,401 | INFO | [FROZEN] opx_only s=57 raw XGB P_kbar rmse=12.76 r2=-0.050 (1s)
2026-04-14 22:30:51,956 | INFO | [FROZEN] opx_only s=57 raw GB T_C rmse=158.33 r2=0.326 (1s)
2026-04-14 22:30:53,116 | INFO | [FROZEN] opx_only s=57 raw GB P_kbar rmse=12.82 r2=-0.060 (1s)
2026-04-14 22:30:54,670 | INFO | [FROZEN] opx_only s=57 alr RF T_C rmse=166.29 r2=0.257 (1s)
2026-04-14 22:30:56,325 | INFO | [FROZEN] opx_only s=57 alr RF P_kbar rmse=13.35 r2=-0.148 (2s)
2026-04-14 22:30:57,931 | INFO | [FROZEN] opx_only s=57 alr ERT T_C rmse=180.67 r2=0.123 (2s)
2026-04-14 22:30:59,299 | INFO | [FROZEN] opx_only s=57 alr ERT P_kbar rmse=13.67 r2=-0.204 (1s)
2026-04-14 22:31:00,772 | INFO | [FROZEN] opx_only s=57 alr XGB T_C rmse=160.78 r2=0.305 (1s)
2026-04-14 22:31:01,349 | INFO | [FROZEN] opx_only s=57 alr XGB P_kbar rmse=12.14 r2=0.051 (1s)
2026-04-14 22:31:02,748 | INFO | [FROZEN] opx_only s=57 alr GB T_C rmse=157.92 r2=0.330 (1s)
2026-04-14 22:31:03,541 | INFO | [FROZEN] opx_only s=57 alr GB P_kbar rmse=13.97 r2=-0.257 (1s)
2026-04-14 22:31:04,923 | INFO | [FROZEN] opx_only s=57 pwlr RF T_C rmse=159.64 r2=0.315 (1s)
2026-04-14 22:31:07,380 | INFO | [FROZEN] opx_only s=57 pwlr RF P_kbar rmse=12.81 r2=-0.057 (2s)
2026-04-14 22:31:08,772 | INFO | [FROZEN] opx_only s=57 pwlr ERT T_C rmse=170.04 r2=0.223 (1s)
2026-04-14 22:31:12,226 | INFO | [FROZEN] opx_only s=57 pwlr ERT P_kbar rmse=12.98 r2=-0.085 (3s)
2026-04-14 22:31:15,465 | INFO | [FROZEN] opx_only s=57 pwlr XGB T_C rmse=158.28 r2=0.327 (3s)
2026-04-14 22:31:15,946 | INFO | [FROZEN] opx_only s=57 pwlr XGB P_kbar rmse=13.41 r2=-0.159 (0s)
2026-04-14 22:31:16,589 | INFO | [FROZEN] opx_only s=57 pwlr GB T_C rmse=157.66 r2=0.332 (1s)
2026-04-14 22:31:17,163 | INFO | [FROZEN] opx_only s=57 pwlr GB P_kbar rmse=15.09 r2=-0.468 (1s)
2026-04-14 22:31:17,189 | INFO | CHECKPOINT opx_only seed=57 | 864 rows | 0.51h
2026-04-14 22:31:18,663 | INFO | [FROZEN] opx_only s=58 raw RF T_C rmse=120.25 r2=0.566 (1s)
2026-04-14 22:31:19,857 | INFO | [FROZEN] opx_only s=58 raw RF P_kbar rmse=6.63 r2=-0.052 (1s)
2026-04-14 22:31:21,567 | INFO | [FROZEN] opx_only s=58 raw ERT T_C rmse=125.51 r2=0.527 (2s)
2026-04-14 22:31:24,200 | INFO | [FROZEN] opx_only s=58 raw ERT P_kbar rmse=6.53 r2=-0.020 (3s)
2026-04-14 22:31:24,496 | INFO | [FROZEN] opx_only s=58 raw XGB T_C rmse=121.90 r2=0.554 (0s)
2026-04-14 22:31:25,656 | INFO | [FROZEN] opx_only s=58 raw XGB P_kbar rmse=6.36 r2=0.032 (1s)
2026-04-14 22:31:26,400 | INFO | [FROZEN] opx_only s=58 raw GB T_C rmse=128.30 r2=0.506 (1s)
2026-04-14 22:31:26,690 | INFO | [FROZEN] opx_only s=58 raw GB P_kbar rmse=6.77 r2=-0.096 (0s)
2026-04-14 22:31:27,288 | INFO | [FROZEN] opx_only s=58 alr RF T_C rmse=126.36 r2=0.521 (1s)
2026-04-14 22:31:28,431 | INFO | [FROZEN] opx_only s=58 alr RF P_kbar rmse=6.73 r2=-0.086 (1s)
2026-04-14 22:31:29,786 | INFO | [FROZEN] opx_only s=58 alr ERT T_C rmse=133.70 r2=0.463 (1s)
2026-04-14 22:31:30,986 | INFO | [FROZEN] opx_only s=58 alr ERT P_kbar rmse=6.50 r2=-0.011 (1s)
2026-04-14 22:31:32,582 | INFO | [FROZEN] opx_only s=58 alr XGB T_C rmse=123.80 r2=0.540 (2s)
2026-04-14 22:31:33,191 | INFO | [FROZEN] opx_only s=58 alr XGB P_kbar rmse=6.73 r2=-0.084 (1s)
2026-04-14 22:31:34,579 | INFO | [FROZEN] opx_only s=58 alr GB T_C rmse=116.97 r2=0.589 (1s)
2026-04-14 22:31:35,152 | INFO | [FROZEN] opx_only s=58 alr GB P_kbar rmse=7.06 r2=-0.194 (1s)
2026-04-14 22:31:39,217 | INFO | [FROZEN] opx_only s=58 pwlr RF T_C rmse=116.30 r2=0.594 (4s)
2026-04-14 22:31:46,083 | INFO | [FROZEN] opx_only s=58 pwlr RF P_kbar rmse=6.41 r2=0.015 (7s)
2026-04-14 22:31:48,264 | INFO | [FROZEN] opx_only s=58 pwlr ERT T_C rmse=121.24 r2=0.559 (2s)
2026-04-14 22:31:53,519 | INFO | [FROZEN] opx_only s=58 pwlr ERT P_kbar rmse=6.20 r2=0.079 (5s)
2026-04-14 22:31:55,843 | INFO | [FROZEN] opx_only s=58 pwlr XGB T_C rmse=121.69 r2=0.555 (2s)
2026-04-14 22:31:56,586 | INFO | [FROZEN] opx_only s=58 pwlr XGB P_kbar rmse=6.49 r2=-0.008 (1s)
2026-04-14 22:31:57,379 | INFO | [FROZEN] opx_only s=58 pwlr GB T_C rmse=105.22 r2=0.668 (1s)
2026-04-14 22:31:58,510 | INFO | [FROZEN] opx_only s=58 pwlr GB P_kbar rmse=6.32 r2=0.044 (1s)
2026-04-14 22:31:58,546 | INFO | CHECKPOINT opx_only seed=58 | 888 rows | 0.52h
2026-04-14 22:31:59,879 | INFO | [FROZEN] opx_only s=59 raw RF T_C rmse=139.08 r2=0.584 (1s)
2026-04-14 22:32:00,966 | INFO | [FROZEN] opx_only s=59 raw RF P_kbar rmse=11.72 r2=0.231 (1s)
2026-04-14 22:32:02,159 | INFO | [FROZEN] opx_only s=59 raw ERT T_C rmse=141.93 r2=0.567 (1s)
2026-04-14 22:32:04,192 | INFO | [FROZEN] opx_only s=59 raw ERT P_kbar rmse=10.32 r2=0.404 (2s)
2026-04-14 22:32:04,397 | INFO | [FROZEN] opx_only s=59 raw XGB T_C rmse=147.70 r2=0.531 (0s)
2026-04-14 22:32:06,025 | INFO | [FROZEN] opx_only s=59 raw XGB P_kbar rmse=10.29 r2=0.407 (2s)
2026-04-14 22:32:06,477 | INFO | [FROZEN] opx_only s=59 raw GB T_C rmse=152.89 r2=0.497 (0s)
2026-04-14 22:32:06,749 | INFO | [FROZEN] opx_only s=59 raw GB P_kbar rmse=10.90 r2=0.335 (0s)
2026-04-14 22:32:07,619 | INFO | [FROZEN] opx_only s=59 alr RF T_C rmse=141.31 r2=0.570 (1s)
2026-04-14 22:32:09,357 | INFO | [FROZEN] opx_only s=59 alr RF P_kbar rmse=11.35 r2=0.279 (2s)
2026-04-14 22:32:11,185 | INFO | [FROZEN] opx_only s=59 alr ERT T_C rmse=144.13 r2=0.553 (2s)
2026-04-14 22:32:13,492 | INFO | [FROZEN] opx_only s=59 alr ERT P_kbar rmse=10.52 r2=0.380 (2s)
2026-04-14 22:32:18,461 | INFO | [FROZEN] opx_only s=59 alr XGB T_C rmse=147.49 r2=0.532 (5s)
2026-04-14 22:32:19,207 | INFO | [FROZEN] opx_only s=59 alr XGB P_kbar rmse=10.64 r2=0.366 (1s)
2026-04-14 22:32:22,954 | INFO | [FROZEN] opx_only s=59 alr GB T_C rmse=161.46 r2=0.439 (4s)
2026-04-14 22:32:24,156 | INFO | [FROZEN] opx_only s=59 alr GB P_kbar rmse=10.92 r2=0.332 (1s)
2026-04-14 22:32:26,090 | INFO | [FROZEN] opx_only s=59 pwlr RF T_C rmse=135.50 r2=0.605 (2s)
2026-04-14 22:32:29,532 | INFO | [FROZEN] opx_only s=59 pwlr RF P_kbar rmse=11.95 r2=0.200 (3s)
2026-04-14 22:32:30,946 | INFO | [FROZEN] opx_only s=59 pwlr ERT T_C rmse=136.42 r2=0.600 (1s)
2026-04-14 22:32:34,965 | INFO | [FROZEN] opx_only s=59 pwlr ERT P_kbar rmse=10.81 r2=0.346 (4s)
2026-04-14 22:32:38,311 | INFO | [FROZEN] opx_only s=59 pwlr XGB T_C rmse=138.71 r2=0.586 (3s)
2026-04-14 22:32:39,407 | INFO | [FROZEN] opx_only s=59 pwlr XGB P_kbar rmse=10.56 r2=0.375 (1s)
2026-04-14 22:32:39,915 | INFO | [FROZEN] opx_only s=59 pwlr GB T_C rmse=138.35 r2=0.588 (1s)
2026-04-14 22:32:40,531 | INFO | [FROZEN] opx_only s=59 pwlr GB P_kbar rmse=11.60 r2=0.246 (1s)
2026-04-14 22:32:40,560 | INFO | CHECKPOINT opx_only seed=59 | 912 rows | 0.53h
2026-04-14 22:32:42,080 | INFO | [FROZEN] opx_only s=60 raw RF T_C rmse=143.36 r2=0.578 (1s)
2026-04-14 22:32:43,356 | INFO | [FROZEN] opx_only s=60 raw RF P_kbar rmse=12.95 r2=-0.331 (1s)
2026-04-14 22:32:45,210 | INFO | [FROZEN] opx_only s=60 raw ERT T_C rmse=139.27 r2=0.602 (2s)
2026-04-14 22:32:47,500 | INFO | [FROZEN] opx_only s=60 raw ERT P_kbar rmse=14.27 r2=-0.616 (2s)
2026-04-14 22:32:47,917 | INFO | [FROZEN] opx_only s=60 raw XGB T_C rmse=140.03 r2=0.598 (0s)
2026-04-14 22:32:49,772 | INFO | [FROZEN] opx_only s=60 raw XGB P_kbar rmse=11.19 r2=0.007 (2s)
2026-04-14 22:32:50,147 | INFO | [FROZEN] opx_only s=60 raw GB T_C rmse=142.79 r2=0.582 (0s)
2026-04-14 22:32:52,078 | INFO | [FROZEN] opx_only s=60 raw GB P_kbar rmse=12.76 r2=-0.292 (2s)
2026-04-14 22:32:53,509 | INFO | [FROZEN] opx_only s=60 alr RF T_C rmse=140.67 r2=0.594 (1s)
2026-04-14 22:32:55,141 | INFO | [FROZEN] opx_only s=60 alr RF P_kbar rmse=12.78 r2=-0.297 (2s)
2026-04-14 22:32:57,103 | INFO | [FROZEN] opx_only s=60 alr ERT T_C rmse=141.49 r2=0.589 (2s)
2026-04-14 22:33:02,029 | INFO | [FROZEN] opx_only s=60 alr ERT P_kbar rmse=12.77 r2=-0.294 (5s)
2026-04-14 22:33:05,273 | INFO | [FROZEN] opx_only s=60 alr XGB T_C rmse=136.41 r2=0.618 (3s)
2026-04-14 22:33:05,822 | INFO | [FROZEN] opx_only s=60 alr XGB P_kbar rmse=12.27 r2=-0.195 (1s)
2026-04-14 22:33:08,073 | INFO | [FROZEN] opx_only s=60 alr GB T_C rmse=143.99 r2=0.575 (2s)
2026-04-14 22:33:08,656 | INFO | [FROZEN] opx_only s=60 alr GB P_kbar rmse=13.14 r2=-0.371 (1s)
2026-04-14 22:33:09,824 | INFO | [FROZEN] opx_only s=60 pwlr RF T_C rmse=139.84 r2=0.599 (1s)
2026-04-14 22:33:12,153 | INFO | [FROZEN] opx_only s=60 pwlr RF P_kbar rmse=11.72 r2=-0.091 (2s)
2026-04-14 22:33:13,412 | INFO | [FROZEN] opx_only s=60 pwlr ERT T_C rmse=142.56 r2=0.583 (1s)
2026-04-14 22:33:16,533 | INFO | [FROZEN] opx_only s=60 pwlr ERT P_kbar rmse=10.10 r2=0.191 (3s)
2026-04-14 22:33:19,150 | INFO | [FROZEN] opx_only s=60 pwlr XGB T_C rmse=139.32 r2=0.602 (3s)
2026-04-14 22:33:19,741 | INFO | [FROZEN] opx_only s=60 pwlr XGB P_kbar rmse=10.89 r2=0.059 (1s)
2026-04-14 22:33:20,283 | INFO | [FROZEN] opx_only s=60 pwlr GB T_C rmse=137.82 r2=0.610 (1s)
2026-04-14 22:33:20,920 | INFO | [FROZEN] opx_only s=60 pwlr GB P_kbar rmse=11.81 r2=-0.106 (1s)
2026-04-14 22:33:20,937 | INFO | CHECKPOINT opx_only seed=60 | 936 rows | 0.54h
2026-04-14 22:33:22,587 | INFO | [FROZEN] opx_only s=61 raw RF T_C rmse=179.56 r2=0.357 (2s)
2026-04-14 22:33:24,261 | INFO | [FROZEN] opx_only s=61 raw RF P_kbar rmse=16.50 r2=0.076 (2s)
2026-04-14 22:33:25,783 | INFO | [FROZEN] opx_only s=61 raw ERT T_C rmse=173.12 r2=0.402 (2s)
2026-04-14 22:33:28,299 | INFO | [FROZEN] opx_only s=61 raw ERT P_kbar rmse=16.42 r2=0.084 (3s)
2026-04-14 22:33:28,513 | INFO | [FROZEN] opx_only s=61 raw XGB T_C rmse=166.38 r2=0.448 (0s)
2026-04-14 22:33:30,561 | INFO | [FROZEN] opx_only s=61 raw XGB P_kbar rmse=15.78 r2=0.155 (2s)
2026-04-14 22:33:31,410 | INFO | [FROZEN] opx_only s=61 raw GB T_C rmse=164.12 r2=0.462 (1s)
2026-04-14 22:33:32,271 | INFO | [FROZEN] opx_only s=61 raw GB P_kbar rmse=15.14 r2=0.221 (1s)
2026-04-14 22:33:33,219 | INFO | [FROZEN] opx_only s=61 alr RF T_C rmse=166.90 r2=0.444 (1s)
2026-04-14 22:33:34,709 | INFO | [FROZEN] opx_only s=61 alr RF P_kbar rmse=15.31 r2=0.203 (1s)
2026-04-14 22:33:35,763 | INFO | [FROZEN] opx_only s=61 alr ERT T_C rmse=175.90 r2=0.383 (1s)
2026-04-14 22:33:37,779 | INFO | [FROZEN] opx_only s=61 alr ERT P_kbar rmse=16.03 r2=0.127 (2s)
2026-04-14 22:33:40,304 | INFO | [FROZEN] opx_only s=61 alr XGB T_C rmse=169.55 r2=0.426 (3s)
2026-04-14 22:33:41,171 | INFO | [FROZEN] opx_only s=61 alr XGB P_kbar rmse=14.29 r2=0.307 (1s)
2026-04-14 22:33:47,845 | INFO | [FROZEN] opx_only s=61 alr GB T_C rmse=161.11 r2=0.482 (7s)
2026-04-14 22:33:48,892 | INFO | [FROZEN] opx_only s=61 alr GB P_kbar rmse=13.85 r2=0.348 (1s)
2026-04-14 22:33:52,636 | INFO | [FROZEN] opx_only s=61 pwlr RF T_C rmse=163.75 r2=0.465 (4s)
2026-04-14 22:33:57,130 | INFO | [FROZEN] opx_only s=61 pwlr RF P_kbar rmse=14.50 r2=0.286 (4s)
2026-04-14 22:33:59,306 | INFO | [FROZEN] opx_only s=61 pwlr ERT T_C rmse=178.14 r2=0.367 (2s)
2026-04-14 22:34:05,822 | INFO | [FROZEN] opx_only s=61 pwlr ERT P_kbar rmse=15.43 r2=0.191 (7s)
2026-04-14 22:34:09,659 | INFO | [FROZEN] opx_only s=61 pwlr XGB T_C rmse=161.68 r2=0.478 (4s)
2026-04-14 22:34:10,688 | INFO | [FROZEN] opx_only s=61 pwlr XGB P_kbar rmse=13.12 r2=0.415 (1s)
2026-04-14 22:34:12,130 | INFO | [FROZEN] opx_only s=61 pwlr GB T_C rmse=162.90 r2=0.470 (1s)
2026-04-14 22:34:12,800 | INFO | [FROZEN] opx_only s=61 pwlr GB P_kbar rmse=12.91 r2=0.434 (1s)
2026-04-14 22:34:12,832 | INFO | CHECKPOINT opx_only seed=61 | 960 rows | 0.56h
2026-04-14 22:34:12,871 | INFO | COMPLETE: 960 rows in 0.56h
2026-04-14 22:34:40,043 | INFO | Diagnostic plots and statistical analysis complete.
