2026-04-14 21:20:23,588 | INFO | Phase 3.3b: HalvingRandomSearchCV | tune_seed=42
2026-04-14 21:21:52,149 | INFO | [SEARCH] opx_liq raw RF T_C rmse=89.53 r2=0.583 (89s)
2026-04-14 21:23:14,015 | INFO | [SEARCH] opx_liq raw RF P_kbar rmse=5.77 r2=0.642 (82s)
2026-04-14 21:24:03,944 | INFO | [SEARCH] opx_liq raw ERT T_C rmse=89.98 r2=0.579 (50s)
2026-04-14 21:24:43,114 | INFO | [SEARCH] opx_liq raw ERT P_kbar rmse=7.34 r2=0.420 (39s)
2026-04-14 21:24:54,414 | INFO | [SEARCH] opx_liq raw XGB T_C rmse=90.05 r2=0.579 (11s)
2026-04-14 21:25:01,607 | INFO | [SEARCH] opx_liq raw XGB P_kbar rmse=5.12 r2=0.718 (7s)
2026-04-14 21:25:07,918 | INFO | [SEARCH] opx_liq raw GB T_C rmse=89.20 r2=0.587 (6s)
2026-04-14 21:25:10,897 | INFO | [SEARCH] opx_liq raw GB P_kbar rmse=5.04 r2=0.726 (3s)
2026-04-14 21:26:23,251 | INFO | [SEARCH] opx_liq alr RF T_C rmse=88.22 r2=0.596 (72s)
2026-04-14 21:27:39,858 | INFO | [SEARCH] opx_liq alr RF P_kbar rmse=5.56 r2=0.667 (77s)
2026-04-14 21:28:33,621 | INFO | [SEARCH] opx_liq alr ERT T_C rmse=92.41 r2=0.556 (54s)
2026-04-14 21:29:13,754 | INFO | [SEARCH] opx_liq alr ERT P_kbar rmse=7.54 r2=0.388 (40s)
2026-04-14 21:29:27,652 | INFO | [SEARCH] opx_liq alr XGB T_C rmse=98.92 r2=0.491 (14s)
2026-04-14 21:29:35,560 | INFO | [SEARCH] opx_liq alr XGB P_kbar rmse=5.07 r2=0.723 (8s)
2026-04-14 21:29:37,223 | INFO | [SEARCH] opx_liq alr GB T_C rmse=92.16 r2=0.559 (2s)
2026-04-14 21:29:39,956 | INFO | [SEARCH] opx_liq alr GB P_kbar rmse=4.96 r2=0.735 (3s)
2026-04-14 21:30:49,823 | INFO | [SEARCH] opx_liq pwlr RF T_C rmse=84.30 r2=0.631 (70s)
2026-04-14 21:32:07,936 | INFO | [SEARCH] opx_liq pwlr RF P_kbar rmse=6.81 r2=0.501 (78s)
2026-04-14 21:33:02,058 | INFO | [SEARCH] opx_liq pwlr ERT T_C rmse=89.71 r2=0.582 (54s)
2026-04-14 21:33:46,683 | INFO | [SEARCH] opx_liq pwlr ERT P_kbar rmse=7.27 r2=0.430 (45s)
2026-04-14 21:34:08,075 | INFO | [SEARCH] opx_liq pwlr XGB T_C rmse=93.41 r2=0.547 (21s)
2026-04-14 21:34:17,790 | INFO | [SEARCH] opx_liq pwlr XGB P_kbar rmse=5.41 r2=0.685 (10s)
2026-04-14 21:34:21,731 | INFO | [SEARCH] opx_liq pwlr GB T_C rmse=90.13 r2=0.578 (4s)
2026-04-14 21:34:25,365 | INFO | [SEARCH] opx_liq pwlr GB P_kbar rmse=5.42 r2=0.684 (4s)
2026-04-14 21:36:10,213 | INFO | [SEARCH] opx_only raw RF T_C rmse=154.96 r2=0.222 (105s)
2026-04-14 21:38:04,126 | INFO | [SEARCH] opx_only raw RF P_kbar rmse=12.85 r2=0.148 (114s)
2026-04-14 21:40:11,384 | INFO | [SEARCH] opx_only raw ERT T_C rmse=162.30 r2=0.147 (127s)
2026-04-14 21:42:03,844 | INFO | [SEARCH] opx_only raw ERT P_kbar rmse=12.86 r2=0.147 (112s)
2026-04-14 21:42:21,002 | INFO | [SEARCH] opx_only raw XGB T_C rmse=148.37 r2=0.287 (17s)
2026-04-14 21:42:42,185 | INFO | [SEARCH] opx_only raw XGB P_kbar rmse=11.75 r2=0.289 (21s)
2026-04-14 21:42:56,382 | INFO | [SEARCH] opx_only raw GB T_C rmse=153.66 r2=0.235 (14s)
2026-04-14 21:43:12,481 | INFO | [SEARCH] opx_only raw GB P_kbar rmse=12.73 r2=0.165 (16s)
2026-04-14 21:45:35,643 | INFO | [SEARCH] opx_only alr RF T_C rmse=153.77 r2=0.234 (143s)
2026-04-14 21:47:29,558 | INFO | [SEARCH] opx_only alr RF P_kbar rmse=12.03 r2=0.254 (114s)
2026-04-14 21:49:20,883 | INFO | [SEARCH] opx_only alr ERT T_C rmse=167.91 r2=0.087 (111s)
2026-04-14 21:51:11,102 | INFO | [SEARCH] opx_only alr ERT P_kbar rmse=11.17 r2=0.356 (110s)
2026-04-14 21:51:31,744 | INFO | [SEARCH] opx_only alr XGB T_C rmse=146.95 r2=0.301 (21s)
2026-04-14 21:51:45,390 | INFO | [SEARCH] opx_only alr XGB P_kbar rmse=10.39 r2=0.444 (14s)
2026-04-14 21:52:00,408 | INFO | [SEARCH] opx_only alr GB T_C rmse=147.39 r2=0.297 (15s)
2026-04-14 21:52:06,642 | INFO | [SEARCH] opx_only alr GB P_kbar rmse=11.84 r2=0.277 (6s)
2026-04-14 21:53:55,950 | INFO | [SEARCH] opx_only pwlr RF T_C rmse=151.68 r2=0.255 (109s)
2026-04-14 21:55:53,178 | INFO | [SEARCH] opx_only pwlr RF P_kbar rmse=10.40 r2=0.442 (117s)
2026-04-14 21:57:32,135 | INFO | [SEARCH] opx_only pwlr ERT T_C rmse=161.23 r2=0.158 (99s)
2026-04-14 21:59:27,278 | INFO | [SEARCH] opx_only pwlr ERT P_kbar rmse=11.60 r2=0.306 (115s)
2026-04-14 22:00:04,221 | INFO | [SEARCH] opx_only pwlr XGB T_C rmse=149.17 r2=0.280 (37s)
2026-04-14 22:00:25,839 | INFO | [SEARCH] opx_only pwlr XGB P_kbar rmse=10.17 r2=0.467 (22s)
2026-04-14 22:00:32,716 | INFO | [SEARCH] opx_only pwlr GB T_C rmse=153.17 r2=0.240 (7s)
2026-04-14 22:00:39,471 | INFO | [SEARCH] opx_only pwlr GB P_kbar rmse=11.40 r2=0.330 (7s)
2026-04-14 22:00:39,483 | INFO | Search complete: 48 combos in 0.67h
