2026-04-14 02:45:54,061 | INFO | ======================================================================
2026-04-14 02:45:54,062 | INFO | Phase 3R.4: 3-method benchmark | N_AUG=1 | features=['raw', 'alr', 'pwlr']
2026-04-14 02:47:00,863 | INFO | [TUNE] opx_liq s=42 raw   RF   T_C     rmse=89.53 r2=0.583 (67s)
2026-04-14 02:47:55,151 | INFO | [TUNE] opx_liq s=42 raw   RF   P_kbar  rmse=5.77 r2=0.642 (54s)
2026-04-14 02:48:53,844 | INFO | [TUNE] opx_liq s=42 raw   ERT  T_C     rmse=89.98 r2=0.579 (59s)
2026-04-14 02:49:33,572 | INFO | [TUNE] opx_liq s=42 raw   ERT  P_kbar  rmse=7.34 r2=0.420 (40s)
2026-04-14 02:49:46,414 | INFO | [TUNE] opx_liq s=42 raw   XGB  T_C     rmse=90.05 r2=0.579 (13s)
2026-04-14 02:50:02,534 | INFO | [TUNE] opx_liq s=42 raw   XGB  P_kbar  rmse=5.12 r2=0.718 (16s)
2026-04-14 02:50:10,534 | INFO | [TUNE] opx_liq s=42 raw   GB   T_C     rmse=89.20 r2=0.587 (8s)
2026-04-14 02:50:14,564 | INFO | [TUNE] opx_liq s=42 raw   GB   P_kbar  rmse=5.04 r2=0.726 (4s)
2026-04-14 02:51:32,862 | INFO | [TUNE] opx_liq s=42 alr   RF   T_C     rmse=88.22 r2=0.596 (78s)
2026-04-14 02:52:50,997 | INFO | [TUNE] opx_liq s=42 alr   RF   P_kbar  rmse=5.56 r2=0.667 (78s)
2026-04-14 02:53:23,076 | INFO | [TUNE] opx_liq s=42 alr   ERT  T_C     rmse=92.41 r2=0.556 (32s)
2026-04-14 02:53:49,176 | INFO | [TUNE] opx_liq s=42 alr   ERT  P_kbar  rmse=7.54 r2=0.388 (26s)
2026-04-14 02:53:57,318 | INFO | [TUNE] opx_liq s=42 alr   XGB  T_C     rmse=98.92 r2=0.491 (8s)
2026-04-14 02:54:02,473 | INFO | [TUNE] opx_liq s=42 alr   XGB  P_kbar  rmse=5.07 r2=0.723 (5s)
2026-04-14 02:54:03,968 | INFO | [TUNE] opx_liq s=42 alr   GB   T_C     rmse=92.16 r2=0.559 (1s)
2026-04-14 02:54:05,621 | INFO | [TUNE] opx_liq s=42 alr   GB   P_kbar  rmse=4.96 r2=0.735 (2s)
2026-04-14 02:54:56,700 | INFO | [TUNE] opx_liq s=42 pwlr  RF   T_C     rmse=84.30 r2=0.631 (51s)
2026-04-14 02:56:56,655 | INFO | [TUNE] opx_liq s=42 pwlr  RF   P_kbar  rmse=6.81 r2=0.501 (120s)
2026-04-14 02:57:45,420 | INFO | [TUNE] opx_liq s=42 pwlr  ERT  T_C     rmse=89.71 r2=0.582 (49s)
2026-04-14 02:58:02,687 | INFO | [TUNE] opx_liq s=42 pwlr  ERT  P_kbar  rmse=7.27 r2=0.430 (17s)
2026-04-14 02:58:23,863 | INFO | [TUNE] opx_liq s=42 pwlr  XGB  T_C     rmse=93.41 r2=0.547 (21s)
2026-04-14 02:58:29,694 | INFO | [TUNE] opx_liq s=42 pwlr  XGB  P_kbar  rmse=5.41 r2=0.685 (6s)
2026-04-14 02:58:32,420 | INFO | [TUNE] opx_liq s=42 pwlr  GB   T_C     rmse=90.13 r2=0.578 (3s)
2026-04-14 02:58:34,795 | INFO | [TUNE] opx_liq s=42 pwlr  GB   P_kbar  rmse=5.42 r2=0.684 (2s)
2026-04-14 02:58:34,804 | INFO | CHECKPOINT opx_liq seed=42 | 24 rows | 0.21h
2026-04-14 02:58:39,527 | INFO | [FROZEN] opx_liq s=43 raw   RF   T_C     rmse=89.46 r2=0.794 (5s)
2026-04-14 02:58:45,282 | INFO | [FROZEN] opx_liq s=43 raw   RF   P_kbar  rmse=5.07 r2=0.757 (6s)
2026-04-14 02:58:47,725 | INFO | [FROZEN] opx_liq s=43 raw   ERT  T_C     rmse=86.77 r2=0.807 (2s)
2026-04-14 02:58:48,228 | INFO | [FROZEN] opx_liq s=43 raw   ERT  P_kbar  rmse=7.12 r2=0.520 (1s)
2026-04-14 02:58:50,596 | INFO | [FROZEN] opx_liq s=43 raw   XGB  T_C     rmse=89.06 r2=0.796 (2s)
2026-04-14 02:58:51,259 | INFO | [FROZEN] opx_liq s=43 raw   XGB  P_kbar  rmse=4.55 r2=0.804 (1s)
2026-04-14 02:58:52,105 | INFO | [FROZEN] opx_liq s=43 raw   GB   T_C     rmse=84.27 r2=0.818 (1s)
2026-04-14 02:58:52,379 | INFO | [FROZEN] opx_liq s=43 raw   GB   P_kbar  rmse=5.20 r2=0.744 (0s)
2026-04-14 02:58:57,824 | INFO | [FROZEN] opx_liq s=43 alr   RF   T_C     rmse=88.17 r2=0.800 (5s)
2026-04-14 02:59:00,225 | INFO | [FROZEN] opx_liq s=43 alr   RF   P_kbar  rmse=6.44 r2=0.607 (2s)
2026-04-14 02:59:01,297 | INFO | [FROZEN] opx_liq s=43 alr   ERT  T_C     rmse=87.86 r2=0.802 (1s)
2026-04-14 02:59:02,246 | INFO | [FROZEN] opx_liq s=43 alr   ERT  P_kbar  rmse=7.92 r2=0.406 (1s)
2026-04-14 02:59:05,019 | INFO | [FROZEN] opx_liq s=43 alr   XGB  T_C     rmse=93.31 r2=0.776 (3s)
2026-04-14 02:59:06,208 | INFO | [FROZEN] opx_liq s=43 alr   XGB  P_kbar  rmse=5.09 r2=0.755 (1s)
2026-04-14 02:59:06,735 | INFO | [FROZEN] opx_liq s=43 alr   GB   T_C     rmse=89.08 r2=0.796 (1s)
2026-04-14 02:59:07,093 | INFO | [FROZEN] opx_liq s=43 alr   GB   P_kbar  rmse=5.29 r2=0.735 (0s)
2026-04-14 02:59:11,943 | INFO | [FROZEN] opx_liq s=43 pwlr  RF   T_C     rmse=89.52 r2=0.794 (5s)
2026-04-14 02:59:13,488 | INFO | [FROZEN] opx_liq s=43 pwlr  RF   P_kbar  rmse=6.98 r2=0.539 (2s)
2026-04-14 02:59:16,849 | INFO | [FROZEN] opx_liq s=43 pwlr  ERT  T_C     rmse=89.02 r2=0.797 (3s)
2026-04-14 02:59:17,458 | INFO | [FROZEN] opx_liq s=43 pwlr  ERT  P_kbar  rmse=7.20 r2=0.509 (1s)
2026-04-14 02:59:25,192 | INFO | [FROZEN] opx_liq s=43 pwlr  XGB  T_C     rmse=98.21 r2=0.752 (8s)
2026-04-14 02:59:25,959 | INFO | [FROZEN] opx_liq s=43 pwlr  XGB  P_kbar  rmse=5.33 r2=0.731 (1s)
2026-04-14 02:59:26,612 | INFO | [FROZEN] opx_liq s=43 pwlr  GB   T_C     rmse=88.79 r2=0.798 (1s)
2026-04-14 02:59:27,240 | INFO | [FROZEN] opx_liq s=43 pwlr  GB   P_kbar  rmse=5.57 r2=0.706 (1s)
2026-04-14 02:59:27,248 | INFO | CHECKPOINT opx_liq seed=43 | 48 rows | 0.23h
2026-04-14 02:59:30,837 | INFO | [FROZEN] opx_liq s=44 raw   RF   T_C     rmse=68.47 r2=0.903 (4s)
2026-04-14 02:59:35,650 | INFO | [FROZEN] opx_liq s=44 raw   RF   P_kbar  rmse=4.38 r2=0.735 (5s)
2026-04-14 02:59:37,746 | INFO | [FROZEN] opx_liq s=44 raw   ERT  T_C     rmse=71.74 r2=0.894 (2s)
2026-04-14 02:59:38,135 | INFO | [FROZEN] opx_liq s=44 raw   ERT  P_kbar  rmse=4.42 r2=0.730 (0s)
2026-04-14 02:59:40,085 | INFO | [FROZEN] opx_liq s=44 raw   XGB  T_C     rmse=82.18 r2=0.861 (2s)
2026-04-14 02:59:40,755 | INFO | [FROZEN] opx_liq s=44 raw   XGB  P_kbar  rmse=3.90 r2=0.790 (1s)
2026-04-14 02:59:41,782 | INFO | [FROZEN] opx_liq s=44 raw   GB   T_C     rmse=72.87 r2=0.891 (1s)
2026-04-14 02:59:42,133 | INFO | [FROZEN] opx_liq s=44 raw   GB   P_kbar  rmse=3.94 r2=0.785 (0s)
2026-04-14 02:59:47,100 | INFO | [FROZEN] opx_liq s=44 alr   RF   T_C     rmse=70.52 r2=0.898 (5s)
2026-04-14 02:59:49,817 | INFO | [FROZEN] opx_liq s=44 alr   RF   P_kbar  rmse=5.21 r2=0.625 (3s)
2026-04-14 02:59:51,027 | INFO | [FROZEN] opx_liq s=44 alr   ERT  T_C     rmse=76.50 r2=0.879 (1s)
2026-04-14 02:59:52,084 | INFO | [FROZEN] opx_liq s=44 alr   ERT  P_kbar  rmse=4.55 r2=0.713 (1s)
2026-04-14 02:59:55,165 | INFO | [FROZEN] opx_liq s=44 alr   XGB  T_C     rmse=84.41 r2=0.853 (3s)
2026-04-14 02:59:56,668 | INFO | [FROZEN] opx_liq s=44 alr   XGB  P_kbar  rmse=3.95 r2=0.784 (2s)
2026-04-14 02:59:57,254 | INFO | [FROZEN] opx_liq s=44 alr   GB   T_C     rmse=73.07 r2=0.890 (1s)
2026-04-14 02:59:57,586 | INFO | [FROZEN] opx_liq s=44 alr   GB   P_kbar  rmse=4.63 r2=0.703 (0s)
2026-04-14 03:00:02,934 | INFO | [FROZEN] opx_liq s=44 pwlr  RF   T_C     rmse=74.70 r2=0.885 (5s)
2026-04-14 03:00:04,557 | INFO | [FROZEN] opx_liq s=44 pwlr  RF   P_kbar  rmse=4.67 r2=0.699 (2s)
2026-04-14 03:00:08,391 | INFO | [FROZEN] opx_liq s=44 pwlr  ERT  T_C     rmse=75.98 r2=0.881 (4s)
2026-04-14 03:00:08,896 | INFO | [FROZEN] opx_liq s=44 pwlr  ERT  P_kbar  rmse=4.30 r2=0.744 (1s)
2026-04-14 03:00:16,662 | INFO | [FROZEN] opx_liq s=44 pwlr  XGB  T_C     rmse=86.96 r2=0.844 (8s)
2026-04-14 03:00:17,515 | INFO | [FROZEN] opx_liq s=44 pwlr  XGB  P_kbar  rmse=4.03 r2=0.775 (1s)
2026-04-14 03:00:18,140 | INFO | [FROZEN] opx_liq s=44 pwlr  GB   T_C     rmse=90.88 r2=0.830 (1s)
2026-04-14 03:00:18,515 | INFO | [FROZEN] opx_liq s=44 pwlr  GB   P_kbar  rmse=4.83 r2=0.678 (0s)
2026-04-14 03:00:18,522 | INFO | CHECKPOINT opx_liq seed=44 | 72 rows | 0.24h
2026-04-14 03:00:20,589 | INFO | [FROZEN] opx_liq s=45 raw   RF   T_C     rmse=78.09 r2=0.833 (2s)
2026-04-14 03:00:23,887 | INFO | [FROZEN] opx_liq s=45 raw   RF   P_kbar  rmse=5.69 r2=0.688 (3s)
2026-04-14 03:00:26,052 | INFO | [FROZEN] opx_liq s=45 raw   ERT  T_C     rmse=81.57 r2=0.818 (2s)
2026-04-14 03:00:26,408 | INFO | [FROZEN] opx_liq s=45 raw   ERT  P_kbar  rmse=7.85 r2=0.407 (0s)
2026-04-14 03:00:28,101 | INFO | [FROZEN] opx_liq s=45 raw   XGB  T_C     rmse=99.73 r2=0.727 (2s)
2026-04-14 03:00:28,676 | INFO | [FROZEN] opx_liq s=45 raw   XGB  P_kbar  rmse=5.72 r2=0.685 (1s)
2026-04-14 03:00:29,515 | INFO | [FROZEN] opx_liq s=45 raw   GB   T_C     rmse=81.48 r2=0.818 (1s)
2026-04-14 03:00:29,983 | INFO | [FROZEN] opx_liq s=45 raw   GB   P_kbar  rmse=5.81 r2=0.675 (0s)
2026-04-14 03:00:33,172 | INFO | [FROZEN] opx_liq s=45 alr   RF   T_C     rmse=76.63 r2=0.839 (3s)
2026-04-14 03:00:35,561 | INFO | [FROZEN] opx_liq s=45 alr   RF   P_kbar  rmse=7.10 r2=0.515 (2s)
2026-04-14 03:00:36,818 | INFO | [FROZEN] opx_liq s=45 alr   ERT  T_C     rmse=82.43 r2=0.814 (1s)
2026-04-14 03:00:37,749 | INFO | [FROZEN] opx_liq s=45 alr   ERT  P_kbar  rmse=9.07 r2=0.208 (1s)
2026-04-14 03:00:40,451 | INFO | [FROZEN] opx_liq s=45 alr   XGB  T_C     rmse=91.37 r2=0.771 (3s)
2026-04-14 03:00:41,548 | INFO | [FROZEN] opx_liq s=45 alr   XGB  P_kbar  rmse=6.20 r2=0.629 (1s)
2026-04-14 03:00:42,010 | INFO | [FROZEN] opx_liq s=45 alr   GB   T_C     rmse=78.99 r2=0.829 (0s)
2026-04-14 03:00:42,494 | INFO | [FROZEN] opx_liq s=45 alr   GB   P_kbar  rmse=6.42 r2=0.603 (0s)
2026-04-14 03:00:46,578 | INFO | [FROZEN] opx_liq s=45 pwlr  RF   T_C     rmse=79.43 r2=0.827 (4s)
2026-04-14 03:00:48,081 | INFO | [FROZEN] opx_liq s=45 pwlr  RF   P_kbar  rmse=7.82 r2=0.411 (2s)
2026-04-14 03:00:51,496 | INFO | [FROZEN] opx_liq s=45 pwlr  ERT  T_C     rmse=81.20 r2=0.819 (3s)
2026-04-14 03:00:52,110 | INFO | [FROZEN] opx_liq s=45 pwlr  ERT  P_kbar  rmse=8.29 r2=0.338 (1s)
2026-04-14 03:01:00,795 | INFO | [FROZEN] opx_liq s=45 pwlr  XGB  T_C     rmse=101.44 r2=0.718 (9s)
2026-04-14 03:01:01,565 | INFO | [FROZEN] opx_liq s=45 pwlr  XGB  P_kbar  rmse=7.01 r2=0.526 (1s)
2026-04-14 03:01:02,042 | INFO | [FROZEN] opx_liq s=45 pwlr  GB   T_C     rmse=85.15 r2=0.801 (0s)
2026-04-14 03:01:02,349 | INFO | [FROZEN] opx_liq s=45 pwlr  GB   P_kbar  rmse=6.07 r2=0.646 (0s)
2026-04-14 03:01:02,356 | INFO | CHECKPOINT opx_liq seed=45 | 96 rows | 0.25h
2026-04-14 03:01:05,758 | INFO | [FROZEN] opx_liq s=46 raw   RF   T_C     rmse=74.40 r2=0.849 (3s)
2026-04-14 03:01:09,652 | INFO | [FROZEN] opx_liq s=46 raw   RF   P_kbar  rmse=6.16 r2=0.665 (4s)
2026-04-14 03:01:12,572 | INFO | [FROZEN] opx_liq s=46 raw   ERT  T_C     rmse=71.26 r2=0.862 (3s)
2026-04-14 03:01:12,904 | INFO | [FROZEN] opx_liq s=46 raw   ERT  P_kbar  rmse=7.25 r2=0.535 (0s)
2026-04-14 03:01:14,599 | INFO | [FROZEN] opx_liq s=46 raw   XGB  T_C     rmse=79.86 r2=0.826 (2s)
2026-04-14 03:01:15,201 | INFO | [FROZEN] opx_liq s=46 raw   XGB  P_kbar  rmse=5.20 r2=0.761 (1s)
2026-04-14 03:01:15,999 | INFO | [FROZEN] opx_liq s=46 raw   GB   T_C     rmse=75.94 r2=0.843 (1s)
2026-04-14 03:01:16,212 | INFO | [FROZEN] opx_liq s=46 raw   GB   P_kbar  rmse=5.92 r2=0.690 (0s)
2026-04-14 03:01:19,337 | INFO | [FROZEN] opx_liq s=46 alr   RF   T_C     rmse=75.34 r2=0.845 (3s)
2026-04-14 03:01:21,650 | INFO | [FROZEN] opx_liq s=46 alr   RF   P_kbar  rmse=6.70 r2=0.604 (2s)
2026-04-14 03:01:22,778 | INFO | [FROZEN] opx_liq s=46 alr   ERT  T_C     rmse=76.44 r2=0.841 (1s)
2026-04-14 03:01:23,715 | INFO | [FROZEN] opx_liq s=46 alr   ERT  P_kbar  rmse=6.85 r2=0.585 (1s)
2026-04-14 03:01:26,373 | INFO | [FROZEN] opx_liq s=46 alr   XGB  T_C     rmse=99.97 r2=0.727 (3s)
2026-04-14 03:01:27,709 | INFO | [FROZEN] opx_liq s=46 alr   XGB  P_kbar  rmse=5.73 r2=0.709 (1s)
2026-04-14 03:01:28,260 | INFO | [FROZEN] opx_liq s=46 alr   GB   T_C     rmse=86.52 r2=0.796 (1s)
2026-04-14 03:01:28,752 | INFO | [FROZEN] opx_liq s=46 alr   GB   P_kbar  rmse=6.37 r2=0.641 (0s)
2026-04-14 03:01:33,319 | INFO | [FROZEN] opx_liq s=46 pwlr  RF   T_C     rmse=73.23 r2=0.854 (5s)
2026-04-14 03:01:34,963 | INFO | [FROZEN] opx_liq s=46 pwlr  RF   P_kbar  rmse=6.84 r2=0.586 (2s)
2026-04-14 03:01:38,262 | INFO | [FROZEN] opx_liq s=46 pwlr  ERT  T_C     rmse=75.63 r2=0.844 (3s)
2026-04-14 03:01:38,827 | INFO | [FROZEN] opx_liq s=46 pwlr  ERT  P_kbar  rmse=6.36 r2=0.642 (1s)
2026-04-14 03:01:46,938 | INFO | [FROZEN] opx_liq s=46 pwlr  XGB  T_C     rmse=79.86 r2=0.826 (8s)
2026-04-14 03:01:47,667 | INFO | [FROZEN] opx_liq s=46 pwlr  XGB  P_kbar  rmse=6.32 r2=0.647 (1s)
2026-04-14 03:01:48,314 | INFO | [FROZEN] opx_liq s=46 pwlr  GB   T_C     rmse=86.25 r2=0.797 (1s)
2026-04-14 03:01:49,077 | INFO | [FROZEN] opx_liq s=46 pwlr  GB   P_kbar  rmse=7.32 r2=0.527 (1s)
2026-04-14 03:01:49,085 | INFO | CHECKPOINT opx_liq seed=46 | 120 rows | 0.27h
2026-04-14 03:01:51,554 | INFO | [FROZEN] opx_liq s=47 raw   RF   T_C     rmse=81.47 r2=0.795 (2s)
2026-04-14 03:01:55,166 | INFO | [FROZEN] opx_liq s=47 raw   RF   P_kbar  rmse=5.33 r2=0.678 (4s)
2026-04-14 03:01:57,414 | INFO | [FROZEN] opx_liq s=47 raw   ERT  T_C     rmse=88.87 r2=0.756 (2s)
2026-04-14 03:01:57,865 | INFO | [FROZEN] opx_liq s=47 raw   ERT  P_kbar  rmse=6.78 r2=0.478 (0s)
2026-04-14 03:01:59,795 | INFO | [FROZEN] opx_liq s=47 raw   XGB  T_C     rmse=82.02 r2=0.792 (2s)
2026-04-14 03:02:00,402 | INFO | [FROZEN] opx_liq s=47 raw   XGB  P_kbar  rmse=4.11 r2=0.809 (1s)
2026-04-14 03:02:01,244 | INFO | [FROZEN] opx_liq s=47 raw   GB   T_C     rmse=74.25 r2=0.830 (1s)
2026-04-14 03:02:01,638 | INFO | [FROZEN] opx_liq s=47 raw   GB   P_kbar  rmse=4.65 r2=0.755 (0s)
2026-04-14 03:02:05,285 | INFO | [FROZEN] opx_liq s=47 alr   RF   T_C     rmse=88.29 r2=0.759 (4s)
2026-04-14 03:02:07,522 | INFO | [FROZEN] opx_liq s=47 alr   RF   P_kbar  rmse=5.85 r2=0.612 (2s)
2026-04-14 03:02:08,765 | INFO | [FROZEN] opx_liq s=47 alr   ERT  T_C     rmse=92.49 r2=0.736 (1s)
2026-04-14 03:02:09,707 | INFO | [FROZEN] opx_liq s=47 alr   ERT  P_kbar  rmse=7.62 r2=0.342 (1s)
2026-04-14 03:02:12,829 | INFO | [FROZEN] opx_liq s=47 alr   XGB  T_C     rmse=82.20 r2=0.791 (3s)
2026-04-14 03:02:13,879 | INFO | [FROZEN] opx_liq s=47 alr   XGB  P_kbar  rmse=4.45 r2=0.775 (1s)
2026-04-14 03:02:14,289 | INFO | [FROZEN] opx_liq s=47 alr   GB   T_C     rmse=72.38 r2=0.838 (0s)
2026-04-14 03:02:14,549 | INFO | [FROZEN] opx_liq s=47 alr   GB   P_kbar  rmse=5.12 r2=0.703 (0s)
2026-04-14 03:02:19,193 | INFO | [FROZEN] opx_liq s=47 pwlr  RF   T_C     rmse=78.87 r2=0.808 (5s)
2026-04-14 03:02:20,665 | INFO | [FROZEN] opx_liq s=47 pwlr  RF   P_kbar  rmse=6.08 r2=0.581 (1s)
2026-04-14 03:02:24,162 | INFO | [FROZEN] opx_liq s=47 pwlr  ERT  T_C     rmse=86.96 r2=0.766 (3s)
2026-04-14 03:02:24,745 | INFO | [FROZEN] opx_liq s=47 pwlr  ERT  P_kbar  rmse=6.55 r2=0.514 (1s)
2026-04-14 03:02:32,069 | INFO | [FROZEN] opx_liq s=47 pwlr  XGB  T_C     rmse=91.27 r2=0.743 (7s)
2026-04-14 03:02:32,538 | INFO | [FROZEN] opx_liq s=47 pwlr  XGB  P_kbar  rmse=4.95 r2=0.723 (0s)
2026-04-14 03:02:32,927 | INFO | [FROZEN] opx_liq s=47 pwlr  GB   T_C     rmse=83.66 r2=0.784 (0s)
2026-04-14 03:02:33,247 | INFO | [FROZEN] opx_liq s=47 pwlr  GB   P_kbar  rmse=5.52 r2=0.655 (0s)
2026-04-14 03:02:33,254 | INFO | CHECKPOINT opx_liq seed=47 | 144 rows | 0.28h
2026-04-14 03:02:34,636 | INFO | [FROZEN] opx_liq s=48 raw   RF   T_C     rmse=80.93 r2=0.592 (1s)
2026-04-14 03:02:36,977 | INFO | [FROZEN] opx_liq s=48 raw   RF   P_kbar  rmse=6.81 r2=0.502 (2s)
2026-04-14 03:02:38,146 | INFO | [FROZEN] opx_liq s=48 raw   ERT  T_C     rmse=76.03 r2=0.640 (1s)
2026-04-14 03:02:38,276 | INFO | [FROZEN] opx_liq s=48 raw   ERT  P_kbar  rmse=7.44 r2=0.407 (0s)
2026-04-14 03:02:39,581 | INFO | [FROZEN] opx_liq s=48 raw   XGB  T_C     rmse=73.16 r2=0.666 (1s)
2026-04-14 03:02:40,096 | INFO | [FROZEN] opx_liq s=48 raw   XGB  P_kbar  rmse=6.63 r2=0.528 (1s)
2026-04-14 03:02:40,611 | INFO | [FROZEN] opx_liq s=48 raw   GB   T_C     rmse=88.89 r2=0.508 (1s)
2026-04-14 03:02:40,887 | INFO | [FROZEN] opx_liq s=48 raw   GB   P_kbar  rmse=6.05 r2=0.608 (0s)
2026-04-14 03:02:43,735 | INFO | [FROZEN] opx_liq s=48 alr   RF   T_C     rmse=69.07 r2=0.703 (3s)
2026-04-14 03:02:45,029 | INFO | [FROZEN] opx_liq s=48 alr   RF   P_kbar  rmse=7.07 r2=0.464 (1s)
2026-04-14 03:02:45,777 | INFO | [FROZEN] opx_liq s=48 alr   ERT  T_C     rmse=75.55 r2=0.644 (1s)
2026-04-14 03:02:46,243 | INFO | [FROZEN] opx_liq s=48 alr   ERT  P_kbar  rmse=7.99 r2=0.316 (0s)
2026-04-14 03:02:47,836 | INFO | [FROZEN] opx_liq s=48 alr   XGB  T_C     rmse=75.14 r2=0.648 (2s)
2026-04-14 03:02:48,465 | INFO | [FROZEN] opx_liq s=48 alr   XGB  P_kbar  rmse=7.04 r2=0.468 (1s)
2026-04-14 03:02:48,692 | INFO | [FROZEN] opx_liq s=48 alr   GB   T_C     rmse=76.80 r2=0.633 (0s)
2026-04-14 03:02:48,831 | INFO | [FROZEN] opx_liq s=48 alr   GB   P_kbar  rmse=7.07 r2=0.465 (0s)
2026-04-14 03:02:51,471 | INFO | [FROZEN] opx_liq s=48 pwlr  RF   T_C     rmse=86.51 r2=0.534 (3s)
2026-04-14 03:02:52,388 | INFO | [FROZEN] opx_liq s=48 pwlr  RF   P_kbar  rmse=9.36 r2=0.060 (1s)
2026-04-14 03:02:54,419 | INFO | [FROZEN] opx_liq s=48 pwlr  ERT  T_C     rmse=83.61 r2=0.564 (2s)
2026-04-14 03:02:54,785 | INFO | [FROZEN] opx_liq s=48 pwlr  ERT  P_kbar  rmse=9.62 r2=0.007 (0s)
2026-04-14 03:02:58,979 | INFO | [FROZEN] opx_liq s=48 pwlr  XGB  T_C     rmse=78.10 r2=0.620 (4s)
2026-04-14 03:02:59,413 | INFO | [FROZEN] opx_liq s=48 pwlr  XGB  P_kbar  rmse=8.93 r2=0.144 (0s)
2026-04-14 03:02:59,664 | INFO | [FROZEN] opx_liq s=48 pwlr  GB   T_C     rmse=107.79 r2=0.276 (0s)
2026-04-14 03:02:59,853 | INFO | [FROZEN] opx_liq s=48 pwlr  GB   P_kbar  rmse=9.17 r2=0.098 (0s)
2026-04-14 03:02:59,861 | INFO | CHECKPOINT opx_liq seed=48 | 168 rows | 0.28h
2026-04-14 03:03:01,266 | INFO | [FROZEN] opx_liq s=49 raw   RF   T_C     rmse=88.27 r2=0.780 (1s)
2026-04-14 03:03:03,346 | INFO | [FROZEN] opx_liq s=49 raw   RF   P_kbar  rmse=8.71 r2=0.184 (2s)
2026-04-14 03:03:04,336 | INFO | [FROZEN] opx_liq s=49 raw   ERT  T_C     rmse=87.78 r2=0.783 (1s)
2026-04-14 03:03:04,463 | INFO | [FROZEN] opx_liq s=49 raw   ERT  P_kbar  rmse=6.91 r2=0.486 (0s)
2026-04-14 03:03:05,272 | INFO | [FROZEN] opx_liq s=49 raw   XGB  T_C     rmse=85.80 r2=0.792 (1s)
2026-04-14 03:03:05,567 | INFO | [FROZEN] opx_liq s=49 raw   XGB  P_kbar  rmse=4.74 r2=0.758 (0s)
2026-04-14 03:03:05,974 | INFO | [FROZEN] opx_liq s=49 raw   GB   T_C     rmse=90.30 r2=0.770 (0s)
2026-04-14 03:03:06,094 | INFO | [FROZEN] opx_liq s=49 raw   GB   P_kbar  rmse=4.94 r2=0.737 (0s)
2026-04-14 03:03:08,276 | INFO | [FROZEN] opx_liq s=49 alr   RF   T_C     rmse=83.89 r2=0.801 (2s)
2026-04-14 03:03:09,347 | INFO | [FROZEN] opx_liq s=49 alr   RF   P_kbar  rmse=6.31 r2=0.571 (1s)
2026-04-14 03:03:09,912 | INFO | [FROZEN] opx_liq s=49 alr   ERT  T_C     rmse=91.09 r2=0.766 (1s)
2026-04-14 03:03:10,371 | INFO | [FROZEN] opx_liq s=49 alr   ERT  P_kbar  rmse=7.45 r2=0.402 (0s)
2026-04-14 03:03:12,033 | INFO | [FROZEN] opx_liq s=49 alr   XGB  T_C     rmse=87.78 r2=0.783 (2s)
2026-04-14 03:03:12,704 | INFO | [FROZEN] opx_liq s=49 alr   XGB  P_kbar  rmse=4.76 r2=0.756 (1s)
2026-04-14 03:03:13,040 | INFO | [FROZEN] opx_liq s=49 alr   GB   T_C     rmse=83.06 r2=0.805 (0s)
2026-04-14 03:03:13,141 | INFO | [FROZEN] opx_liq s=49 alr   GB   P_kbar  rmse=5.43 r2=0.683 (0s)
2026-04-14 03:03:15,778 | INFO | [FROZEN] opx_liq s=49 pwlr  RF   T_C     rmse=77.53 r2=0.830 (3s)
2026-04-14 03:03:16,696 | INFO | [FROZEN] opx_liq s=49 pwlr  RF   P_kbar  rmse=6.80 r2=0.502 (1s)
2026-04-14 03:03:18,935 | INFO | [FROZEN] opx_liq s=49 pwlr  ERT  T_C     rmse=76.04 r2=0.837 (2s)
2026-04-14 03:03:19,280 | INFO | [FROZEN] opx_liq s=49 pwlr  ERT  P_kbar  rmse=7.13 r2=0.453 (0s)
2026-04-14 03:03:23,207 | INFO | [FROZEN] opx_liq s=49 pwlr  XGB  T_C     rmse=82.43 r2=0.808 (4s)
2026-04-14 03:03:23,600 | INFO | [FROZEN] opx_liq s=49 pwlr  XGB  P_kbar  rmse=4.96 r2=0.735 (0s)
2026-04-14 03:03:23,923 | INFO | [FROZEN] opx_liq s=49 pwlr  GB   T_C     rmse=86.66 r2=0.788 (0s)
2026-04-14 03:03:24,073 | INFO | [FROZEN] opx_liq s=49 pwlr  GB   P_kbar  rmse=5.75 r2=0.644 (0s)
2026-04-14 03:03:24,080 | INFO | CHECKPOINT opx_liq seed=49 | 192 rows | 0.29h
2026-04-14 03:03:25,293 | INFO | [FROZEN] opx_liq s=50 raw   RF   T_C     rmse=84.42 r2=0.718 (1s)
2026-04-14 03:03:27,064 | INFO | [FROZEN] opx_liq s=50 raw   RF   P_kbar  rmse=3.70 r2=0.827 (2s)
2026-04-14 03:03:28,417 | INFO | [FROZEN] opx_liq s=50 raw   ERT  T_C     rmse=78.55 r2=0.756 (1s)
2026-04-14 03:03:28,545 | INFO | [FROZEN] opx_liq s=50 raw   ERT  P_kbar  rmse=5.09 r2=0.673 (0s)
2026-04-14 03:03:29,386 | INFO | [FROZEN] opx_liq s=50 raw   XGB  T_C     rmse=81.07 r2=0.740 (1s)
2026-04-14 03:03:29,691 | INFO | [FROZEN] opx_liq s=50 raw   XGB  P_kbar  rmse=4.15 r2=0.782 (0s)
2026-04-14 03:03:30,065 | INFO | [FROZEN] opx_liq s=50 raw   GB   T_C     rmse=82.59 r2=0.730 (0s)
2026-04-14 03:03:30,229 | INFO | [FROZEN] opx_liq s=50 raw   GB   P_kbar  rmse=3.68 r2=0.829 (0s)
2026-04-14 03:03:32,014 | INFO | [FROZEN] opx_liq s=50 alr   RF   T_C     rmse=77.61 r2=0.762 (2s)
2026-04-14 03:03:33,287 | INFO | [FROZEN] opx_liq s=50 alr   RF   P_kbar  rmse=4.62 r2=0.731 (1s)
2026-04-14 03:03:34,009 | INFO | [FROZEN] opx_liq s=50 alr   ERT  T_C     rmse=76.42 r2=0.769 (1s)
2026-04-14 03:03:34,479 | INFO | [FROZEN] opx_liq s=50 alr   ERT  P_kbar  rmse=5.66 r2=0.596 (0s)
2026-04-14 03:03:36,008 | INFO | [FROZEN] opx_liq s=50 alr   XGB  T_C     rmse=80.99 r2=0.741 (2s)
2026-04-14 03:03:36,686 | INFO | [FROZEN] opx_liq s=50 alr   XGB  P_kbar  rmse=4.73 r2=0.717 (1s)
2026-04-14 03:03:36,975 | INFO | [FROZEN] opx_liq s=50 alr   GB   T_C     rmse=75.08 r2=0.777 (0s)
2026-04-14 03:03:37,131 | INFO | [FROZEN] opx_liq s=50 alr   GB   P_kbar  rmse=4.81 r2=0.708 (0s)
2026-04-14 03:03:39,830 | INFO | [FROZEN] opx_liq s=50 pwlr  RF   T_C     rmse=76.88 r2=0.766 (3s)
2026-04-14 03:03:40,719 | INFO | [FROZEN] opx_liq s=50 pwlr  RF   P_kbar  rmse=6.21 r2=0.514 (1s)
2026-04-14 03:03:43,006 | INFO | [FROZEN] opx_liq s=50 pwlr  ERT  T_C     rmse=77.88 r2=0.760 (2s)
2026-04-14 03:03:43,417 | INFO | [FROZEN] opx_liq s=50 pwlr  ERT  P_kbar  rmse=6.15 r2=0.522 (0s)
2026-04-14 03:03:47,941 | INFO | [FROZEN] opx_liq s=50 pwlr  XGB  T_C     rmse=80.69 r2=0.743 (5s)
2026-04-14 03:03:48,358 | INFO | [FROZEN] opx_liq s=50 pwlr  XGB  P_kbar  rmse=5.52 r2=0.615 (0s)
2026-04-14 03:03:48,708 | INFO | [FROZEN] opx_liq s=50 pwlr  GB   T_C     rmse=77.72 r2=0.761 (0s)
2026-04-14 03:03:48,909 | INFO | [FROZEN] opx_liq s=50 pwlr  GB   P_kbar  rmse=5.82 r2=0.572 (0s)
2026-04-14 03:03:48,918 | INFO | CHECKPOINT opx_liq seed=50 | 216 rows | 0.30h
2026-04-14 03:03:50,216 | INFO | [FROZEN] opx_liq s=51 raw   RF   T_C     rmse=69.69 r2=0.855 (1s)
2026-04-14 03:03:52,101 | INFO | [FROZEN] opx_liq s=51 raw   RF   P_kbar  rmse=6.56 r2=0.611 (2s)
2026-04-14 03:03:53,024 | INFO | [FROZEN] opx_liq s=51 raw   ERT  T_C     rmse=72.11 r2=0.845 (1s)
2026-04-14 03:03:53,178 | INFO | [FROZEN] opx_liq s=51 raw   ERT  P_kbar  rmse=8.11 r2=0.404 (0s)
2026-04-14 03:03:54,034 | INFO | [FROZEN] opx_liq s=51 raw   XGB  T_C     rmse=79.79 r2=0.810 (1s)
2026-04-14 03:03:54,333 | INFO | [FROZEN] opx_liq s=51 raw   XGB  P_kbar  rmse=5.99 r2=0.675 (0s)
2026-04-14 03:03:54,667 | INFO | [FROZEN] opx_liq s=51 raw   GB   T_C     rmse=80.55 r2=0.807 (0s)
2026-04-14 03:03:54,765 | INFO | [FROZEN] opx_liq s=51 raw   GB   P_kbar  rmse=5.89 r2=0.686 (0s)
2026-04-14 03:03:56,506 | INFO | [FROZEN] opx_liq s=51 alr   RF   T_C     rmse=72.41 r2=0.844 (2s)
2026-04-14 03:03:57,838 | INFO | [FROZEN] opx_liq s=51 alr   RF   P_kbar  rmse=6.74 r2=0.589 (1s)
2026-04-14 03:03:58,478 | INFO | [FROZEN] opx_liq s=51 alr   ERT  T_C     rmse=74.95 r2=0.832 (1s)
2026-04-14 03:03:59,189 | INFO | [FROZEN] opx_liq s=51 alr   ERT  P_kbar  rmse=8.29 r2=0.378 (1s)
2026-04-14 03:04:00,839 | INFO | [FROZEN] opx_liq s=51 alr   XGB  T_C     rmse=71.70 r2=0.847 (2s)
2026-04-14 03:04:01,657 | INFO | [FROZEN] opx_liq s=51 alr   XGB  P_kbar  rmse=6.12 r2=0.661 (1s)
2026-04-14 03:04:02,059 | INFO | [FROZEN] opx_liq s=51 alr   GB   T_C     rmse=80.92 r2=0.805 (0s)
2026-04-14 03:04:02,294 | INFO | [FROZEN] opx_liq s=51 alr   GB   P_kbar  rmse=5.81 r2=0.694 (0s)
2026-04-14 03:04:04,757 | INFO | [FROZEN] opx_liq s=51 pwlr  RF   T_C     rmse=64.84 r2=0.875 (2s)
2026-04-14 03:04:05,476 | INFO | [FROZEN] opx_liq s=51 pwlr  RF   P_kbar  rmse=7.97 r2=0.425 (1s)
2026-04-14 03:04:07,398 | INFO | [FROZEN] opx_liq s=51 pwlr  ERT  T_C     rmse=72.18 r2=0.845 (2s)
2026-04-14 03:04:07,763 | INFO | [FROZEN] opx_liq s=51 pwlr  ERT  P_kbar  rmse=8.10 r2=0.406 (0s)
2026-04-14 03:04:12,403 | INFO | [FROZEN] opx_liq s=51 pwlr  XGB  T_C     rmse=79.92 r2=0.810 (5s)
2026-04-14 03:04:12,852 | INFO | [FROZEN] opx_liq s=51 pwlr  XGB  P_kbar  rmse=6.33 r2=0.637 (0s)
2026-04-14 03:04:13,120 | INFO | [FROZEN] opx_liq s=51 pwlr  GB   T_C     rmse=95.84 r2=0.726 (0s)
2026-04-14 03:04:13,381 | INFO | [FROZEN] opx_liq s=51 pwlr  GB   P_kbar  rmse=5.80 r2=0.696 (0s)
2026-04-14 03:04:13,390 | INFO | CHECKPOINT opx_liq seed=51 | 240 rows | 0.31h
2026-04-14 03:05:12,370 | INFO | [TUNE] opx_only s=42 raw   RF   T_C     rmse=154.96 r2=0.222 (59s)
2026-04-14 03:06:28,844 | INFO | [TUNE] opx_only s=42 raw   RF   P_kbar  rmse=12.85 r2=0.148 (76s)
2026-04-14 03:07:28,844 | INFO | [TUNE] opx_only s=42 raw   ERT  T_C     rmse=162.30 r2=0.147 (60s)
2026-04-14 03:08:49,902 | INFO | [TUNE] opx_only s=42 raw   ERT  P_kbar  rmse=12.86 r2=0.147 (81s)
2026-04-14 03:09:00,364 | INFO | [TUNE] opx_only s=42 raw   XGB  T_C     rmse=148.37 r2=0.287 (10s)
2026-04-14 03:09:11,067 | INFO | [TUNE] opx_only s=42 raw   XGB  P_kbar  rmse=11.75 r2=0.289 (11s)
2026-04-14 03:09:13,961 | INFO | [TUNE] opx_only s=42 raw   GB   T_C     rmse=153.66 r2=0.235 (3s)
2026-04-14 03:09:16,711 | INFO | [TUNE] opx_only s=42 raw   GB   P_kbar  rmse=12.73 r2=0.165 (3s)
2026-04-14 03:10:41,237 | INFO | [TUNE] opx_only s=42 alr   RF   T_C     rmse=153.77 r2=0.234 (85s)
2026-04-14 03:12:07,963 | INFO | [TUNE] opx_only s=42 alr   RF   P_kbar  rmse=12.03 r2=0.254 (87s)
2026-04-14 03:13:24,046 | INFO | [TUNE] opx_only s=42 alr   ERT  T_C     rmse=167.91 r2=0.087 (76s)
2026-04-14 03:14:46,554 | INFO | [TUNE] opx_only s=42 alr   ERT  P_kbar  rmse=11.17 r2=0.356 (83s)
2026-04-14 03:15:01,334 | INFO | [TUNE] opx_only s=42 alr   XGB  T_C     rmse=146.95 r2=0.301 (15s)
2026-04-14 03:15:11,639 | INFO | [TUNE] opx_only s=42 alr   XGB  P_kbar  rmse=10.39 r2=0.444 (10s)
2026-04-14 03:15:16,174 | INFO | [TUNE] opx_only s=42 alr   GB   T_C     rmse=147.39 r2=0.297 (5s)
2026-04-14 03:15:19,777 | INFO | [TUNE] opx_only s=42 alr   GB   P_kbar  rmse=11.84 r2=0.277 (4s)
2026-04-14 03:16:45,715 | INFO | [TUNE] opx_only s=42 pwlr  RF   T_C     rmse=151.68 r2=0.255 (86s)
2026-04-14 03:18:15,711 | INFO | [TUNE] opx_only s=42 pwlr  RF   P_kbar  rmse=10.40 r2=0.442 (90s)
2026-04-14 03:19:34,745 | INFO | [TUNE] opx_only s=42 pwlr  ERT  T_C     rmse=161.23 r2=0.158 (79s)
2026-04-14 03:21:05,780 | INFO | [TUNE] opx_only s=42 pwlr  ERT  P_kbar  rmse=11.60 r2=0.306 (91s)
2026-04-14 03:21:32,885 | INFO | [TUNE] opx_only s=42 pwlr  XGB  T_C     rmse=149.17 r2=0.280 (27s)
2026-04-14 03:21:49,819 | INFO | [TUNE] opx_only s=42 pwlr  XGB  P_kbar  rmse=10.17 r2=0.467 (17s)
2026-04-14 03:21:54,956 | INFO | [TUNE] opx_only s=42 pwlr  GB   T_C     rmse=153.17 r2=0.240 (5s)
2026-04-14 03:21:59,271 | INFO | [TUNE] opx_only s=42 pwlr  GB   P_kbar  rmse=11.40 r2=0.330 (4s)
2026-04-14 03:21:59,283 | INFO | CHECKPOINT opx_only seed=42 | 264 rows | 0.60h
2026-04-14 03:22:00,117 | INFO | [FROZEN] opx_only s=43 raw   RF   T_C     rmse=153.20 r2=0.303 (1s)
2026-04-14 03:22:00,727 | INFO | [FROZEN] opx_only s=43 raw   RF   P_kbar  rmse=12.89 r2=0.103 (1s)
2026-04-14 03:22:01,453 | INFO | [FROZEN] opx_only s=43 raw   ERT  T_C     rmse=145.53 r2=0.371 (1s)
2026-04-14 03:22:02,842 | INFO | [FROZEN] opx_only s=43 raw   ERT  P_kbar  rmse=14.36 r2=-0.113 (1s)
2026-04-14 03:22:02,944 | INFO | [FROZEN] opx_only s=43 raw   XGB  T_C     rmse=151.19 r2=0.321 (0s)
2026-04-14 03:22:03,416 | INFO | [FROZEN] opx_only s=43 raw   XGB  P_kbar  rmse=11.95 r2=0.229 (0s)
2026-04-14 03:22:03,494 | INFO | [FROZEN] opx_only s=43 raw   GB   T_C     rmse=148.96 r2=0.341 (0s)
2026-04-14 03:22:03,603 | INFO | [FROZEN] opx_only s=43 raw   GB   P_kbar  rmse=12.64 r2=0.138 (0s)
2026-04-14 03:22:03,961 | INFO | [FROZEN] opx_only s=43 alr   RF   T_C     rmse=149.97 r2=0.332 (0s)
2026-04-14 03:22:04,390 | INFO | [FROZEN] opx_only s=43 alr   RF   P_kbar  rmse=12.10 r2=0.210 (0s)
2026-04-14 03:22:04,873 | INFO | [FROZEN] opx_only s=43 alr   ERT  T_C     rmse=153.25 r2=0.302 (0s)
2026-04-14 03:22:05,476 | INFO | [FROZEN] opx_only s=43 alr   ERT  P_kbar  rmse=11.80 r2=0.248 (1s)
2026-04-14 03:22:06,426 | INFO | [FROZEN] opx_only s=43 alr   XGB  T_C     rmse=149.26 r2=0.338 (1s)
2026-04-14 03:22:06,727 | INFO | [FROZEN] opx_only s=43 alr   XGB  P_kbar  rmse=11.82 r2=0.246 (0s)
2026-04-14 03:22:07,503 | INFO | [FROZEN] opx_only s=43 alr   GB   T_C     rmse=154.50 r2=0.291 (1s)
2026-04-14 03:22:08,179 | INFO | [FROZEN] opx_only s=43 alr   GB   P_kbar  rmse=12.10 r2=0.210 (1s)
2026-04-14 03:22:08,862 | INFO | [FROZEN] opx_only s=43 pwlr  RF   T_C     rmse=146.62 r2=0.361 (1s)
2026-04-14 03:22:10,056 | INFO | [FROZEN] opx_only s=43 pwlr  RF   P_kbar  rmse=11.79 r2=0.250 (1s)
2026-04-14 03:22:10,752 | INFO | [FROZEN] opx_only s=43 pwlr  ERT  T_C     rmse=151.03 r2=0.322 (1s)
2026-04-14 03:22:12,456 | INFO | [FROZEN] opx_only s=43 pwlr  ERT  P_kbar  rmse=11.45 r2=0.292 (2s)
2026-04-14 03:22:13,623 | INFO | [FROZEN] opx_only s=43 pwlr  XGB  T_C     rmse=146.99 r2=0.358 (1s)
2026-04-14 03:22:13,947 | INFO | [FROZEN] opx_only s=43 pwlr  XGB  P_kbar  rmse=12.36 r2=0.175 (0s)
2026-04-14 03:22:14,218 | INFO | [FROZEN] opx_only s=43 pwlr  GB   T_C     rmse=149.53 r2=0.336 (0s)
2026-04-14 03:22:14,703 | INFO | [FROZEN] opx_only s=43 pwlr  GB   P_kbar  rmse=13.60 r2=0.002 (0s)
2026-04-14 03:22:14,721 | INFO | CHECKPOINT opx_only seed=43 | 288 rows | 0.61h
2026-04-14 03:22:15,434 | INFO | [FROZEN] opx_only s=44 raw   RF   T_C     rmse=131.07 r2=0.462 (1s)
2026-04-14 03:22:16,002 | INFO | [FROZEN] opx_only s=44 raw   RF   P_kbar  rmse=14.64 r2=0.161 (1s)
2026-04-14 03:22:16,628 | INFO | [FROZEN] opx_only s=44 raw   ERT  T_C     rmse=131.67 r2=0.457 (1s)
2026-04-14 03:22:17,705 | INFO | [FROZEN] opx_only s=44 raw   ERT  P_kbar  rmse=13.58 r2=0.278 (1s)
2026-04-14 03:22:17,812 | INFO | [FROZEN] opx_only s=44 raw   XGB  T_C     rmse=129.60 r2=0.474 (0s)
2026-04-14 03:22:18,472 | INFO | [FROZEN] opx_only s=44 raw   XGB  P_kbar  rmse=14.71 r2=0.153 (1s)
2026-04-14 03:22:18,612 | INFO | [FROZEN] opx_only s=44 raw   GB   T_C     rmse=135.61 r2=0.424 (0s)
2026-04-14 03:22:19,026 | INFO | [FROZEN] opx_only s=44 raw   GB   P_kbar  rmse=14.64 r2=0.161 (0s)
2026-04-14 03:22:19,561 | INFO | [FROZEN] opx_only s=44 alr   RF   T_C     rmse=135.47 r2=0.425 (0s)
2026-04-14 03:22:20,124 | INFO | [FROZEN] opx_only s=44 alr   RF   P_kbar  rmse=14.72 r2=0.151 (1s)
2026-04-14 03:22:20,841 | INFO | [FROZEN] opx_only s=44 alr   ERT  T_C     rmse=134.26 r2=0.435 (1s)
2026-04-14 03:22:21,663 | INFO | [FROZEN] opx_only s=44 alr   ERT  P_kbar  rmse=14.90 r2=0.130 (1s)
2026-04-14 03:22:22,595 | INFO | [FROZEN] opx_only s=44 alr   XGB  T_C     rmse=130.53 r2=0.466 (1s)
2026-04-14 03:22:22,871 | INFO | [FROZEN] opx_only s=44 alr   XGB  P_kbar  rmse=13.99 r2=0.233 (0s)
2026-04-14 03:22:25,066 | INFO | [FROZEN] opx_only s=44 alr   GB   T_C     rmse=133.65 r2=0.440 (2s)
2026-04-14 03:22:25,483 | INFO | [FROZEN] opx_only s=44 alr   GB   P_kbar  rmse=15.49 r2=0.060 (0s)
2026-04-14 03:22:26,358 | INFO | [FROZEN] opx_only s=44 pwlr  RF   T_C     rmse=116.62 r2=0.574 (1s)
2026-04-14 03:22:27,968 | INFO | [FROZEN] opx_only s=44 pwlr  RF   P_kbar  rmse=12.29 r2=0.408 (2s)
2026-04-14 03:22:28,718 | INFO | [FROZEN] opx_only s=44 pwlr  ERT  T_C     rmse=119.22 r2=0.555 (1s)
2026-04-14 03:22:31,045 | INFO | [FROZEN] opx_only s=44 pwlr  ERT  P_kbar  rmse=14.04 r2=0.228 (2s)
2026-04-14 03:22:32,664 | INFO | [FROZEN] opx_only s=44 pwlr  XGB  T_C     rmse=113.27 r2=0.598 (2s)
2026-04-14 03:22:33,045 | INFO | [FROZEN] opx_only s=44 pwlr  XGB  P_kbar  rmse=14.51 r2=0.175 (0s)
2026-04-14 03:22:33,347 | INFO | [FROZEN] opx_only s=44 pwlr  GB   T_C     rmse=127.50 r2=0.491 (0s)
2026-04-14 03:22:34,737 | INFO | [FROZEN] opx_only s=44 pwlr  GB   P_kbar  rmse=15.97 r2=0.001 (1s)
2026-04-14 03:22:34,751 | INFO | CHECKPOINT opx_only seed=44 | 312 rows | 0.61h
2026-04-14 03:22:35,622 | INFO | [FROZEN] opx_only s=45 raw   RF   T_C     rmse=170.79 r2=0.331 (1s)
2026-04-14 03:22:36,246 | INFO | [FROZEN] opx_only s=45 raw   RF   P_kbar  rmse=10.15 r2=0.260 (1s)
2026-04-14 03:22:36,943 | INFO | [FROZEN] opx_only s=45 raw   ERT  T_C     rmse=173.68 r2=0.309 (1s)
2026-04-14 03:22:38,004 | INFO | [FROZEN] opx_only s=45 raw   ERT  P_kbar  rmse=9.48 r2=0.355 (1s)
2026-04-14 03:22:38,110 | INFO | [FROZEN] opx_only s=45 raw   XGB  T_C     rmse=163.97 r2=0.384 (0s)
2026-04-14 03:22:38,731 | INFO | [FROZEN] opx_only s=45 raw   XGB  P_kbar  rmse=9.94 r2=0.291 (1s)
2026-04-14 03:22:39,139 | INFO | [FROZEN] opx_only s=45 raw   GB   T_C     rmse=162.00 r2=0.398 (0s)
2026-04-14 03:22:39,452 | INFO | [FROZEN] opx_only s=45 raw   GB   P_kbar  rmse=8.92 r2=0.429 (0s)
2026-04-14 03:22:39,872 | INFO | [FROZEN] opx_only s=45 alr   RF   T_C     rmse=163.88 r2=0.384 (0s)
2026-04-14 03:22:40,479 | INFO | [FROZEN] opx_only s=45 alr   RF   P_kbar  rmse=9.82 r2=0.308 (1s)
2026-04-14 03:22:41,075 | INFO | [FROZEN] opx_only s=45 alr   ERT  T_C     rmse=175.36 r2=0.295 (1s)
2026-04-14 03:22:41,719 | INFO | [FROZEN] opx_only s=45 alr   ERT  P_kbar  rmse=9.47 r2=0.357 (1s)
2026-04-14 03:22:42,523 | INFO | [FROZEN] opx_only s=45 alr   XGB  T_C     rmse=166.61 r2=0.364 (1s)
2026-04-14 03:22:42,885 | INFO | [FROZEN] opx_only s=45 alr   XGB  P_kbar  rmse=9.07 r2=0.410 (0s)
2026-04-14 03:22:44,015 | INFO | [FROZEN] opx_only s=45 alr   GB   T_C     rmse=166.55 r2=0.364 (1s)
2026-04-14 03:22:44,216 | INFO | [FROZEN] opx_only s=45 alr   GB   P_kbar  rmse=8.96 r2=0.424 (0s)
2026-04-14 03:22:44,761 | INFO | [FROZEN] opx_only s=45 pwlr  RF   T_C     rmse=160.33 r2=0.411 (1s)
2026-04-14 03:22:45,977 | INFO | [FROZEN] opx_only s=45 pwlr  RF   P_kbar  rmse=8.94 r2=0.427 (1s)
2026-04-14 03:22:46,662 | INFO | [FROZEN] opx_only s=45 pwlr  ERT  T_C     rmse=162.18 r2=0.397 (1s)
2026-04-14 03:22:48,455 | INFO | [FROZEN] opx_only s=45 pwlr  ERT  P_kbar  rmse=9.04 r2=0.413 (2s)
2026-04-14 03:22:49,757 | INFO | [FROZEN] opx_only s=45 pwlr  XGB  T_C     rmse=167.15 r2=0.360 (1s)
2026-04-14 03:22:50,063 | INFO | [FROZEN] opx_only s=45 pwlr  XGB  P_kbar  rmse=10.02 r2=0.280 (0s)
2026-04-14 03:22:50,738 | INFO | [FROZEN] opx_only s=45 pwlr  GB   T_C     rmse=170.55 r2=0.333 (1s)
2026-04-14 03:22:51,700 | INFO | [FROZEN] opx_only s=45 pwlr  GB   P_kbar  rmse=10.53 r2=0.205 (1s)
2026-04-14 03:22:51,713 | INFO | CHECKPOINT opx_only seed=45 | 336 rows | 0.62h
2026-04-14 03:22:52,405 | INFO | [FROZEN] opx_only s=46 raw   RF   T_C     rmse=162.67 r2=0.354 (1s)
2026-04-14 03:22:53,027 | INFO | [FROZEN] opx_only s=46 raw   RF   P_kbar  rmse=19.08 r2=0.011 (1s)
2026-04-14 03:22:53,697 | INFO | [FROZEN] opx_only s=46 raw   ERT  T_C     rmse=156.98 r2=0.398 (1s)
2026-04-14 03:22:54,706 | INFO | [FROZEN] opx_only s=46 raw   ERT  P_kbar  rmse=17.69 r2=0.150 (1s)
2026-04-14 03:22:54,815 | INFO | [FROZEN] opx_only s=46 raw   XGB  T_C     rmse=157.30 r2=0.396 (0s)
2026-04-14 03:22:55,384 | INFO | [FROZEN] opx_only s=46 raw   XGB  P_kbar  rmse=18.94 r2=0.026 (1s)
2026-04-14 03:22:55,538 | INFO | [FROZEN] opx_only s=46 raw   GB   T_C     rmse=157.05 r2=0.398 (0s)
2026-04-14 03:22:55,849 | INFO | [FROZEN] opx_only s=46 raw   GB   P_kbar  rmse=18.37 r2=0.084 (0s)
2026-04-14 03:22:56,246 | INFO | [FROZEN] opx_only s=46 alr   RF   T_C     rmse=156.40 r2=0.403 (0s)
2026-04-14 03:22:56,711 | INFO | [FROZEN] opx_only s=46 alr   RF   P_kbar  rmse=19.90 r2=-0.075 (0s)
2026-04-14 03:22:57,232 | INFO | [FROZEN] opx_only s=46 alr   ERT  T_C     rmse=155.03 r2=0.413 (1s)
2026-04-14 03:22:57,793 | INFO | [FROZEN] opx_only s=46 alr   ERT  P_kbar  rmse=19.01 r2=0.018 (1s)
2026-04-14 03:22:58,559 | INFO | [FROZEN] opx_only s=46 alr   XGB  T_C     rmse=162.67 r2=0.354 (1s)
2026-04-14 03:22:58,819 | INFO | [FROZEN] opx_only s=46 alr   XGB  P_kbar  rmse=18.19 r2=0.102 (0s)
2026-04-14 03:23:00,035 | INFO | [FROZEN] opx_only s=46 alr   GB   T_C     rmse=169.38 r2=0.299 (1s)
2026-04-14 03:23:00,444 | INFO | [FROZEN] opx_only s=46 alr   GB   P_kbar  rmse=18.14 r2=0.106 (0s)
2026-04-14 03:23:00,987 | INFO | [FROZEN] opx_only s=46 pwlr  RF   T_C     rmse=154.38 r2=0.418 (1s)
2026-04-14 03:23:02,193 | INFO | [FROZEN] opx_only s=46 pwlr  RF   P_kbar  rmse=18.22 r2=0.098 (1s)
2026-04-14 03:23:02,926 | INFO | [FROZEN] opx_only s=46 pwlr  ERT  T_C     rmse=155.06 r2=0.413 (1s)
2026-04-14 03:23:04,628 | INFO | [FROZEN] opx_only s=46 pwlr  ERT  P_kbar  rmse=18.56 r2=0.064 (2s)
2026-04-14 03:23:05,841 | INFO | [FROZEN] opx_only s=46 pwlr  XGB  T_C     rmse=162.12 r2=0.358 (1s)
2026-04-14 03:23:06,130 | INFO | [FROZEN] opx_only s=46 pwlr  XGB  P_kbar  rmse=17.95 r2=0.125 (0s)
2026-04-14 03:23:06,463 | INFO | [FROZEN] opx_only s=46 pwlr  GB   T_C     rmse=162.74 r2=0.353 (0s)
2026-04-14 03:23:06,824 | INFO | [FROZEN] opx_only s=46 pwlr  GB   P_kbar  rmse=17.94 r2=0.126 (0s)
2026-04-14 03:23:06,866 | INFO | CHECKPOINT opx_only seed=46 | 360 rows | 0.62h
2026-04-14 03:23:07,576 | INFO | [FROZEN] opx_only s=47 raw   RF   T_C     rmse=141.53 r2=0.403 (1s)
2026-04-14 03:23:08,220 | INFO | [FROZEN] opx_only s=47 raw   RF   P_kbar  rmse=11.52 r2=0.231 (1s)
2026-04-14 03:23:08,778 | INFO | [FROZEN] opx_only s=47 raw   ERT  T_C     rmse=149.21 r2=0.336 (1s)
2026-04-14 03:23:09,819 | INFO | [FROZEN] opx_only s=47 raw   ERT  P_kbar  rmse=11.79 r2=0.194 (1s)
2026-04-14 03:23:09,937 | INFO | [FROZEN] opx_only s=47 raw   XGB  T_C     rmse=139.16 r2=0.422 (0s)
2026-04-14 03:23:10,641 | INFO | [FROZEN] opx_only s=47 raw   XGB  P_kbar  rmse=11.01 r2=0.297 (1s)
2026-04-14 03:23:10,999 | INFO | [FROZEN] opx_only s=47 raw   GB   T_C     rmse=146.01 r2=0.364 (0s)
2026-04-14 03:23:11,173 | INFO | [FROZEN] opx_only s=47 raw   GB   P_kbar  rmse=10.94 r2=0.306 (0s)
2026-04-14 03:23:11,555 | INFO | [FROZEN] opx_only s=47 alr   RF   T_C     rmse=143.42 r2=0.387 (0s)
2026-04-14 03:23:12,003 | INFO | [FROZEN] opx_only s=47 alr   RF   P_kbar  rmse=11.37 r2=0.251 (0s)
2026-04-14 03:23:12,507 | INFO | [FROZEN] opx_only s=47 alr   ERT  T_C     rmse=153.16 r2=0.300 (1s)
2026-04-14 03:23:13,170 | INFO | [FROZEN] opx_only s=47 alr   ERT  P_kbar  rmse=10.42 r2=0.371 (1s)
2026-04-14 03:23:13,973 | INFO | [FROZEN] opx_only s=47 alr   XGB  T_C     rmse=136.14 r2=0.447 (1s)
2026-04-14 03:23:14,275 | INFO | [FROZEN] opx_only s=47 alr   XGB  P_kbar  rmse=9.91 r2=0.431 (0s)
2026-04-14 03:23:15,409 | INFO | [FROZEN] opx_only s=47 alr   GB   T_C     rmse=143.46 r2=0.386 (1s)
2026-04-14 03:23:15,705 | INFO | [FROZEN] opx_only s=47 alr   GB   P_kbar  rmse=10.48 r2=0.363 (0s)
2026-04-14 03:23:16,368 | INFO | [FROZEN] opx_only s=47 pwlr  RF   T_C     rmse=137.37 r2=0.437 (1s)
2026-04-14 03:23:17,393 | INFO | [FROZEN] opx_only s=47 pwlr  RF   P_kbar  rmse=9.26 r2=0.503 (1s)
2026-04-14 03:23:18,102 | INFO | [FROZEN] opx_only s=47 pwlr  ERT  T_C     rmse=145.44 r2=0.369 (1s)
2026-04-14 03:23:19,893 | INFO | [FROZEN] opx_only s=47 pwlr  ERT  P_kbar  rmse=10.28 r2=0.388 (2s)
2026-04-14 03:23:21,080 | INFO | [FROZEN] opx_only s=47 pwlr  XGB  T_C     rmse=136.20 r2=0.447 (1s)
2026-04-14 03:23:21,461 | INFO | [FROZEN] opx_only s=47 pwlr  XGB  P_kbar  rmse=9.75 r2=0.449 (0s)
2026-04-14 03:23:21,741 | INFO | [FROZEN] opx_only s=47 pwlr  GB   T_C     rmse=139.16 r2=0.423 (0s)
2026-04-14 03:23:21,968 | INFO | [FROZEN] opx_only s=47 pwlr  GB   P_kbar  rmse=10.16 r2=0.401 (0s)
2026-04-14 03:23:21,983 | INFO | CHECKPOINT opx_only seed=47 | 384 rows | 0.62h
2026-04-14 03:23:22,684 | INFO | [FROZEN] opx_only s=48 raw   RF   T_C     rmse=151.91 r2=0.508 (1s)
2026-04-14 03:23:23,309 | INFO | [FROZEN] opx_only s=48 raw   RF   P_kbar  rmse=8.49 r2=0.481 (1s)
2026-04-14 03:23:24,001 | INFO | [FROZEN] opx_only s=48 raw   ERT  T_C     rmse=151.70 r2=0.510 (1s)
2026-04-14 03:23:25,124 | INFO | [FROZEN] opx_only s=48 raw   ERT  P_kbar  rmse=7.56 r2=0.587 (1s)
2026-04-14 03:23:25,228 | INFO | [FROZEN] opx_only s=48 raw   XGB  T_C     rmse=156.52 r2=0.478 (0s)
2026-04-14 03:23:25,855 | INFO | [FROZEN] opx_only s=48 raw   XGB  P_kbar  rmse=8.03 r2=0.535 (1s)
2026-04-14 03:23:25,985 | INFO | [FROZEN] opx_only s=48 raw   GB   T_C     rmse=147.86 r2=0.534 (0s)
2026-04-14 03:23:26,366 | INFO | [FROZEN] opx_only s=48 raw   GB   P_kbar  rmse=8.11 r2=0.526 (0s)
2026-04-14 03:23:26,740 | INFO | [FROZEN] opx_only s=48 alr   RF   T_C     rmse=154.09 r2=0.494 (0s)
2026-04-14 03:23:27,195 | INFO | [FROZEN] opx_only s=48 alr   RF   P_kbar  rmse=8.18 r2=0.517 (0s)
2026-04-14 03:23:27,705 | INFO | [FROZEN] opx_only s=48 alr   ERT  T_C     rmse=158.03 r2=0.468 (1s)
2026-04-14 03:23:28,458 | INFO | [FROZEN] opx_only s=48 alr   ERT  P_kbar  rmse=7.64 r2=0.580 (1s)
2026-04-14 03:23:29,314 | INFO | [FROZEN] opx_only s=48 alr   XGB  T_C     rmse=158.14 r2=0.467 (1s)
2026-04-14 03:23:29,570 | INFO | [FROZEN] opx_only s=48 alr   XGB  P_kbar  rmse=7.77 r2=0.565 (0s)
2026-04-14 03:23:31,549 | INFO | [FROZEN] opx_only s=48 alr   GB   T_C     rmse=158.59 r2=0.464 (2s)
2026-04-14 03:23:32,388 | INFO | [FROZEN] opx_only s=48 alr   GB   P_kbar  rmse=7.94 r2=0.545 (1s)
2026-04-14 03:23:33,169 | INFO | [FROZEN] opx_only s=48 pwlr  RF   T_C     rmse=144.07 r2=0.558 (1s)
2026-04-14 03:23:34,592 | INFO | [FROZEN] opx_only s=48 pwlr  RF   P_kbar  rmse=7.82 r2=0.559 (1s)
2026-04-14 03:23:35,565 | INFO | [FROZEN] opx_only s=48 pwlr  ERT  T_C     rmse=152.97 r2=0.502 (1s)
2026-04-14 03:23:37,611 | INFO | [FROZEN] opx_only s=48 pwlr  ERT  P_kbar  rmse=7.37 r2=0.609 (2s)
2026-04-14 03:23:39,211 | INFO | [FROZEN] opx_only s=48 pwlr  XGB  T_C     rmse=152.85 r2=0.502 (2s)
2026-04-14 03:23:39,657 | INFO | [FROZEN] opx_only s=48 pwlr  XGB  P_kbar  rmse=7.02 r2=0.645 (0s)
2026-04-14 03:23:41,332 | INFO | [FROZEN] opx_only s=48 pwlr  GB   T_C     rmse=142.16 r2=0.569 (2s)
2026-04-14 03:23:42,184 | INFO | [FROZEN] opx_only s=48 pwlr  GB   P_kbar  rmse=7.97 r2=0.542 (1s)
2026-04-14 03:23:42,198 | INFO | CHECKPOINT opx_only seed=48 | 408 rows | 0.63h
2026-04-14 03:23:42,898 | INFO | [FROZEN] opx_only s=49 raw   RF   T_C     rmse=154.51 r2=0.448 (1s)
2026-04-14 03:23:43,515 | INFO | [FROZEN] opx_only s=49 raw   RF   P_kbar  rmse=13.45 r2=-0.359 (1s)
2026-04-14 03:23:44,184 | INFO | [FROZEN] opx_only s=49 raw   ERT  T_C     rmse=143.11 r2=0.526 (1s)
2026-04-14 03:23:45,174 | INFO | [FROZEN] opx_only s=49 raw   ERT  P_kbar  rmse=11.53 r2=0.001 (1s)
2026-04-14 03:23:45,304 | INFO | [FROZEN] opx_only s=49 raw   XGB  T_C     rmse=150.47 r2=0.476 (0s)
2026-04-14 03:23:45,960 | INFO | [FROZEN] opx_only s=49 raw   XGB  P_kbar  rmse=10.74 r2=0.134 (1s)
2026-04-14 03:23:46,116 | INFO | [FROZEN] opx_only s=49 raw   GB   T_C     rmse=154.33 r2=0.449 (0s)
2026-04-14 03:23:46,780 | INFO | [FROZEN] opx_only s=49 raw   GB   P_kbar  rmse=12.04 r2=-0.089 (1s)
2026-04-14 03:23:47,155 | INFO | [FROZEN] opx_only s=49 alr   RF   T_C     rmse=150.33 r2=0.477 (0s)
2026-04-14 03:23:47,668 | INFO | [FROZEN] opx_only s=49 alr   RF   P_kbar  rmse=12.90 r2=-0.251 (1s)
2026-04-14 03:23:48,255 | INFO | [FROZEN] opx_only s=49 alr   ERT  T_C     rmse=142.84 r2=0.528 (1s)
2026-04-14 03:23:48,799 | INFO | [FROZEN] opx_only s=49 alr   ERT  P_kbar  rmse=10.69 r2=0.142 (1s)
2026-04-14 03:23:49,756 | INFO | [FROZEN] opx_only s=49 alr   XGB  T_C     rmse=153.68 r2=0.454 (1s)
2026-04-14 03:23:50,037 | INFO | [FROZEN] opx_only s=49 alr   XGB  P_kbar  rmse=10.99 r2=0.093 (0s)
2026-04-14 03:23:50,746 | INFO | [FROZEN] opx_only s=49 alr   GB   T_C     rmse=155.27 r2=0.443 (1s)
2026-04-14 03:23:51,194 | INFO | [FROZEN] opx_only s=49 alr   GB   P_kbar  rmse=13.51 r2=-0.372 (0s)
2026-04-14 03:23:52,025 | INFO | [FROZEN] opx_only s=49 pwlr  RF   T_C     rmse=134.71 r2=0.580 (1s)
2026-04-14 03:23:53,190 | INFO | [FROZEN] opx_only s=49 pwlr  RF   P_kbar  rmse=13.19 r2=-0.306 (1s)
2026-04-14 03:23:53,833 | INFO | [FROZEN] opx_only s=49 pwlr  ERT  T_C     rmse=134.73 r2=0.580 (1s)
2026-04-14 03:23:55,790 | INFO | [FROZEN] opx_only s=49 pwlr  ERT  P_kbar  rmse=10.46 r2=0.179 (2s)
2026-04-14 03:23:57,073 | INFO | [FROZEN] opx_only s=49 pwlr  XGB  T_C     rmse=140.48 r2=0.544 (1s)
2026-04-14 03:23:57,368 | INFO | [FROZEN] opx_only s=49 pwlr  XGB  P_kbar  rmse=11.79 r2=-0.043 (0s)
2026-04-14 03:23:57,572 | INFO | [FROZEN] opx_only s=49 pwlr  GB   T_C     rmse=141.27 r2=0.538 (0s)
2026-04-14 03:23:58,024 | INFO | [FROZEN] opx_only s=49 pwlr  GB   P_kbar  rmse=11.48 r2=0.011 (0s)
2026-04-14 03:23:58,045 | INFO | CHECKPOINT opx_only seed=49 | 432 rows | 0.63h
2026-04-14 03:23:58,765 | INFO | [FROZEN] opx_only s=50 raw   RF   T_C     rmse=104.26 r2=0.652 (1s)
2026-04-14 03:23:59,303 | INFO | [FROZEN] opx_only s=50 raw   RF   P_kbar  rmse=11.10 r2=-0.385 (1s)
2026-04-14 03:23:59,938 | INFO | [FROZEN] opx_only s=50 raw   ERT  T_C     rmse=108.62 r2=0.622 (1s)
2026-04-14 03:24:00,951 | INFO | [FROZEN] opx_only s=50 raw   ERT  P_kbar  rmse=10.76 r2=-0.301 (1s)
2026-04-14 03:24:01,055 | INFO | [FROZEN] opx_only s=50 raw   XGB  T_C     rmse=108.55 r2=0.623 (0s)
2026-04-14 03:24:01,676 | INFO | [FROZEN] opx_only s=50 raw   XGB  P_kbar  rmse=10.46 r2=-0.230 (1s)
2026-04-14 03:24:02,214 | INFO | [FROZEN] opx_only s=50 raw   GB   T_C     rmse=111.99 r2=0.599 (1s)
2026-04-14 03:24:02,676 | INFO | [FROZEN] opx_only s=50 raw   GB   P_kbar  rmse=12.04 r2=-0.629 (0s)
2026-04-14 03:24:03,073 | INFO | [FROZEN] opx_only s=50 alr   RF   T_C     rmse=108.85 r2=0.621 (0s)
2026-04-14 03:24:03,511 | INFO | [FROZEN] opx_only s=50 alr   RF   P_kbar  rmse=9.26 r2=0.036 (0s)
2026-04-14 03:24:03,987 | INFO | [FROZEN] opx_only s=50 alr   ERT  T_C     rmse=112.98 r2=0.591 (0s)
2026-04-14 03:24:04,526 | INFO | [FROZEN] opx_only s=50 alr   ERT  P_kbar  rmse=11.29 r2=-0.432 (1s)
2026-04-14 03:24:05,313 | INFO | [FROZEN] opx_only s=50 alr   XGB  T_C     rmse=112.98 r2=0.591 (1s)
2026-04-14 03:24:05,591 | INFO | [FROZEN] opx_only s=50 alr   XGB  P_kbar  rmse=9.23 r2=0.042 (0s)
2026-04-14 03:24:06,789 | INFO | [FROZEN] opx_only s=50 alr   GB   T_C     rmse=111.99 r2=0.599 (1s)
2026-04-14 03:24:07,347 | INFO | [FROZEN] opx_only s=50 alr   GB   P_kbar  rmse=9.38 r2=0.010 (1s)
2026-04-14 03:24:07,931 | INFO | [FROZEN] opx_only s=50 pwlr  RF   T_C     rmse=101.49 r2=0.670 (1s)
2026-04-14 03:24:08,927 | INFO | [FROZEN] opx_only s=50 pwlr  RF   P_kbar  rmse=9.42 r2=0.002 (1s)
2026-04-14 03:24:09,495 | INFO | [FROZEN] opx_only s=50 pwlr  ERT  T_C     rmse=99.23 r2=0.685 (1s)
2026-04-14 03:24:11,148 | INFO | [FROZEN] opx_only s=50 pwlr  ERT  P_kbar  rmse=11.61 r2=-0.515 (2s)
2026-04-14 03:24:12,511 | INFO | [FROZEN] opx_only s=50 pwlr  XGB  T_C     rmse=98.95 r2=0.687 (1s)
2026-04-14 03:24:12,773 | INFO | [FROZEN] opx_only s=50 pwlr  XGB  P_kbar  rmse=10.58 r2=-0.258 (0s)
2026-04-14 03:24:13,023 | INFO | [FROZEN] opx_only s=50 pwlr  GB   T_C     rmse=98.56 r2=0.689 (0s)
2026-04-14 03:24:13,582 | INFO | [FROZEN] opx_only s=50 pwlr  GB   P_kbar  rmse=11.02 r2=-0.365 (1s)
2026-04-14 03:24:13,598 | INFO | CHECKPOINT opx_only seed=50 | 456 rows | 0.64h
2026-04-14 03:24:14,389 | INFO | [FROZEN] opx_only s=51 raw   RF   T_C     rmse=114.59 r2=0.689 (1s)
2026-04-14 03:24:15,013 | INFO | [FROZEN] opx_only s=51 raw   RF   P_kbar  rmse=10.20 r2=0.181 (1s)
2026-04-14 03:24:15,769 | INFO | [FROZEN] opx_only s=51 raw   ERT  T_C     rmse=121.96 r2=0.647 (1s)
2026-04-14 03:24:16,764 | INFO | [FROZEN] opx_only s=51 raw   ERT  P_kbar  rmse=9.91 r2=0.227 (1s)
2026-04-14 03:24:16,864 | INFO | [FROZEN] opx_only s=51 raw   XGB  T_C     rmse=124.27 r2=0.634 (0s)
2026-04-14 03:24:17,612 | INFO | [FROZEN] opx_only s=51 raw   XGB  P_kbar  rmse=9.61 r2=0.273 (1s)
2026-04-14 03:24:18,048 | INFO | [FROZEN] opx_only s=51 raw   GB   T_C     rmse=130.57 r2=0.596 (0s)
2026-04-14 03:24:18,275 | INFO | [FROZEN] opx_only s=51 raw   GB   P_kbar  rmse=10.34 r2=0.158 (0s)
2026-04-14 03:24:18,732 | INFO | [FROZEN] opx_only s=51 alr   RF   T_C     rmse=115.48 r2=0.684 (0s)
2026-04-14 03:24:19,258 | INFO | [FROZEN] opx_only s=51 alr   RF   P_kbar  rmse=9.50 r2=0.289 (1s)
2026-04-14 03:24:19,787 | INFO | [FROZEN] opx_only s=51 alr   ERT  T_C     rmse=125.06 r2=0.629 (1s)
2026-04-14 03:24:20,417 | INFO | [FROZEN] opx_only s=51 alr   ERT  P_kbar  rmse=7.46 r2=0.561 (1s)
2026-04-14 03:24:21,224 | INFO | [FROZEN] opx_only s=51 alr   XGB  T_C     rmse=123.96 r2=0.636 (1s)
2026-04-14 03:24:21,597 | INFO | [FROZEN] opx_only s=51 alr   XGB  P_kbar  rmse=9.03 r2=0.357 (0s)
2026-04-14 03:24:22,942 | INFO | [FROZEN] opx_only s=51 alr   GB   T_C     rmse=123.67 r2=0.638 (1s)
2026-04-14 03:24:23,694 | INFO | [FROZEN] opx_only s=51 alr   GB   P_kbar  rmse=9.24 r2=0.328 (1s)
2026-04-14 03:24:24,326 | INFO | [FROZEN] opx_only s=51 pwlr  RF   T_C     rmse=114.12 r2=0.691 (1s)
2026-04-14 03:24:25,539 | INFO | [FROZEN] opx_only s=51 pwlr  RF   P_kbar  rmse=8.52 r2=0.428 (1s)
2026-04-14 03:24:26,128 | INFO | [FROZEN] opx_only s=51 pwlr  ERT  T_C     rmse=117.54 r2=0.673 (1s)
2026-04-14 03:24:27,937 | INFO | [FROZEN] opx_only s=51 pwlr  ERT  P_kbar  rmse=8.40 r2=0.444 (2s)
2026-04-14 03:24:29,423 | INFO | [FROZEN] opx_only s=51 pwlr  XGB  T_C     rmse=119.40 r2=0.662 (1s)
2026-04-14 03:24:29,739 | INFO | [FROZEN] opx_only s=51 pwlr  XGB  P_kbar  rmse=9.21 r2=0.332 (0s)
2026-04-14 03:24:30,396 | INFO | [FROZEN] opx_only s=51 pwlr  GB   T_C     rmse=116.75 r2=0.677 (1s)
2026-04-14 03:24:30,942 | INFO | [FROZEN] opx_only s=51 pwlr  GB   P_kbar  rmse=8.62 r2=0.415 (1s)
2026-04-14 03:24:30,977 | INFO | CHECKPOINT opx_only seed=51 | 480 rows | 0.64h
2026-04-14 03:24:30,993 | INFO | COMPLETE: 480 rows in 0.64h
2026-04-14 03:24:40,087 | INFO | Diagnostic plots and statistical analysis complete.
