Resume run started at 2026-04-15T01:32:21.229383
Starting from: nb08_natural_twopx (index 8)

[01:32:21] starting nb08_natural_twopx
Input Notebook:  C:\Users\NQTa\Documents\MLCourse\Final Project\notebooks\nb08_natural_twopx.ipynb
Output Notebook: C:\Users\NQTa\Documents\MLCourse\Final Project\notebooks\executed\nb08_natural_twopx_executed.ipynb

Executing:   0%|          | 0/7 [00:00<?, ?cell/s]Executing notebook with kernel: python3
Executing Cell 1---------------------------------------
Ending Cell 1------------------------------------------

Executing:  14%|#4        | 1/7 [00:01<00:10,  1.78s/cell]Executing Cell 2---------------------------------------
NB08 v6 imports OK

Ending Cell 2------------------------------------------

Executing:  29%|##8       | 2/7 [00:03<00:08,  1.77s/cell]Executing Cell 3---------------------------------------
LEPR paired cpx+opx with ground truth: n=327
Thermobar AllMatches natural set: n=437

Ending Cell 3------------------------------------------

Executing:  43%|####2     | 3/7 [00:04<00:05,  1.39s/cell]Executing Cell 4---------------------------------------
Youve selected a P-independent function

Youve selected a T-independent function

LEPR predictions done.
  ML opx T  mean 1123 C   P mean 9.53 kbar
  Jor cpx T mean 1086 C  P mean 7.71 kbar
  Put2px T  mean 1082 C   P mean 5.04 kbar

Ending Cell 4------------------------------------------

Executing:  57%|#####7    | 4/7 [00:05<00:03,  1.19s/cell]Executing Cell 5---------------------------------------
Conformal half-widths: sigma_T=50.0 C, sigma_P=3.00 kbar
LEPR cross-mineral "equilibrium pair" fraction (|dT|<2s_T AND |dP|<2s_P): 0.728

LEPR vs experimental ground truth (cross-mineral agreement):
              Method  n_T  T_RMSE  T_bias  n_P  P_RMSE  P_bias
  ML opx-only (ours)  327  113.25   78.42  327    5.55    2.20
  Jorgenson cpx-only  327   74.92   42.13  327    1.84    0.38
Putirka 2-px eq36/39  323   77.57   36.03  323    5.75   -2.33

Saved nb08_natural_predictions.csv (n=327)

Ending Cell 5------------------------------------------
Executing Cell 6---------------------------------------
<Figure size 1200x1000 with 4 Axes>
Wrote fig_nb08_twopx_1to1.{png,pdf}
=== NB08 complete ===

Ending Cell 6------------------------------------------

Executing:  86%|########5 | 6/7 [00:12<00:02,  2.38s/cell]Executing Cell 7---------------------------------------
Ending Cell 7------------------------------------------

Executing: 100%|##########| 7/7 [00:13<00:00,  1.98s/cell]
[01:32:37] OK nb08_natural_twopx

[01:32:37] starting nbF_figures
Input Notebook:  C:\Users\NQTa\Documents\MLCourse\Final Project\notebooks\nbF_figures.ipynb
Output Notebook: C:\Users\NQTa\Documents\MLCourse\Final Project\notebooks\executed\nbF_figures_executed.ipynb

Executing:   0%|          | 0/13 [00:00<?, ?cell/s]Executing notebook with kernel: python3
Executing Cell 1---------------------------------------
Ending Cell 1------------------------------------------

Executing:   8%|7         | 1/13 [00:03<00:43,  3.60s/cell]Executing Cell 2---------------------------------------
Ending Cell 2------------------------------------------

Executing:  15%|#5        | 2/13 [00:09<00:55,  5.02s/cell]Executing Cell 3---------------------------------------
v7 primary (forest / T_C / opx_liq) feature set: alr
Phase 3R winning feature set: alr

Ending Cell 3------------------------------------------
Executing Cell 4---------------------------------------
NBF input audit:
                                     path owner           used_by  exists  bytes status
 data/processed/opx_clean_opx_liq.parquet  nb01 fig01,fig02,fig14    True 374877     OK
data/processed/opx_clean_opx_only.parquet  nb01       fig03,fig04    True 528558     OK
     data/splits/test_indices_opx_liq.npy  nb01 fig03,fig04,fig14    True   1520     OK
         data/splits/test_indices_opx.npy  nb01       fig03,fig04    True   1648     OK
     results/nb03_per_family_winners.json  nb03               all    True   3377     OK
      results/nb03_multi_seed_results.csv  nb03             fig05    True 232126     OK
           results/nb04_putirka_vs_ml.csv  nb04    fig10 (legacy)    True  14969     OK
      results/nb04b_arcpl_predictions.csv nb04b             fig13    True 169313     OK
             results/nb05_loso_pooled.csv  nb05             fig06    True   2630     OK
        results/nb07_test_predictions.csv  nb07             fig11    True  23783     OK
        results/nb10_arcpl_ood_scores.csv  nb10       fig12,fig13    True   9959     OK
           results/nb10_mc_per_sample.csv  nb10             fig14    True  12336     OK

All inputs present.

Ending Cell 4------------------------------------------

Executing:  31%|###       | 4/13 [00:09<00:17,  1.93s/cell]Executing Cell 5---------------------------------------
Ending Cell 5------------------------------------------

Executing:  38%|###8      | 5/13 [00:12<00:17,  2.21s/cell]Executing Cell 6---------------------------------------
Ending Cell 6------------------------------------------

Executing:  46%|####6     | 6/13 [00:14<00:14,  2.01s/cell]Executing Cell 7---------------------------------------
<Figure size 1100x500 with 2 Axes>
Ending Cell 7------------------------------------------

Executing:  54%|#####3    | 7/13 [00:19<00:18,  3.03s/cell]
Executing:  54%|#####3    | 7/13 [00:20<00:17,  2.97s/cell]
Traceback (most recent call last):
  File "<frozen runpy>", line 198, in _run_module_as_main
  File "<frozen runpy>", line 88, in _run_code
  File "C:\Users\NQTa\Documents\MLCourse\Final Project\.venv\Lib\site-packages\papermill\__main__.py", line 4, in <module>
    papermill()
    ~~~~~~~~~^^
  File "C:\Users\NQTa\Documents\MLCourse\Final Project\.venv\Lib\site-packages\click\core.py", line 1485, in __call__
    return self.main(*args, **kwargs)
           ~~~~~~~~~^^^^^^^^^^^^^^^^^
  File "C:\Users\NQTa\Documents\MLCourse\Final Project\.venv\Lib\site-packages\click\core.py", line 1406, in main
    rv = self.invoke(ctx)
  File "C:\Users\NQTa\Documents\MLCourse\Final Project\.venv\Lib\site-packages\click\core.py", line 1269, in invoke
    return ctx.invoke(self.callback, **ctx.params)
           ~~~~~~~~~~^^^^^^^^^^^^^^^^^^^^^^^^^^^^^
  File "C:\Users\NQTa\Documents\MLCourse\Final Project\.venv\Lib\site-packages\click\core.py", line 824, in invoke
    return callback(*args, **kwargs)
  File "C:\Users\NQTa\Documents\MLCourse\Final Project\.venv\Lib\site-packages\click\decorators.py", line 34, in new_func
    return f(get_current_context(), *args, **kwargs)
  File "C:\Users\NQTa\Documents\MLCourse\Final Project\.venv\Lib\site-packages\papermill\cli.py", line 235, in papermill
    execute_notebook(
    ~~~~~~~~~~~~~~~~^
        input_path=input_path,
        ^^^^^^^^^^^^^^^^^^^^^^
    ...<15 lines>...
        execution_timeout=execution_timeout,
        ^^^^^^^^^^^^^^^^^^^^^^^^^^^^^^^^^^^^
    )
    ^
  File "C:\Users\NQTa\Documents\MLCourse\Final Project\.venv\Lib\site-packages\papermill\execute.py", line 131, in execute_notebook
    raise_for_execution_errors(nb, output_path)
    ~~~~~~~~~~~~~~~~~~~~~~~~~~^^^^^^^^^^^^^^^^^
  File "C:\Users\NQTa\Documents\MLCourse\Final Project\.venv\Lib\site-packages\papermill\execute.py", line 251, in raise_for_execution_errors
    raise error
papermill.exceptions.PapermillExecutionError: 
---------------------------------------------------------------------------
Exception encountered at "In [6]":
---------------------------------------------------------------------------
ValueError                                Traceback (most recent call last)
File ~\Documents\MLCourse\Final Project\src\models.py:127, in predict_median(model, X)
    126 try:
--> 127     per_tree = np.stack([tree.predict(X) for tree in model.estimators_], axis=0)
    128     return np.median(per_tree, axis=0)

File ~\Documents\MLCourse\Final Project\.venv\Lib\site-packages\sklearn\tree\_classes.py:533, in BaseDecisionTree.predict(self, X, check_input)
    532 check_is_fitted(self)
--> 533 X = self._validate_X_predict(X, check_input)
    534 proba = self.tree_.predict(X)

File ~\Documents\MLCourse\Final Project\.venv\Lib\site-packages\sklearn\tree\_classes.py:492, in BaseDecisionTree._validate_X_predict(self, X, check_input)
    491     ensure_all_finite = True
--> 492 X = validate_data(
    493     self,
    494     X,
    495     dtype=DTYPE,
    496     accept_sparse="csr",
    497     reset=False,
    498     ensure_all_finite=ensure_all_finite,
    499 )
    500 if issparse(X) and (
    501     X.indices.dtype != np.intc or X.indptr.dtype != np.intc
    502 ):

File ~\Documents\MLCourse\Final Project\.venv\Lib\site-packages\sklearn\utils\validation.py:2923, in validate_data(_estimator, X, y, reset, validate_separately, skip_check_array, **check_params)
   2922 if not no_val_X and check_params.get("ensure_2d", True):
-> 2923     _check_n_features(_estimator, X, reset=reset)
   2925 return out

File ~\Documents\MLCourse\Final Project\.venv\Lib\site-packages\sklearn\utils\validation.py:2787, in _check_n_features(estimator, X, reset)
   2786 if n_features != estimator.n_features_in_:
-> 2787     raise ValueError(
   2788         f"X has {n_features} features, but {estimator.__class__.__name__} "
   2789         f"is expecting {estimator.n_features_in_} features as input."
   2790     )

ValueError: X has 15 features, but DecisionTreeRegressor is expecting 43 features as input.

During handling of the above exception, another exception occurred:

ValueError                                Traceback (most recent call last)
Cell In[6], line 36
     32 
     33 
     34 # Figure 3: pressure
     35 fig, axes = plt.subplots(1, 2, figsize=(11, 5))
---> 36 pred = predict_median(models[('opx_only', 'P_kbar')], X_opx_te)
     37 pred_vs_obs(axes[0], df_te_opx['P_kbar'].values, pred, 'kbar', MODEL_COLORS['RF'])
     38 axes[0].set_title('RF opx-only')
     39 panel_label(axes[0], 'a')

File ~\Documents\MLCourse\Final Project\src\models.py:130, in predict_median(model, X)
    128         return np.median(per_tree, axis=0)
    129     except Exception:
--> 130         return model.predict(X)
    131 return model.predict(X)

File ~\Documents\MLCourse\Final Project\.venv\Lib\site-packages\sklearn\ensemble\_forest.py:1065, in ForestRegressor.predict(self, X)
   1063 check_is_fitted(self)
   1064 # Check data
-> 1065 X = self._validate_X_predict(X)
   1067 # Assign chunk of trees to jobs
   1068 n_jobs, _, _ = _partition_estimators(self.n_estimators, self.n_jobs)

File ~\Documents\MLCourse\Final Project\.venv\Lib\site-packages\sklearn\ensemble\_forest.py:637, in BaseForest._validate_X_predict(self, X)
    634 else:
    635     ensure_all_finite = True
--> 637 X = validate_data(
    638     self,
    639     X,
    640     dtype=DTYPE,
    641     accept_sparse="csr",
    642     reset=False,
    643     ensure_all_finite=ensure_all_finite,
    644 )
    645 if issparse(X) and (X.indices.dtype != np.intc or X.indptr.dtype != np.intc):
    646     raise ValueError("No support for np.int64 index based sparse matrices")

File ~\Documents\MLCourse\Final Project\.venv\Lib\site-packages\sklearn\utils\validation.py:2923, in validate_data(_estimator, X, y, reset, validate_separately, skip_check_array, **check_params)
   2920     out = X, y
   2922 if not no_val_X and check_params.get("ensure_2d", True):
-> 2923     _check_n_features(_estimator, X, reset=reset)
   2925 return out

File ~\Documents\MLCourse\Final Project\.venv\Lib\site-packages\sklearn\utils\validation.py:2787, in _check_n_features(estimator, X, reset)
   2784     return
   2786 if n_features != estimator.n_features_in_:
-> 2787     raise ValueError(
   2788         f"X has {n_features} features, but {estimator.__class__.__name__} "
   2789         f"is expecting {estimator.n_features_in_} features as input."
   2790     )

ValueError: X has 15 features, but RandomForestRegressor is expecting 43 features as input.

[01:33:01] FAILED nbF_figures rc=1
