Resume run started at 2026-04-14T11:28:40.506809
Starting from: nbF_figures (index 10)

[11:28:40] starting nbF_figures
Input Notebook:  C:\Users\NQTa\Documents\MLCourse\Final Project\notebooks\nbF_figures.ipynb
Output Notebook: C:\Users\NQTa\Documents\MLCourse\Final Project\notebooks\executed\nbF_figures_executed.ipynb

Executing:   0%|          | 0/11 [00:00<?, ?cell/s]Executing notebook with kernel: python3
Executing Cell 1---------------------------------------
Ending Cell 1------------------------------------------

Executing:   9%|9         | 1/11 [00:03<00:30,  3.02s/cell]Executing Cell 2---------------------------------------
Ending Cell 2------------------------------------------

Executing:  18%|#8        | 2/11 [00:06<00:28,  3.14s/cell]Executing Cell 3---------------------------------------
Ending Cell 3------------------------------------------

Executing:  27%|##7       | 3/11 [00:09<00:25,  3.19s/cell]Executing Cell 4---------------------------------------
Ending Cell 4------------------------------------------

Executing:  36%|###6      | 4/11 [00:10<00:15,  2.24s/cell]Executing Cell 5---------------------------------------
Ending Cell 5------------------------------------------

Executing:  45%|####5     | 5/11 [00:11<00:10,  1.75s/cell]
Executing:  45%|####5     | 5/11 [00:11<00:14,  2.40s/cell]
Traceback (most recent call last):
  File "<frozen runpy>", line 198, in _run_module_as_main
  File "<frozen runpy>", line 88, in _run_code
  File "C:\Users\NQTa\Documents\MLCourse\Final Project\.venv\Lib\site-packages\papermill\__main__.py", line 4, in <module>
    papermill()
    ~~~~~~~~~^^
  File "C:\Users\NQTa\Documents\MLCourse\Final Project\.venv\Lib\site-packages\click\core.py", line 1485, in __call__
    return self.main(*args, **kwargs)
           ~~~~~~~~~^^^^^^^^^^^^^^^^^
  File "C:\Users\NQTa\Documents\MLCourse\Final Project\.venv\Lib\site-packages\click\core.py", line 1406, in main
    rv = self.invoke(ctx)
  File "C:\Users\NQTa\Documents\MLCourse\Final Project\.venv\Lib\site-packages\click\core.py", line 1269, in invoke
    return ctx.invoke(self.callback, **ctx.params)
           ~~~~~~~~~~^^^^^^^^^^^^^^^^^^^^^^^^^^^^^
  File "C:\Users\NQTa\Documents\MLCourse\Final Project\.venv\Lib\site-packages\click\core.py", line 824, in invoke
    return callback(*args, **kwargs)
  File "C:\Users\NQTa\Documents\MLCourse\Final Project\.venv\Lib\site-packages\click\decorators.py", line 34, in new_func
    return f(get_current_context(), *args, **kwargs)
  File "C:\Users\NQTa\Documents\MLCourse\Final Project\.venv\Lib\site-packages\papermill\cli.py", line 235, in papermill
    execute_notebook(
    ~~~~~~~~~~~~~~~~^
        input_path=input_path,
        ^^^^^^^^^^^^^^^^^^^^^^
    ...<15 lines>...
        execution_timeout=execution_timeout,
        ^^^^^^^^^^^^^^^^^^^^^^^^^^^^^^^^^^^^
    )
    ^
  File "C:\Users\NQTa\Documents\MLCourse\Final Project\.venv\Lib\site-packages\papermill\execute.py", line 131, in execute_notebook
    raise_for_execution_errors(nb, output_path)
    ~~~~~~~~~~~~~~~~~~~~~~~~~~^^^^^^^^^^^^^^^^^
  File "C:\Users\NQTa\Documents\MLCourse\Final Project\.venv\Lib\site-packages\papermill\execute.py", line 251, in raise_for_execution_errors
    raise error
papermill.exceptions.PapermillExecutionError: 
---------------------------------------------------------------------------
Exception encountered at "In [4]":
---------------------------------------------------------------------------
NameError                                 Traceback (most recent call last)
Cell In[4], line 10
      6 df_te_liq = df_liq.loc[idx_te_liq].copy()
      7 df_opx = pd.read_parquet(DATA_PROC / 'opx_clean_opx_only.parquet')
      8 df_te_opx = df_opx.loc[idx_te_opx].copy()
      9 
---> 10 X_liq_te, _ = feat_fn(df_te_liq, use_liq=True)
     11 X_opx_te, _ = feat_fn(df_te_opx, use_liq=False)
     12 
     13 models = {

NameError: name 'feat_fn' is not defined

[11:28:56] FAILED nbF_figures rc=1
