Resume run started at 2026-04-15T01:28:14.243837
Starting from: nb07_bias_correction (index 7)

[01:28:14] starting nb07_bias_correction
Input Notebook:  C:\Users\NQTa\Documents\MLCourse\Final Project\notebooks\nb07_bias_correction.ipynb
Output Notebook: C:\Users\NQTa\Documents\MLCourse\Final Project\notebooks\executed\nb07_bias_correction_executed.ipynb

Executing:   0%|          | 0/14 [00:00<?, ?cell/s]Executing notebook with kernel: python3
Executing Cell 1---------------------------------------
Ending Cell 1------------------------------------------

Executing:   7%|7         | 1/14 [00:04<00:52,  4.07s/cell]Executing Cell 2---------------------------------------
Ending Cell 2------------------------------------------
Executing Cell 3---------------------------------------
Ending Cell 3------------------------------------------

Executing:  21%|##1       | 3/14 [00:10<00:39,  3.60s/cell]Executing Cell 4---------------------------------------
Ending Cell 4------------------------------------------
Executing Cell 5---------------------------------------
v7 forest opx_liq feature sets: T=alr  P=raw

train n=426 test n=174 features: T=23 P=25

Ending Cell 5------------------------------------------

Executing:  36%|###5      | 5/14 [00:11<00:17,  1.98s/cell]Executing Cell 6---------------------------------------
OOF done. OOF T RMSE = 70.97, OOF P RMSE = 5.39

Ending Cell 6------------------------------------------

Executing:  43%|####2     | 6/14 [00:57<01:49, 13.75s/cell]Executing Cell 7---------------------------------------
target                  track  rmse_train  mae_train  rmse_test  mae_test  r2_test
   T_C               1_raw_rf      14.878      6.598     88.222    60.529    0.596
   T_C 2_linear_trainfit_leak      14.658      7.019     88.423    60.776    0.594
   T_C        3_linear_ooffit      15.001      8.015     88.657    61.437    0.592
   T_C     4_piecewise_ooffit      23.883     17.602     87.941    59.778    0.598
P_kbar               1_raw_rf       1.182      0.437      5.768     3.787    0.642
P_kbar 2_linear_trainfit_leak       1.127      0.560      5.738     3.775    0.646
P_kbar        3_linear_ooffit       1.148      0.620      5.729     3.771    0.647
P_kbar     4_piecewise_ooffit       1.641      1.131      5.706     4.166    0.650

Ending Cell 7------------------------------------------
Executing Cell 8---------------------------------------
Ending Cell 8------------------------------------------
Executing Cell 9---------------------------------------
Paired bootstrap delta-RMSE (raw RF -> piecewise OOF-fit) on test set, B=2000:
target  rmse_raw_rf  rmse_piecewise  delta_rmse_point  delta_rmse_boot_median  delta_rmse_ci_lo  delta_rmse_ci_hi  ci_contains_zero                                   interpretation
   T_C      88.2218         87.9411            0.2808                  0.3652           -2.3573            2.6165              True NULL: piecewise correction within sampling noise
P_kbar       5.7677          5.7060            0.0617                  0.0565           -0.1321            0.2559              True NULL: piecewise correction within sampling noise

[NULL] T_C: delta-RMSE point = +0.281 C, 95% CI [-2.357, +2.617] C
[NULL] P_kbar: delta-RMSE point = +0.062 kbar, 95% CI [-0.132, +0.256] kbar

Ending Cell 9------------------------------------------

Executing:  64%|######4   | 9/14 [00:57<00:32,  6.43s/cell]Executing Cell 10--------------------------------------
target           track  coverage_68  rmse_median
   T_C A_trainfit_leak        1.000       18.602
   T_C    B_oof_honest        0.765       71.029
   T_C          C_test        0.707       88.464
P_kbar A_trainfit_leak        0.998        1.263
P_kbar    B_oof_honest        0.756        5.465
P_kbar          C_test        0.713        5.901

Ending Cell 10-----------------------------------------

Executing:  71%|#######1  | 10/14 [02:01<01:12, 18.13s/cell]Executing Cell 11--------------------------------------
Ending Cell 11-----------------------------------------
Executing Cell 12--------------------------------------
Multi-alpha split-conformal calibration:
target  alpha  nominal_coverage    q_hat  empirical_coverage
P_kbar   0.32              0.68   2.5000              0.5517
   T_C   0.32              0.68  40.0000              0.5000
P_kbar   0.20              0.80   5.0000              0.7356
   T_C   0.20              0.80  65.0000              0.6609
P_kbar   0.10              0.90  10.0000              0.9195
   T_C   0.10              0.90 107.7500              0.8333
P_kbar   0.05              0.95  17.5667              0.9828
   T_C   0.05              0.95 148.3333              0.9195

Primary manuscript intervals (nominal 90%):
  q_hat_P_90 = 10.00 kbar  empirical 92.0%
  q_hat_T_90 = 107.8 C     empirical 83.3%

Ending Cell 12-----------------------------------------

Executing:  86%|########5 | 12/14 [02:08<00:25, 12.66s/cell]Executing Cell 13--------------------------------------
Saved test predictions n=174 to nb07_test_predictions.csv

Ending Cell 13-----------------------------------------
Executing Cell 14--------------------------------------
=== NB07 complete ===
  winning feature set: alr
  AB test tracks: ['1_raw_rf', '2_linear_trainfit_leak', '3_linear_ooffit', '4_piecewise_ooffit']
  QRF coverage tracks: ['A_trainfit_leak', 'B_oof_honest', 'C_test']
  conformal alphas: [0.05, 0.1, 0.2, 0.32]
  bias-correction null test: saved

Ending Cell 14-----------------------------------------

Executing: 100%|##########| 14/14 [02:08<00:00,  8.33s/cell]
Executing: 100%|##########| 14/14 [02:08<00:00,  9.21s/cell]
[01:30:26] OK nb07_bias_correction

[01:30:26] starting nb08_natural_samples
Input Notebook:  C:\Users\NQTa\Documents\MLCourse\Final Project\notebooks\nb08_natural_samples.ipynb
Output Notebook: C:\Users\NQTa\Documents\MLCourse\Final Project\notebooks\executed\nb08_natural_samples_executed.ipynb
Traceback (most recent call last):
  File "C:\Users\NQTa\Documents\MLCourse\Final Project\.venv\Lib\site-packages\papermill\iorw.py", line 199, in read
    json.loads(path)
    ~~~~~~~~~~^^^^^^
  File "C:\Program Files\WindowsApps\PythonSoftwareFoundation.Python.3.13_3.13.3312.0_x64__qbz5n2kfra8p0\Lib\json\__init__.py", line 352, in loads
    return _default_decoder.decode(s)
           ~~~~~~~~~~~~~~~~~~~~~~~^^^
  File "C:\Program Files\WindowsApps\PythonSoftwareFoundation.Python.3.13_3.13.3312.0_x64__qbz5n2kfra8p0\Lib\json\decoder.py", line 345, in decode
    obj, end = self.raw_decode(s, idx=_w(s, 0).end())
               ~~~~~~~~~~~~~~~^^^^^^^^^^^^^^^^^^^^^^^
  File "C:\Program Files\WindowsApps\PythonSoftwareFoundation.Python.3.13_3.13.3312.0_x64__qbz5n2kfra8p0\Lib\json\decoder.py", line 363, in raw_decode
    raise JSONDecodeError("Expecting value", s, err.value) from None
json.decoder.JSONDecodeError: Expecting value: line 1 column 1 (char 0)

During handling of the above exception, another exception occurred:

Traceback (most recent call last):
  File "<frozen runpy>", line 198, in _run_module_as_main
  File "<frozen runpy>", line 88, in _run_code
  File "C:\Users\NQTa\Documents\MLCourse\Final Project\.venv\Lib\site-packages\papermill\__main__.py", line 4, in <module>
    papermill()
    ~~~~~~~~~^^
  File "C:\Users\NQTa\Documents\MLCourse\Final Project\.venv\Lib\site-packages\click\core.py", line 1485, in __call__
    return self.main(*args, **kwargs)
           ~~~~~~~~~^^^^^^^^^^^^^^^^^
  File "C:\Users\NQTa\Documents\MLCourse\Final Project\.venv\Lib\site-packages\click\core.py", line 1406, in main
    rv = self.invoke(ctx)
  File "C:\Users\NQTa\Documents\MLCourse\Final Project\.venv\Lib\site-packages\click\core.py", line 1269, in invoke
    return ctx.invoke(self.callback, **ctx.params)
           ~~~~~~~~~~^^^^^^^^^^^^^^^^^^^^^^^^^^^^^
  File "C:\Users\NQTa\Documents\MLCourse\Final Project\.venv\Lib\site-packages\click\core.py", line 824, in invoke
    return callback(*args, **kwargs)
  File "C:\Users\NQTa\Documents\MLCourse\Final Project\.venv\Lib\site-packages\click\decorators.py", line 34, in new_func
    return f(get_current_context(), *args, **kwargs)
  File "C:\Users\NQTa\Documents\MLCourse\Final Project\.venv\Lib\site-packages\papermill\cli.py", line 235, in papermill
    execute_notebook(
    ~~~~~~~~~~~~~~~~^
        input_path=input_path,
        ^^^^^^^^^^^^^^^^^^^^^^
    ...<15 lines>...
        execution_timeout=execution_timeout,
        ^^^^^^^^^^^^^^^^^^^^^^^^^^^^^^^^^^^^
    )
    ^
  File "C:\Users\NQTa\Documents\MLCourse\Final Project\.venv\Lib\site-packages\papermill\execute.py", line 89, in execute_notebook
    nb = load_notebook_node(input_path)
  File "C:\Users\NQTa\Documents\MLCourse\Final Project\.venv\Lib\site-packages\papermill\iorw.py", line 499, in load_notebook_node
    nb = nbformat.reads(papermill_io.read(notebook_path), as_version=4)
                        ~~~~~~~~~~~~~~~~~^^^^^^^^^^^^^^^
  File "C:\Users\NQTa\Documents\MLCourse\Final Project\.venv\Lib\site-packages\papermill\iorw.py", line 96, in read
    notebook_metadata = self.get_handler(path, extensions).read(path)
  File "C:\Users\NQTa\Documents\MLCourse\Final Project\.venv\Lib\site-packages\papermill\iorw.py", line 203, in read
    raise e
  File "C:\Users\NQTa\Documents\MLCourse\Final Project\.venv\Lib\site-packages\papermill\iorw.py", line 193, in read
    with open(path, encoding="utf-8") as f:
         ~~~~^^^^^^^^^^^^^^^^^^^^^^^^
FileNotFoundError: [Errno 2] No such file or directory: 'C:\\Users\\NQTa\\Documents\\MLCourse\\Final Project\\notebooks\\nb08_natural_samples.ipynb'
[01:30:29] FAILED nb08_natural_samples rc=1
