Input Notebook:  notebooks/nb04_putirka_benchmark.ipynb
Output Notebook: notebooks/executed/nb04_putirka_benchmark_executed.ipynb
Executing:   0%|          | 0/28 [00:00<?, ?cell/s]Executing notebook with kernel: python3
Executing Cell 1---------------------------------------
Ending Cell 1------------------------------------------
Executing:   4%|3         | 1/28 [00:05<02:24,  5.34s/cell]Executing Cell 2---------------------------------------
Ending Cell 2------------------------------------------
Executing Cell 3---------------------------------------
Ending Cell 3------------------------------------------
Executing:  11%|#         | 3/28 [00:09<01:14,  2.96s/cell]Executing Cell 4---------------------------------------
Ending Cell 4------------------------------------------
Executing:  14%|#4        | 4/28 [00:09<00:48,  2.01s/cell]Executing Cell 5---------------------------------------
Forest-family opx-liq: T uses RF/alr, P uses RF/raw

Ending Cell 5------------------------------------------
Executing:  18%|#7        | 5/28 [00:10<00:34,  1.51s/cell]Executing Cell 6---------------------------------------
Test set: 174 experiments from 19 studies

Ending Cell 6------------------------------------------
Executing:  21%|##1       | 6/28 [00:10<00:23,  1.09s/cell]Executing Cell 7---------------------------------------
Ending Cell 7------------------------------------------
Executing Cell 8---------------------------------------
Ending Cell 8------------------------------------------
Executing Cell 9---------------------------------------
Option 2 (true P/T as input):

  28a: n_valid=159, mean=1302
  28b: n_valid=161, mean=1294
  29a: n_valid=126, mean=11.1
  29c: n_valid=145, mean=10.4

Ending Cell 9------------------------------------------
Executing:  32%|###2      | 9/28 [00:11<00:10,  1.79cell/s]Executing Cell 10--------------------------------------
Option 1 (iterative):

  columns: ['P_kbar_calc', 'T_K_calc', 'Delta_P_kbar_Iter', 'Delta_T_K_Iter']
  T_iter n_valid=126, mean=1303
  P_iter n_valid=126, mean=11.4

Ending Cell 10-----------------------------------------
Executing:  36%|###5      | 10/28 [00:11<00:10,  1.75cell/s]Executing Cell 11--------------------------------------
ML: T RMSE=87.55, R2=0.602
ML: P RMSE=5.39, R2=0.687
Option 3 (ML-P fed to Putirka T, ML-T fed to Putirka P):

  T_put_mlP mean=1308
  P_put_mlT mean=11.2

Ending Cell 11-----------------------------------------
Executing:  39%|###9      | 11/28 [00:12<00:10,  1.59cell/s]Executing Cell 12--------------------------------------
T: all-method valid on 124/174
P: all-method valid on 107/174

FAIR comparison:
                        Method Target   RMSE    MAE    R2  n_test
          Putirka 28a (true P)      T 77.050 42.718 0.631     124
  Putirka 28b_opx_sat (true P)      T 81.432 49.497 0.587     124
   Putirka iterative (28a+29a)      T 77.842 49.592 0.623     124
            Putirka 28a (ML P)      T 79.854 52.676 0.603     124
                 ML-RF opx-liq      T 88.289 60.174 0.515     124
          Putirka 29a (true T)      P  3.834  2.950 0.780     107
Putirka 29c (opx-only, true T)      P  4.963  3.842 0.631     107
   Putirka iterative (28a+29a)      P  3.818  2.918 0.782     107
            Putirka 29a (ML T)      P  3.668  2.739 0.799     107
                 ML-RF opx-liq      P  4.510  3.520 0.695     107

Ending Cell 12-----------------------------------------
Executing Cell 13--------------------------------------
PRACTICAL comparison:
                  Method Target   RMSE    MAE    R2  n_test  failure_pct
ML-RF opx-liq (all test)      T 87.545 60.014 0.602     174        0.000
ML-RF opx-liq (all test)      P  5.394  3.993 0.687     174        0.000
    Putirka failure rate      T    NaN    NaN   NaN      50       28.736
    Putirka failure rate      P    NaN    NaN   NaN      67       38.506

Ending Cell 13-----------------------------------------
Executing:  46%|####6     | 13/28 [00:12<00:06,  2.48cell/s]Executing Cell 14--------------------------------------
Wrote legacy results/nb04_putirka_vs_ml.csv (174 rows)

Ending Cell 14-----------------------------------------
Executing Cell 15--------------------------------------
Ending Cell 15-----------------------------------------
Executing Cell 16--------------------------------------
N_full = 174
T putirka_valid = 124, P putirka_valid = 107
T intersection  = 124, P intersection  = 107

Unified benchmark (RMSE with 95% bootstrap CI, B=2000):

--- target = T ---
        scope                       method   n              rmse_str  failure_pct
         full         Putirka 28a (true P) 159  69.73 [49.79, 88.62]     8.620690
         full Putirka 28b_opx_sat (true P) 161  77.22 [59.17, 95.01]     7.471264
         full  Putirka iterative (28a+29a) 126  77.33 [57.07, 97.31]    27.586207
         full           Putirka 28a (ML P) 161  74.50 [56.50, 90.77]     7.471264
         full                ML-RF opx-liq 174 87.55 [72.60, 102.21]     0.000000
putirka_valid         Putirka 28a (true P) 124  77.05 [54.51, 99.65]     8.620690
putirka_valid Putirka 28b_opx_sat (true P) 124 81.43 [59.64, 102.86]     7.471264
putirka_valid  Putirka iterative (28a+29a) 124  77.84 [57.33, 97.54]    27.586207
putirka_valid           Putirka 28a (ML P) 124  79.85 [59.03, 98.41]     7.471264
putirka_valid                ML-RF opx-liq 124 88.29 [70.31, 107.97]     0.000000
 intersection         Putirka 28a (true P) 124  77.05 [52.99, 98.39]     8.620690
 intersection Putirka 28b_opx_sat (true P) 124 81.43 [58.60, 102.72]     7.471264
 intersection  Putirka iterative (28a+29a) 124  77.84 [57.55, 97.24]    27.586207
 intersection           Putirka 28a (ML P) 124 79.85 [59.71, 100.69]     7.471264
 intersection                ML-RF opx-liq 124 88.29 [69.33, 108.12]     0.000000

--- target = P ---
        scope                         method   n          rmse_str  failure_pct
         full           Putirka 29a (true T) 126 4.75 [3.78, 5.71]    27.586207
         full Putirka 29c (opx-only, true T) 145 4.84 [4.24, 5.41]    16.666667
         full    Putirka iterative (28a+29a) 126 4.89 [3.86, 5.90]    27.586207
         full             Putirka 29a (ML T) 125 5.12 [3.83, 6.33]    28.160920
         full                  ML-RF opx-liq 174 5.39 [4.67, 6.08]     0.000000
putirka_valid           Putirka 29a (true T) 107 3.83 [3.29, 4.38]    27.586207
putirka_valid Putirka 29c (opx-only, true T) 107 4.96 [4.25, 5.66]    16.666667
putirka_valid    Putirka iterative (28a+29a) 107 3.82 [3.25, 4.37]    27.586207
putirka_valid             Putirka 29a (ML T) 107 3.67 [3.05, 4.24]    28.160920
putirka_valid                  ML-RF opx-liq 107 4.51 [3.90, 5.13]     0.000000
 intersection           Putirka 29a (true T) 107 3.83 [3.27, 4.42]    27.586207
 intersection Putirka 29c (opx-only, true T) 107 4.96 [4.30, 5.69]    16.666667
 intersection    Putirka iterative (28a+29a) 107 3.82 [3.22, 4.37]    27.586207
 intersection             Putirka 29a (ML T) 107 3.67 [3.07, 4.25]    28.160920
 intersection                  ML-RF opx-liq 107 4.51 [3.88, 5.10]     0.000000

Ending Cell 16-----------------------------------------
Executing:  57%|#####7    | 16/28 [00:13<00:03,  3.51cell/s]Executing Cell 17--------------------------------------
Paired Wilcoxon signed-rank on |residuals| (ML vs Putirka variant,
intersection scope, B=2000 paired bootstrap for Delta-RMSE CI):
delta_rmse > 0 => ML is better (lower error).

target                          ml_vs  n_pairs  wilcoxon_stat  p_value  delta_rmse  delta_ci_lo  delta_ci_hi
     T           Putirka 28a (true P)      124         2222.0   0.0000    -11.2396     -21.3581      -2.9284
     T   Putirka 28b_opx_sat (true P)      124         3221.0   0.1029     -6.8576     -16.2491       0.7705
     T    Putirka iterative (28a+29a)      124         2742.0   0.0047    -10.4473     -18.1123      -3.5680
     T             Putirka 28a (ML P)      124         3258.0   0.1239     -8.4350     -15.8107      -2.0877
     P           Putirka 29a (true T)      107         2070.0   0.0109     -0.6764      -1.3097      -0.0427
     P Putirka 29c (opx-only, true T)      107         2565.0   0.3139      0.4524      -0.4359       1.3865
     P    Putirka iterative (28a+29a)      107         2083.0   0.0122     -0.6920      -1.2727      -0.1165
     P             Putirka 29a (ML T)      107         1889.0   0.0019     -0.8427      -1.4332      -0.2439

Ending Cell 17-----------------------------------------
Executing:  61%|######    | 17/28 [00:13<00:02,  3.90cell/s]Executing Cell 18--------------------------------------
Putirka convergence: 124 / 174 (failure rate 28.7%)

Mann-Whitney U, converged vs failed samples (sorted by p):
  feature  n_converged  n_failed  mean_converged  mean_failed  mannwhitney_U  p_value
      T_C          124        50       1271.5776    1345.7900         2010.5   0.0003
  liq_MgO          124        50         10.2961      12.0216         2265.5   0.0055
FeO_total          124        50          8.9697       7.5930         3886.0   0.0090
liq_Al2O3          124        50         15.0922      13.8792         3858.0   0.0118
     SiO2          124        50         54.1235      55.0491         2463.0   0.0343
      CaO          124        50          1.7037       1.5199         3665.0   0.0605
    Al2O3          124        50          4.4089       3.7349         3587.0   0.1057
   P_kbar          124        50         11.5793      12.0803         3385.5   0.3399
      MgO          124        50         30.0690      31.2371         2823.5   0.3587
  liq_CaO          124        50          9.0952       9.1309         2980.0   0.6911
 liq_SiO2          124        50         50.6040      50.8728         2981.0   0.6935

Ending Cell 18-----------------------------------------
Executing:  64%|######4   | 18/28 [00:13<00:02,  4.45cell/s]Executing Cell 19--------------------------------------
Ending Cell 19-----------------------------------------
Executing:  68%|######7   | 19/28 [00:14<00:04,  2.11cell/s]Executing:  68%|######7   | 19/28 [00:15<00:07,  1.23cell/s]
Traceback (most recent call last):
  File "<frozen runpy>", line 198, in _run_module_as_main
  File "<frozen runpy>", line 88, in _run_code
  File "C:\Users\NQTa\Documents\MLCourse\Final Project\.venv\Lib\site-packages\papermill\__main__.py", line 4, in <module>
    papermill()
    ~~~~~~~~~^^
  File "C:\Users\NQTa\Documents\MLCourse\Final Project\.venv\Lib\site-packages\click\core.py", line 1485, in __call__
    return self.main(*args, **kwargs)
           ~~~~~~~~~^^^^^^^^^^^^^^^^^
  File "C:\Users\NQTa\Documents\MLCourse\Final Project\.venv\Lib\site-packages\click\core.py", line 1406, in main
    rv = self.invoke(ctx)
  File "C:\Users\NQTa\Documents\MLCourse\Final Project\.venv\Lib\site-packages\click\core.py", line 1269, in invoke
    return ctx.invoke(self.callback, **ctx.params)
           ~~~~~~~~~~^^^^^^^^^^^^^^^^^^^^^^^^^^^^^
  File "C:\Users\NQTa\Documents\MLCourse\Final Project\.venv\Lib\site-packages\click\core.py", line 824, in invoke
    return callback(*args, **kwargs)
  File "C:\Users\NQTa\Documents\MLCourse\Final Project\.venv\Lib\site-packages\click\decorators.py", line 34, in new_func
    return f(get_current_context(), *args, **kwargs)
  File "C:\Users\NQTa\Documents\MLCourse\Final Project\.venv\Lib\site-packages\papermill\cli.py", line 235, in papermill
    execute_notebook(
    ~~~~~~~~~~~~~~~~^
        input_path=input_path,
        ^^^^^^^^^^^^^^^^^^^^^^
    ...<15 lines>...
        execution_timeout=execution_timeout,
        ^^^^^^^^^^^^^^^^^^^^^^^^^^^^^^^^^^^^
    )
    ^
  File "C:\Users\NQTa\Documents\MLCourse\Final Project\.venv\Lib\site-packages\papermill\execute.py", line 131, in execute_notebook
    raise_for_execution_errors(nb, output_path)
    ~~~~~~~~~~~~~~~~~~~~~~~~~~^^^^^^^^^^^^^^^^^
  File "C:\Users\NQTa\Documents\MLCourse\Final Project\.venv\Lib\site-packages\papermill\execute.py", line 251, in raise_for_execution_errors
    raise error
papermill.exceptions.PapermillExecutionError: 
---------------------------------------------------------------------------
Exception encountered at "In [16]":
---------------------------------------------------------------------------
NameError                                 Traceback (most recent call last)
Cell In[16], line 17
     13 
     14 apply_style()
     15 
     16 # ---- Build ArcPL three-phase paired scope (cpx + opx + liq) ----
---> 17 _scope = cpx.merge(liq, on='Experiment', how='inner',
     18                    suffixes=('', '_liq_dup'))
     19 _scope = _scope.merge(opx, on='Experiment', how='inner',
     20                       suffixes=('', '_opx_dup'))

NameError: name 'cpx' is not defined

